running train and test for 1 layers sum
1 -0.0112
2 0.0018
3 0.0039
4 0.0121
5 0.0136
6 0.0150
7 0.0128
8 0.0123
9 0.0154
10 0.0149
11 0.0164
12 0.0171
13 0.0157
14 0.0162
15 0.0126
16 0.0156
17 0.0151
18 0.0173
19 0.0162
20 0.0160
21 0.0150
22 0.0184
23 0.0178
24 0.0176
25 0.0181
26 0.0175
27 0.0169
28 0.0175
29 0.0164
30 0.0178
31 0.0216
32 0.0220
33 0.0205
34 0.0142
35 0.0207
36 0.0161
37 0.0164
38 0.0184
39 0.0191
40 0.0191
41 0.0162
42 0.0199
43 0.0143
44 0.0164
45 0.0183
46 0.0156
47 0.0166
48 0.0204
49 0.0203
50 0.0182
51 0.0179
52 0.0224
53 0.0168
54 0.0177
55 0.0179
56 0.0190
57 0.0170
58 0.0190
59 0.0173
60 0.0198
61 0.0160
62 0.0196
63 0.0197
64 0.0218
65 0.0183
66 0.0210
67 0.0195
68 0.0175
69 0.0208
70 0.0176
71 0.0155
72 0.0220
73 0.0163
74 0.0175
75 0.0205
76 0.0214
77 0.0190
78 0.0198
79 0.0172
80 0.0155
81 0.0158
82 0.0181
83 0.0173
84 0.0199
85 0.0219
86 0.0157
87 0.0182
88 0.0226
89 0.0192
90 0.0171
91 0.0178
92 0.0197
93 0.0204
94 0.0158
95 0.0183
96 0.0186
97 0.0220
98 0.0159
99 0.0221
100 0.0168
1 layers sum: 	 train MI 0.0168 (approx 0.6291, true 0.0144) 	 test MI 0.0139 (approx 0.6064, true 0.0111)	 energy res train 3.24 	 energy res test 3.80

running train and test for 2 layers sum
1 -0.0477
2 -0.0010
3 0.0085
4 0.0169
5 0.0185
6 0.0175
7 0.0257
8 0.0220
9 0.0293
10 0.0235
11 0.0259
12 0.0225
13 0.0211
14 0.0193
15 0.0241
16 0.0237
17 0.0270
18 0.0241
19 0.0224
20 0.0235
21 0.0260
22 0.0262
23 0.0223
24 0.0241
25 0.0221
26 0.0258
27 0.0199
28 0.0261
29 0.0238
30 0.0250
31 0.0272
32 0.0276
33 0.0288
34 0.0273
35 0.0294
36 0.0238
37 0.0281
38 0.0253
39 0.0215
40 0.0276
41 0.0245
42 0.0226
43 0.0245
44 0.0287
45 0.0328
46 0.0272
47 0.0291
48 0.0263
49 0.0264
50 0.0293
51 0.0313
52 0.0293
53 0.0269
54 0.0258
55 0.0245
56 0.0217
57 0.0267
58 0.0293
59 0.0269
60 0.0256
61 0.0273
62 0.0296
63 0.0273
64 0.0291
65 0.0262
66 0.0223
67 0.0264
68 0.0247
69 0.0272
70 0.0279
71 0.0254
72 0.0264
73 0.0287
74 0.0226
75 0.0305
76 0.0302
77 0.0262
78 0.0302
79 0.0264
80 0.0275
81 0.0306
82 0.0289
83 0.0283
84 0.0287
85 0.0302
86 0.0297
87 0.0243
88 0.0251
89 0.0300
90 0.0302
91 0.0288
92 0.0264
93 0.0314
94 0.0312
95 0.0288
96 0.0251
97 0.0324
98 0.0253
99 0.0301
100 0.0326
2 layers sum: 	 train MI 0.0326 (approx 0.5854, true 0.0169) 	 test MI 0.0202 (approx 0.5842, true 0.0269)	 energy res train 2.43 	 energy res test 2.66

running train and test for 3 layers sum
1 -0.0449
2 0.0084
3 0.0212
4 0.0242
5 0.0278
6 0.0389
7 0.0338
8 0.0344
9 0.0325
10 0.0384
11 0.0362
12 0.0351
13 0.0312
14 0.0359
15 0.0399
16 0.0325
17 0.0359
18 0.0384
19 0.0364
20 0.0329
21 0.0327
22 0.0417
23 0.0322
24 0.0447
25 0.0411
26 0.0392
27 0.0382
28 0.0371
29 0.0330
30 0.0407
31 0.0451
32 0.0378
33 0.0411
34 0.0363
35 0.0341
36 0.0332
37 0.0409
38 0.0350
39 0.0383
40 0.0405
41 0.0383
42 0.0357
43 0.0382
44 0.0387
45 0.0392
46 0.0390
47 0.0377
48 0.0354
49 0.0406
50 0.0317
51 0.0378
52 0.0358
53 0.0280
54 0.0350
55 0.0355
56 0.0333
57 0.0390
58 0.0391
59 0.0398
60 0.0334
61 0.0298
62 0.0365
63 0.0392
64 0.0370
65 0.0350
66 0.0384
67 0.0345
68 0.0328
69 0.0358
70 0.0358
71 0.0328
72 0.0338
73 0.0377
74 0.0365
75 0.0329
76 0.0342
77 0.0345
78 0.0327
79 0.0352
80 0.0352
81 0.0364
82 0.0413
83 0.0339
84 0.0340
85 0.0366
86 0.0350
87 0.0358
88 0.0365
89 0.0311
90 0.0396
91 0.0331
92 0.0334
93 0.0342
94 0.0322
95 0.0318
96 0.0364
97 0.0347
98 0.0356
99 0.0380
100 0.0339
3 layers sum: 	 train MI 0.0339 (approx 0.5585, true 0.0281) 	 test MI 0.0431 (approx 0.5510, true 0.0347)	 energy res train 2.09 	 energy res test 2.17

running train and test for 4 layers sum
1 -0.1121
2 -0.0062
3 0.0295
4 0.0342
5 0.0479
6 0.0488
7 0.0484
8 0.0512
9 0.0519
10 0.0555
11 0.0544
12 0.0607
13 0.0609
14 0.0576
15 0.0514
16 0.0540
17 0.0561
18 0.0535
19 0.0563
20 0.0523
21 0.0515
22 0.0538
23 0.0549
24 0.0573
25 0.0555
26 0.0562
27 0.0630
28 0.0612
29 0.0619
30 0.0583
31 0.0595
32 0.0579
33 0.0502
34 0.0560
35 0.0610
36 0.0619
37 0.0523
38 0.0605
39 0.0553
40 0.0608
41 0.0586
42 0.0518
43 0.0579
44 0.0558
45 0.0600
46 0.0570
47 0.0615
48 0.0568
49 0.0624
50 0.0574
51 0.0597
52 0.0664
53 0.0587
54 0.0497
55 0.0608
56 0.0530
57 0.0556
58 0.0608
59 0.0576
60 0.0574
61 0.0519
62 0.0562
63 0.0678
64 0.0596
65 0.0595
66 0.0579
67 0.0562
68 0.0576
69 0.0597
70 0.0601
71 0.0606
72 0.0547
73 0.0579
74 0.0564
75 0.0588
76 0.0580
77 0.0650
78 0.0558
79 0.0555
80 0.0525
81 0.0649
82 0.0550
83 0.0515
84 0.0609
85 0.0591
86 0.0570
87 0.0569
88 0.0605
89 0.0524
90 0.0560
91 0.0539
92 0.0516
93 0.0548
94 0.0576
95 0.0528
96 0.0638
97 0.0570
98 0.0538
99 0.0607
100 0.0623
4 layers sum: 	 train MI 0.0623 (approx 0.5412, true 0.0388) 	 test MI 0.0633 (approx 0.5349, true 0.0649)	 energy res train 1.84 	 energy res test 1.89

running train and test for 5 layers sum
1 -0.6329
2 -0.3310
3 0.0312
4 0.0524
5 0.0637
6 0.0659
7 0.0697
8 0.0750
9 0.0795
10 0.0764
11 0.0809
12 0.0783
13 0.0702
14 0.0842
15 0.0788
16 0.0829
17 0.0777
18 0.0750
19 0.0808
20 0.0839
21 0.0829
22 0.0856
23 0.0830
24 0.0835
25 0.0803
26 0.0785
27 0.0829
28 0.0858
29 0.0809
30 0.0755
31 0.0737
32 0.0846
33 0.0875
34 0.0834
35 0.0793
36 0.0821
37 0.0772
38 0.0848
39 0.0828
40 0.0788
41 0.0904
42 0.0900
43 0.0787
44 0.0853
45 0.0803
46 0.0814
47 0.0818
48 0.0916
49 0.0835
50 0.0748
51 0.0871
52 0.0848
53 0.0785
54 0.0847
55 0.0927
56 0.0882
57 0.0837
58 0.0834
59 0.0826
60 0.0822
61 0.0818
62 0.0818
63 0.0802
64 0.0794
65 0.0822
66 0.0752
67 0.0774
68 0.0813
69 0.0866
70 0.0901
71 0.0886
72 0.0871
73 0.0841
74 0.0778
75 0.0864
76 0.0803
77 0.0830
78 0.0815
79 0.0842
80 0.0781
81 0.0790
82 0.0914
83 0.0895
84 0.0852
85 0.0882
86 0.0735
87 0.0888
88 0.0829
89 0.0777
90 0.0847
91 0.0881
92 0.0806
93 0.0830
94 0.0820
95 0.0813
96 0.0805
97 0.0835
98 0.0907
99 0.0858
100 0.0767
5 layers sum: 	 train MI 0.0767 (approx 0.5328, true 0.0744) 	 test MI 0.0873 (approx 0.5284, true 0.0870)	 energy res train 1.69 	 energy res test 1.71

running train and test for 6 layers sum
1 -0.6489
2 -0.0138
3 0.0605
4 0.0695
5 0.0891
6 0.0959
7 0.0987
8 0.1023
9 0.0982
10 0.1010
11 0.1045
12 0.1043
13 0.1036
14 0.1007
15 0.1072
16 0.0982
17 0.1106
18 0.1036
19 0.1113
20 0.1065
21 0.1061
22 0.1139
23 0.1016
24 0.1109
25 0.1157
26 0.1117
27 0.1173
28 0.1052
29 0.1037
30 0.1087
31 0.1057
32 0.1175
33 0.1129
34 0.1093
35 0.1069
36 0.1121
37 0.1177
38 0.1023
39 0.1136
40 0.1090
41 0.1081
42 0.1113
43 0.1114
44 0.1099
45 0.1148
46 0.1189
47 0.1198
48 0.1138
49 0.1130
50 0.1160
51 0.1076
52 0.1162
53 0.1171
54 0.1030
55 0.1064
56 0.1157
57 0.1199
58 0.1080
59 0.1048
60 0.1024
61 0.1122
62 0.1016
63 0.1089
64 0.1169
65 0.1151
66 0.1091
67 0.1102
68 0.1042
69 0.1096
70 0.1072
71 0.1197
72 0.1130
73 0.1154
74 0.1129
75 0.1115
76 0.1156
77 0.1119
78 0.1041
79 0.1128
80 0.1121
81 0.1076
82 0.1024
83 0.1137
84 0.1082
85 0.1185
86 0.1046
87 0.1100
88 0.1188
89 0.1085
90 0.1070
91 0.1063
92 0.1080
93 0.1082
94 0.1112
95 0.1072
96 0.1039
97 0.1206
98 0.1088
99 0.1129
100 0.1169
6 layers sum: 	 train MI 0.1169 (approx 0.5261, true 0.0776) 	 test MI 0.1072 (approx 0.5256, true 0.1013)	 energy res train 1.56 	 energy res test 1.56

running train and test for 7 layers sum
1 -0.8134
2 -0.0946
3 -0.0398
4 0.0820
5 0.1121
6 0.1141
7 0.1231
8 0.1247
9 0.1346
10 0.1201
11 0.1283
12 0.1364
13 0.1295
14 0.1352
15 0.1359
16 0.1348
17 0.1352
18 0.1360
19 0.1371
20 0.1381
21 0.1394
22 0.1362
23 0.1442
24 0.1510
25 0.1467
26 0.1453
27 0.1414
28 0.1412
29 0.1506
30 0.1466
31 0.1427
32 0.1497
33 0.1371
34 0.1431
35 0.1497
36 0.1388
37 0.1461
38 0.1476
39 0.1450
40 0.1506
41 0.1428
42 0.1461
43 0.1410
44 0.1419
45 0.1477
46 0.1465
47 0.1434
48 0.1451
49 0.1471
50 0.1438
51 0.1417
52 0.1479
53 0.1438
54 0.1490
55 0.1410
56 0.1469
57 0.1396
58 0.1468
59 0.1480
60 0.1436
61 0.1535
62 0.1403
63 0.1433
64 0.1462
65 0.1469
66 0.1446
67 0.1521
68 0.1497
69 0.1442
70 0.1347
71 0.1427
72 0.1551
73 0.1517
74 0.1389
75 0.1354
76 0.1533
77 0.1487
78 0.1481
79 0.1466
80 0.1351
81 0.1503
82 0.1418
83 0.1440
84 0.1367
85 0.1472
86 0.1418
87 0.1466
88 0.1486
89 0.1523
90 0.1540
91 0.1503
92 0.1494
93 0.1473
94 0.1500
95 0.1427
96 0.1421
97 0.1453
98 0.1410
99 0.1389
100 0.1418
7 layers sum: 	 train MI 0.1418 (approx 0.5238, true 0.1124) 	 test MI 0.1616 (approx 0.5247, true 0.1135)	 energy res train 1.45 	 energy res test 1.45

running train and test for 8 layers sum
1 -1.3291
2 -1.2547
3 -0.0662
4 0.0536
5 0.1223
6 0.1446
7 0.1453
8 0.1476
9 0.1736
10 0.1561
11 0.1575
12 0.1619
13 0.1580
14 0.1824
15 0.1639
16 0.1734
17 0.1628
18 0.1677
19 0.1607
20 0.1742
21 0.1710
22 0.1732
23 0.1694
24 0.1672
25 0.1626
26 0.1758
27 0.1662
28 0.1661
29 0.1713
30 0.1815
31 0.1757
32 0.1741
33 0.1689
34 0.1758
35 0.1784
36 0.1730
37 0.1728
38 0.1689
39 0.1803
40 0.1769
41 0.1764
42 0.1674
43 0.1667
44 0.1656
45 0.1789
46 0.1721
47 0.1731
48 0.1731
49 0.1761
50 0.1659
51 0.1710
52 0.1875
53 0.1817
54 0.1829
55 0.1746
56 0.1845
57 0.1729
58 0.1677
59 0.1800
60 0.1667
61 0.1787
62 0.1909
63 0.1678
64 0.1863
65 0.1714
66 0.1763
67 0.1746
68 0.1777
69 0.1821
70 0.1795
71 0.1786
72 0.1795
73 0.1844
74 0.1828
75 0.1874
76 0.1789
77 0.1798
78 0.1885
79 0.1896
80 0.1823
81 0.1814
82 0.1840
83 0.1811
84 0.1707
85 0.1670
86 0.1757
87 0.1833
88 0.1694
89 0.1703
90 0.1711
91 0.1891
92 0.1764
93 0.1872
94 0.1742
95 0.1855
96 0.1776
97 0.1739
98 0.1873
99 0.1793
100 0.1909
8 layers sum: 	 train MI 0.1909 (approx 0.5229, true 0.1347) 	 test MI 0.1742 (approx 0.5232, true 0.1481)	 energy res train 1.35 	 energy res test 1.35

running train and test for 9 layers sum
1 -0.2196
2 -0.6641
3 0.0939
4 0.1080
5 0.1539
6 0.1525
7 0.1731
8 0.1794
9 0.1828
10 0.1946
11 0.2038
12 0.1884
13 0.2023
14 0.2103
15 0.2029
16 0.2082
17 0.1990
18 0.2035
19 0.2143
20 0.2006
21 0.2133
22 0.1965
23 0.2060
24 0.2239
25 0.1960
26 0.2136
27 0.1995
28 0.2208
29 0.2159
30 0.2223
31 0.2134
32 0.2233
33 0.2206
34 0.2197
35 0.2261
36 0.2195
37 0.2039
38 0.2004
39 0.2233
40 0.2126
41 0.2097
42 0.2235
43 0.2252
44 0.2228
45 0.2249
46 0.2193
47 0.2299
48 0.2173
49 0.2089
50 0.2194
51 0.2092
52 0.2120
53 0.2100
54 0.2208
55 0.2151
56 0.2167
57 0.2229
58 0.2179
59 0.2152
60 0.2142
61 0.2199
62 0.2200
63 0.2223
64 0.2173
65 0.2129
66 0.2264
67 0.2252
68 0.2207
69 0.2093
70 0.2225
71 0.2149
72 0.2235
73 0.2105
74 0.2247
75 0.2261
76 0.2146
77 0.2113
78 0.2271
79 0.2182
80 0.2167
81 0.2064
82 0.2203
83 0.2072
84 0.2277
85 0.2156
86 0.2081
87 0.2304
88 0.2176
89 0.2179
90 0.2169
91 0.2133
92 0.2314
93 0.2135
94 0.2255
95 0.2241
96 0.2168
97 0.2216
98 0.2119
99 0.2148
100 0.2140
9 layers sum: 	 train MI 0.2140 (approx 0.5210, true 0.1648) 	 test MI 0.2139 (approx 0.5222, true 0.1702)	 energy res train 1.27 	 energy res test 1.28

running train and test for 10 layers sum
1 -1.2602
2 -0.3297
3 -0.3308
4 0.1662
5 0.1710
6 0.1882
7 0.2100
8 0.2082
9 0.2091
10 0.2049
11 0.2105
12 0.2151
13 0.2222
14 0.2232
15 0.2219
16 0.2366
17 0.2192
18 0.2311
19 0.2382
20 0.2331
21 0.2311
22 0.2247
23 0.2345
24 0.2208
25 0.2421
26 0.2472
27 0.2363
28 0.2357
29 0.2346
30 0.2366
31 0.2478
32 0.2397
33 0.2334
34 0.2474
35 0.2371
36 0.2465
37 0.2407
38 0.2520
39 0.2439
40 0.2282
41 0.2427
42 0.2475
43 0.2249
44 0.2427
45 0.2480
46 0.2428
47 0.2361
48 0.2474
49 0.2349
50 0.2436
51 0.2531
52 0.2536
53 0.2417
54 0.2345
55 0.2440
56 0.2405
57 0.2432
58 0.2372
59 0.2537
60 0.2574
61 0.2525
62 0.2524
63 0.2367
64 0.2479
65 0.2338
66 0.2345
67 0.2460
68 0.2494
69 0.2495
70 0.2294
71 0.2430
72 0.2657
73 0.2406
74 0.2461
75 0.2552
76 0.2458
77 0.2475
78 0.2520
79 0.2488
80 0.2421
81 0.2438
82 0.2372
83 0.2481
84 0.2451
85 0.2517
86 0.2415
87 0.2446
88 0.2451
89 0.2413
90 0.2432
91 0.2528
92 0.2525
93 0.2532
94 0.2402
95 0.2511
96 0.2529
97 0.2440
98 0.2452
99 0.2416
100 0.2417
10 layers sum: 	 train MI 0.2417 (approx 0.5202, true 0.1951) 	 test MI 0.2667 (approx 0.5215, true 0.1895)	 energy res train 1.21 	 energy res test 1.21

running train and test for 11 layers sum
1 -0.3323
2 -0.4274
3 -0.1308
4 0.2559
5 0.2816
6 0.2850
7 0.3019
8 0.3238
9 0.3202
10 0.3314
11 0.3363
12 0.3366
13 0.3308
14 0.3352
15 0.3360
16 0.3440
17 0.3536
18 0.3484
19 0.3472
20 0.3626
21 0.3571
22 0.3511
23 0.3549
24 0.3612
25 0.3691
26 0.3471
27 0.3645
28 0.3545
29 0.3563
30 0.3480
31 0.3740
32 0.3358
33 0.3549
34 0.3752
35 0.3617
36 0.3414
37 0.3481
38 0.3672
39 0.3574
40 0.3571
41 0.3686
42 0.3568
43 0.3683
44 0.3472
45 0.3670
46 0.3693
47 0.3525
48 0.3547
49 0.3552
50 0.3616
51 0.3538
52 0.3691
53 0.3589
54 0.3654
55 0.3565
56 0.3615
57 0.3635
58 0.3575
59 0.3531
60 0.3601
61 0.3619
62 0.3599
63 0.3546
64 0.3500
65 0.3476
66 0.3547
67 0.3555
68 0.3607
69 0.3669
70 0.3647
71 0.3607
72 0.3527
73 0.3655
74 0.3708
75 0.3637
76 0.3668
77 0.3577
78 0.3746
79 0.3678
80 0.3493
81 0.3684
82 0.3646
83 0.3704
84 0.3505
85 0.3644
86 0.3622
87 0.3718
88 0.3536
89 0.3535
90 0.3626
91 0.3493
92 0.3579
93 0.3502
94 0.3583
95 0.3724
96 0.3738
97 0.3444
98 0.3902
99 0.3665
100 0.3752
11 layers sum: 	 train MI 0.3752 (approx 0.5194, true 0.2544) 	 test MI 0.3702 (approx 0.5181, true 0.2868)	 energy res train 0.92 	 energy res test 0.91

running train and test for 12 layers sum
1 -3.5249
2 -0.1635
3 0.2665
4 0.3972
5 0.4396
6 0.4838
7 0.4500
8 0.4985
9 0.5081
10 0.4940
11 0.5263
12 0.5112
13 0.5208
14 0.4961
15 0.5223
16 0.5287
17 0.5022
18 0.5171
19 0.5686
20 0.5352
21 0.5432
22 0.5422
23 0.5206
24 0.5322
25 0.5115
26 0.5140
27 0.5452
28 0.5385
29 0.5397
30 0.5692
31 0.5496
32 0.5514
33 0.5571
34 0.5593
35 0.5449
36 0.5546
37 0.5369
38 0.5536
39 0.5566
40 0.5285
41 0.5543
42 0.5593
43 0.5571
44 0.5515
45 0.5729
46 0.5554
47 0.5662
48 0.5392
49 0.5571
50 0.5367
51 0.5323
52 0.5564
53 0.5524
54 0.5500
55 0.5474
56 0.5699
57 0.5613
58 0.5592
59 0.5852
60 0.5701
61 0.5309
62 0.5689
63 0.5394
64 0.5451
65 0.5618
66 0.5451
67 0.5795
68 0.5544
69 0.5509
70 0.5489
71 0.5560
72 0.5711
73 0.5547
74 0.5509
75 0.5618
76 0.5664
77 0.5536
78 0.5558
79 0.5416
80 0.5679
81 0.5664
82 0.5715
83 0.5537
84 0.5669
85 0.5596
86 0.5609
87 0.5585
88 0.5709
89 0.5276
90 0.5471
91 0.5599
92 0.5564
93 0.5448
94 0.5502
95 0.5474
96 0.5447
97 0.5665
98 0.5463
99 0.5757
100 0.5610
12 layers sum: 	 train MI 0.5610 (approx 0.5185, true 0.4052) 	 test MI 0.5649 (approx 0.5155, true 0.4104)	 energy res train 0.71 	 energy res test 0.72

running train and test for 13 layers sum
1 -0.5189
2 0.0816
3 0.5408
4 0.5421
5 0.6123
6 0.6134
7 0.6394
8 0.6297
9 0.6498
10 0.6942
11 0.6631
12 0.7314
13 0.7355
14 0.7388
15 0.6864
16 0.7259
17 0.7239
18 0.7410
19 0.7498
20 0.6976
21 0.7164
22 0.7382
23 0.7015
24 0.7322
25 0.7324
26 0.7477
27 0.7762
28 0.7191
29 0.7551
30 0.7561
31 0.7506
32 0.7235
33 0.7513
34 0.7488
35 0.7453
36 0.7318
37 0.7425
38 0.7273
39 0.7668
40 0.7313
41 0.7477
42 0.7510
43 0.7296
44 0.7381
45 0.7467
46 0.7478
47 0.7592
48 0.7325
49 0.7313
50 0.7484
51 0.7862
52 0.7347
53 0.7545
54 0.7338
55 0.7610
56 0.7743
57 0.7393
58 0.7416
59 0.7826
60 0.7568
61 0.7535
62 0.7467
63 0.7397
64 0.7477
65 0.7508
66 0.7342
67 0.7505
68 0.7644
69 0.7578
70 0.7663
71 0.7383
72 0.7369
73 0.7354
74 0.7393
75 0.7413
76 0.7263
77 0.7737
78 0.7551
79 0.7367
80 0.7212
81 0.7459
82 0.7609
83 0.7682
84 0.7374
85 0.7373
86 0.7224
87 0.7858
88 0.7529
89 0.7742
90 0.7290
91 0.7714
92 0.7549
93 0.7440
94 0.7575
95 0.7664
96 0.7371
97 0.7525
98 0.7345
99 0.7906
100 0.7321
13 layers sum: 	 train MI 0.7321 (approx 0.5180, true 0.5427) 	 test MI 0.7661 (approx 0.5148, true 0.5534)	 energy res train 0.58 	 energy res test 0.58

running train and test for 14 layers sum
1 -0.7801
2 -1.6910
3 -0.0734
4 0.6459
5 0.7562
6 0.7303
7 0.8422
8 0.7892
9 0.8466
10 0.8639
11 0.8195
12 0.8839
13 0.8456
14 0.8902
15 0.8997
16 0.8652
17 0.8663
18 0.8780
19 0.9116
20 0.8844
21 0.9388
22 0.9223
23 0.9334
24 0.9240
25 0.8749
26 0.8753
27 0.9132
28 0.8838
29 0.9296
30 0.8972
31 0.9197
32 0.9204
33 0.9411
34 0.9456
35 0.9263
36 0.9458
37 0.8927
38 0.9354
39 0.9407
40 0.9447
41 0.9579
42 0.9291
43 0.9412
44 0.9038
45 0.9602
46 0.9311
47 0.9459
48 0.9521
49 0.9351
50 0.9532
51 0.9391
52 0.9438
53 0.9435
54 0.9226
55 0.9696
56 0.9318
57 0.9384
58 0.9167
59 0.9421
60 0.9551
61 0.9465
62 0.8947
63 0.9543
64 0.9210
65 0.9542
66 0.9178
67 0.9385
68 0.9451
69 0.9610
70 0.9472
71 0.9303
72 0.9571
73 0.9363
74 0.9569
75 0.9666
76 0.9620
77 0.9872
78 0.9269
79 0.9634
80 0.9663
81 0.9466
82 0.9600
83 0.9388
84 0.9671
85 0.9729
86 0.9602
87 0.9437
88 0.9431
89 0.9558
90 0.9775
91 0.9256
92 0.9660
93 0.9430
94 0.9423
95 0.9570
96 0.9417
97 0.9324
98 0.9466
99 0.9640
100 0.9730
14 layers sum: 	 train MI 0.9730 (approx 0.5177, true 0.6960) 	 test MI 0.9581 (approx 0.5133, true 0.6896)	 energy res train 0.48 	 energy res test 0.48

running train and test for 15 layers sum
1 -1.2455
2 -0.2003
3 0.6330
4 0.7858
5 0.8647
6 0.9038
7 1.0156
8 0.9663
9 0.9844
10 1.0685
11 1.0460
12 1.0223
13 0.9715
14 1.0683
15 1.0726
16 1.0434
17 1.0940
18 1.0710
19 1.1069
20 1.0934
21 1.1045
22 1.1116
23 1.0872
24 1.0889
25 1.1170
26 1.1595
27 1.1420
28 1.1204
29 1.1278
30 1.1100
31 1.1708
32 1.1206
33 1.1290
34 1.1573
35 1.1344
36 1.1545
37 1.1168
38 1.1233
39 1.1113
40 1.1479
41 1.1019
42 1.1283
43 1.1236
44 1.1467
45 1.1265
46 1.1291
47 1.1740
48 1.1185
49 1.1533
50 1.1668
51 1.1278
52 1.1663
53 1.1599
54 1.1508
55 1.1348
56 1.1535
57 1.1674
58 1.1320
59 1.1427
60 1.1134
61 1.1218
62 1.1759
63 1.1479
64 1.1472
65 1.1440
66 1.2070
67 1.1584
68 1.1492
69 1.1611
70 1.1232
71 1.1742
72 1.1491
73 1.1580
74 1.1850
75 1.1430
76 1.1699
77 1.1182
78 1.1813
79 1.1692
80 1.1443
81 1.1495
82 1.1320
83 1.0931
84 1.0729
85 1.1230
86 1.1659
87 1.1249
88 1.1513
89 1.1571
90 1.1841
91 1.1848
92 1.1470
93 1.1675
94 1.1381
95 1.1138
96 1.1472
97 1.1114
98 1.1681
99 1.1517
100 1.1577
15 layers sum: 	 train MI 1.1577 (approx 0.5165, true 0.8466) 	 test MI 1.1847 (approx 0.5127, true 0.8372)	 energy res train 0.40 	 energy res test 0.41

running train and test for 16 layers sum
1 -0.8611
2 -0.6770
3 0.5861
4 1.0104
5 1.0973
6 1.1480
7 1.1674
8 1.1588
9 1.1601
10 1.2160
11 1.2015
12 1.1808
13 1.1851
14 1.2216
15 1.2484
16 1.1770
17 1.2671
18 1.2989
19 1.2694
20 1.2510
21 1.2658
22 1.3109
23 1.2716
24 1.3326
25 1.3421
26 1.3041
27 1.2746
28 1.3391
29 1.3060
30 1.2890
31 1.3121
32 1.3205
33 1.3558
34 1.2987
35 1.3280
36 1.2916
37 1.3445
38 1.3381
39 1.3243
40 1.2983
41 1.3328
42 1.3344
43 1.3520
44 1.2899
45 1.3290
46 1.3395
47 1.3184
48 1.3409
49 1.3779
50 1.3815
51 1.3316
52 1.3105
53 1.3583
54 1.3303
55 1.3188
56 1.3594
57 1.3519
58 1.3862
59 1.3342
60 1.3520
61 1.3537
62 1.3864
63 1.3633
64 1.3162
65 1.2986
66 1.3219
67 1.3670
68 1.3542
69 1.3738
70 1.3755
71 1.3414
72 1.3194
73 1.3508
74 1.3220
75 1.3099
76 1.3394
77 1.3714
78 1.3471
79 1.3641
80 1.3402
81 1.3543
82 1.3578
83 1.3350
84 1.3881
85 1.3472
86 1.3146
87 1.3456
88 1.3649
89 1.3674
90 1.3496
91 1.3632
92 1.3959
93 1.3585
94 1.4036
95 1.3678
96 1.3619
97 1.3093
98 1.3456
99 1.3891
100 1.3585
16 layers sum: 	 train MI 1.3585 (approx 0.5159, true 0.9848) 	 test MI 1.3815 (approx 0.5126, true 0.9853)	 energy res train 0.35 	 energy res test 0.35

running train and test for 17 layers sum
1 -0.3918
2 -0.4366
3 0.7748
4 1.1940
5 1.2215
6 1.3203
7 1.3682
8 1.3870
9 1.3470
10 1.3793
11 1.3680
12 1.4188
13 1.4323
14 1.4908
15 1.4538
16 1.4912
17 1.4045
18 1.4587
19 1.5034
20 1.4899
21 1.5072
22 1.4863
23 1.5161
24 1.5242
25 1.4718
26 1.4685
27 1.5617
28 1.4514
29 1.4702
30 1.5382
31 1.5374
32 1.5131
33 1.5080
34 1.5214
35 1.5145
36 1.5584
37 1.5003
38 1.5818
39 1.5135
40 1.5213
41 1.5323
42 1.5554
43 1.4984
44 1.5346
45 1.5659
46 1.5693
47 1.5066
48 1.5316
49 1.5298
50 1.4613
51 1.5472
52 1.5509
53 1.5693
54 1.5410
55 1.5848
56 1.5270
57 1.5681
58 1.5363
59 1.5672
60 1.5533
61 1.5303
62 1.5788
63 1.5472
64 1.5123
65 1.4932
66 1.5473
67 1.5708
68 1.5726
69 1.5630
70 1.5466
71 1.5250
72 1.5083
73 1.5742
74 1.5636
75 1.5359
76 1.5376
77 1.5435
78 1.5025
79 1.5286
80 1.5301
81 1.5782
82 1.5346
83 1.5539
84 1.5332
85 1.5481
86 1.5156
87 1.5874
88 1.5602
89 1.5433
90 1.5660
91 1.5336
92 1.4665
93 1.6024
94 1.5295
95 1.5136
96 1.5725
97 1.5544
98 1.4918
99 1.5374
100 1.5457
17 layers sum: 	 train MI 1.5457 (approx 0.5156, true 1.1237) 	 test MI 1.6357 (approx 0.5124, true 1.1256)	 energy res train 0.30 	 energy res test 0.30

running train and test for 18 layers sum
1 -2.1002
2 -2.8035
3 -0.0739
4 0.4690
5 1.2787
6 1.3463
7 1.3158
8 1.4267
9 1.4045
10 1.4911
11 1.4146
12 1.5271
13 1.5123
14 1.4584
15 1.4864
16 1.5177
17 1.5634
18 1.5763
19 1.5852
20 1.5202
21 1.5772
22 1.6232
23 1.5046
24 1.5039
25 1.5892
26 1.6455
27 1.5963
28 1.5876
29 1.6429
30 1.5882
31 1.6190
32 1.5863
33 1.5548
34 1.6429
35 1.6271
36 1.6526
37 1.6866
38 1.6023
39 1.6933
40 1.7195
41 1.6461
42 1.6258
43 1.6548
44 1.6594
45 1.6605
46 1.6058
47 1.6668
48 1.6285
49 1.7103
50 1.6607
51 1.6609
52 1.6935
53 1.6484
54 1.7141
55 1.6621
56 1.6485
57 1.6418
58 1.6152
59 1.7233
60 1.7088
61 1.6410
62 1.6075
63 1.6818
64 1.7281
65 1.6857
66 1.6890
67 1.7517
68 1.7119
69 1.6892
70 1.7229
71 1.6757
72 1.6996
73 1.7181
74 1.6905
75 1.6619
76 1.6971
77 1.6803
78 1.7175
79 1.7123
80 1.6749
81 1.7044
82 1.7009
83 1.6776
84 1.6451
85 1.6979
86 1.6280
87 1.7788
88 1.7010
89 1.6786
90 1.7081
91 1.6863
92 1.7211
93 1.6931
94 1.7572
95 1.7018
96 1.7250
97 1.6958
98 1.7430
99 1.7051
100 1.6729
18 layers sum: 	 train MI 1.6729 (approx 0.5151, true 1.2363) 	 test MI 1.7435 (approx 0.5124, true 1.2430)	 energy res train 0.26 	 energy res test 0.27

running train and test for 19 layers sum
1 -0.9944
2 0.3447
3 1.1812
4 1.4930
5 1.4993
6 1.5823
7 1.4327
8 1.5633
9 1.4992
10 1.5076
11 1.6348
12 1.4562
13 1.5785
14 1.6221
15 1.5448
16 1.7256
17 1.5958
18 1.6923
19 1.6664
20 1.5701
21 1.7350
22 1.6549
23 1.7255
24 1.6977
25 1.6828
26 1.6539
27 1.7026
28 1.7720
29 1.6434
30 1.7012
31 1.6354
32 1.7108
33 1.6381
34 1.7493
35 1.6930
36 1.7005
37 1.7092
38 1.7268
39 1.7216
40 1.7402
41 1.7630
42 1.7776
43 1.6806
44 1.7848
45 1.6363
46 1.7449
47 1.7141
48 1.6862
49 1.8137
50 1.8036
51 1.8003
52 1.7893
53 1.8258
54 1.6743
55 1.7463
56 1.7641
57 1.6815
58 1.8088
59 1.8251
60 1.8661
61 1.8089
62 1.7865
63 1.6313
64 1.8400
65 1.7851
66 1.7532
67 1.5916
68 1.7106
69 1.5885
70 1.7859
71 1.5461
72 1.7598
73 1.8473
74 1.7896
75 1.5490
76 1.5422
77 1.7551
78 1.7528
79 1.6577
80 1.5984
81 1.6282
82 1.7897
83 1.6498
84 1.4963
85 1.1223
86 1.5510
87 1.7385
88 1.5487
89 1.4699
90 1.4507
91 1.1264
92 1.4449
93 1.5575
94 1.4042
95 1.6855
96 1.7833
97 1.6403
98 0.8203
99 0.7242
100 1.3520
19 layers sum: 	 train MI 1.3520 (approx 0.5151, true 1.3397) 	 test MI 1.8938 (approx 0.5125, true 1.3534)	 energy res train 0.24 	 energy res test 0.24

running train and test for 20 layers sum
1 0.2330
2 1.0929
3 1.0631
4 1.5533
5 1.5468
6 1.6185
7 1.7466
8 1.7901
9 1.7270
10 1.6986
11 1.7426
12 1.8388
13 1.8094
14 1.7842
15 1.7616
16 1.8512
17 1.8463
18 1.7034
19 1.8751
20 1.7630
21 1.8986
22 1.8843
23 1.8460
24 1.8480
25 1.8027
26 1.8617
27 1.9166
28 1.9425
29 1.9293
30 1.8300
31 1.9703
32 1.9136
33 1.9232
34 1.9060
35 1.9711
36 1.9362
37 1.9898
38 1.9176
39 1.9413
40 1.9189
41 1.9215
42 1.9671
43 1.9396
44 1.8734
45 1.9624
46 1.9450
47 1.9254
48 1.8870
49 1.9237
50 1.9545
51 1.9280
52 1.9086
53 2.0028
54 1.9138
55 1.9356
56 1.9681
57 1.9735
58 2.0181
59 1.8698
60 1.8112
61 1.8855
62 1.8903
63 1.9598
64 1.9459
65 1.9944
66 1.9783
67 1.9649
68 1.6515
69 1.5749
70 1.9016
71 1.3549
72 1.9129
73 1.7153
74 1.3998
75 1.9262
76 1.3573
77 1.8536
78 1.5646
79 1.7840
80 1.4489
81 1.3117
82 1.3572
83 1.7681
84 1.4528
85 1.3106
86 1.9292
87 1.7782
88 1.1937
89 0.1155
90 0.8878
91 0.8553
92 1.3070
93 1.9230
94 1.2907
95 1.5495
96 -0.8797
97 0.9257
98 nan
99 nan
100 nan
20 layers sum: 	 train MI nan (approx 0.5151, true 1.4471) 	 test MI nan (approx 0.5125, true 1.4299)	 energy res train 0.22 	 energy res test 0.22

running train and test for 21 layers sum
1 -1.8421
2 0.3893
3 0.8635
4 1.0193
5 1.4892
6 1.6529
7 1.4088
8 1.5596
9 1.8424
10 1.8422
11 1.8463
12 1.8973
13 1.8965
14 1.9063
15 1.9073
16 1.9027
17 1.9330
18 1.9312
19 1.8367
20 1.8878
21 1.9493
22 1.9794
23 1.7333
24 1.9765
25 1.9109
26 1.7473
27 1.9479
28 1.8133
29 1.9248
30 1.8654
31 1.9930
32 1.9634
33 1.9603
34 1.7692
35 1.9084
36 1.8401
37 1.6888
38 2.0104
39 1.9272
40 2.1301
41 1.6750
42 1.7650
43 1.6005
44 1.0517
45 1.7737
46 1.2325
47 1.6932
48 1.9625
49 1.6615
50 1.7572
51 1.8505
52 1.8614
53 1.4586
54 1.7881
55 1.2737
56 1.2039
57 1.1465
58 1.4169
59 1.3268
60 1.7250
61 1.9782
62 1.6067
63 1.9631
64 1.3753
65 1.5624
66 1.9919
67 0.2429
68 1.7530
69 0.9346
70 0.0727
71 0.3364
72 1.1676
73 1.8182
74 0.6143
75 1.0800
76 0.0450
77 1.9119
78 1.6995
79 1.2207
80 -2.7981
81 0.0769
82 1.5555
83 0.9472
84 1.3391
85 -0.2224
86 nan
87 nan
88 nan
89 nan
90 nan
91 nan
92 nan
93 nan
94 nan
95 nan
96 nan
97 nan
98 nan
99 nan
100 nan
21 layers sum: 	 train MI nan (approx 0.5149, true 1.5096) 	 test MI nan (approx 0.5125, true 1.5182)	 energy res train 0.20 	 energy res test 0.21

running train and test for 22 layers sum
1 0.9104
2 0.4303
3 1.0323
4 1.5746
5 1.5794
6 1.6846
7 1.7854
8 1.7776
9 2.0107
10 1.7774
11 1.9443
12 1.9994
13 1.8691
14 1.9840
15 2.0275
16 2.0662
17 1.8353
18 1.9619
19 1.9095
20 1.9640
21 2.0935
22 2.0920
23 2.0097
24 2.0850
25 2.1315
26 2.0221
27 2.1485
28 2.0016
29 2.0473
30 2.0718
31 2.1366
32 2.0524
33 2.0824
34 2.1886
35 1.9589
36 2.0737
37 2.1762
38 1.9417
39 1.8310
40 1.8123
41 1.9968
42 2.1228
43 2.1227
44 1.8308
45 2.1327
46 2.1348
47 2.0848
48 2.0358
49 2.0244
50 2.1199
51 2.0317
52 2.0294
53 2.0846
54 2.1601
55 2.0654
56 2.0360
57 2.0672
58 2.1139
59 1.5782
60 1.6097
61 1.9376
62 2.2331
63 1.7250
64 1.9829
65 1.8970
66 2.1917
67 1.2338
68 1.2952
69 2.1565
70 0.6819
71 0.6867
72 0.9401
73 1.2848
74 0.6390
75 1.1942
76 1.5423
77 2.1938
78 0.1414
79 2.3975
80 0.1230
81 1.3083
82 -0.8686
83 1.2518
84 1.3168
85 0.8166
86 1.7439
87 1.0616
88 1.7482
89 -0.5182
90 nan
91 nan
92 nan
93 nan
94 nan
95 nan
96 nan
97 nan
98 nan
99 nan
100 nan
22 layers sum: 	 train MI nan (approx 0.5145, true 1.5735) 	 test MI nan (approx 0.5126, true 1.5647)	 energy res train 0.19 	 energy res test 0.19

running train and test for 23 layers sum
1 -0.9897
2 -0.3688
3 1.3602
4 1.7071
5 1.5483
6 1.7003
7 1.8912
8 1.8767
9 1.9060
10 1.9261
11 1.8383
12 1.9888
13 2.0432
14 2.0471
15 2.0210
16 2.0425
17 2.0028
18 2.0021
19 1.9202
20 2.0996
21 1.9645
22 2.0076
23 2.0935
24 2.1241
25 2.1224
26 2.1053
27 2.0444
28 2.0977
29 2.1186
30 2.0187
31 2.1161
32 2.0525
33 1.9098
34 2.0419
35 2.1512
36 2.1380
37 2.1757
38 2.1404
39 2.1256
40 2.1480
41 2.1585
42 2.1479
43 2.0595
44 2.0784
45 2.1286
46 1.8232
47 1.9904
48 2.1591
49 2.1151
50 1.8058
51 2.1247
52 2.0065
53 2.1586
54 2.0576
55 1.7515
56 1.8874
57 1.4410
58 1.7256
59 2.2387
60 1.8551
61 1.3770
62 1.7687
63 1.8851
64 1.3518
65 2.0364
66 1.8326
67 1.9663
68 1.5341
69 2.1823
70 0.8630
71 -0.1963
72 0.6170
73 0.9416
74 1.7220
75 1.5862
76 -0.3506
77 1.1095
78 1.4191
79 1.6463
80 0.3105
81 1.9916
82 nan
83 nan
84 nan
85 nan
86 nan
87 nan
88 nan
89 nan
90 nan
91 nan
92 nan
93 nan
94 nan
95 nan
96 nan
97 nan
98 nan
99 nan
100 nan
23 layers sum: 	 train MI nan (approx 0.5144, true 1.6125) 	 test MI nan (approx 0.5126, true 1.6167)	 energy res train 0.18 	 energy res test 0.19

running train and test for 24 layers sum
1 -1.0880
2 0.9419
3 1.3884
4 1.5154
5 1.7119
6 1.9013
7 1.7864
8 1.7117
9 1.9837
10 1.8637
11 2.0303
12 1.8060
13 1.9704
14 2.0003
15 1.9100
16 1.7521
17 1.6764
18 1.9495
19 2.0258
20 2.0646
21 2.1233
22 2.2412
23 2.1367
24 2.1524
25 2.1894
26 2.0623
27 1.8522
28 1.7871
29 2.1228
30 2.2554
31 2.1117
32 1.9625
33 2.2201
34 2.2048
35 2.1453
36 2.0519
37 1.5104
38 1.4977
39 1.7755
40 2.0351
41 1.9878
42 1.9245
43 2.1989
44 2.1162
45 1.4522
46 2.1841
47 2.3538
48 1.7218
49 1.1801
50 1.9795
51 1.8950
52 2.2450
53 1.5046
54 2.1967
55 nan
56 nan
57 nan
58 nan
59 nan
60 nan
61 nan
62 nan
63 nan
64 nan
65 nan
66 nan
67 nan
68 nan
69 nan
70 nan
71 nan
72 nan
73 nan
74 nan
75 nan
76 nan
77 nan
78 nan
79 nan
80 nan
81 nan
82 nan
83 nan
84 nan
85 nan
86 nan
87 nan
88 nan
89 nan
90 nan
91 nan
92 nan
93 nan
94 nan
95 nan
96 nan
97 nan
98 nan
99 nan
100 nan
24 layers sum: 	 train MI nan (approx 0.5144, true 1.6524) 	 test MI nan (approx 0.5126, true 1.6567)	 energy res train 0.17 	 energy res test 0.18

running train and test for 25 layers sum
1 -2.1559
2 -0.0761
3 1.4945
4 1.3397
5 1.8447
6 2.0026
7 2.0362
8 2.1602
9 2.0159
10 1.9636
11 2.1227
12 2.0856
13 2.0446
14 2.2233
15 2.0205
16 2.1651
17 2.0399
18 2.1247
19 2.0332
20 2.1716
21 2.1198
22 1.9040
23 2.1624
24 2.2593
25 2.2088
26 2.1970
27 2.1582
28 2.1644
29 2.1025
30 2.2039
31 2.1824
32 2.2915
33 2.1985
34 1.5692
35 2.2057
36 2.0279
37 2.0198
38 1.9745
39 2.1977
40 1.8925
41 1.5688
42 2.0944
43 1.4447
44 1.6234
45 2.1800
46 1.1554
47 2.3260
48 1.6881
49 1.2467
50 2.3441
51 0.8334
52 0.2993
53 2.1683
54 1.9568
55 1.8461
56 1.1132
57 nan
58 nan
59 nan
60 nan
61 nan
62 nan
63 nan
64 nan
65 nan
66 nan
67 nan
68 nan
69 nan
70 nan
71 nan
72 nan
73 nan
74 nan
75 nan
76 nan
77 nan
78 nan
79 nan
80 nan
81 nan
82 nan
83 nan
84 nan
85 nan
86 nan
87 nan
88 nan
89 nan
90 nan
91 nan
92 nan
93 nan
94 nan
95 nan
96 nan
97 nan
98 nan
99 nan
100 nan
25 layers sum: 	 train MI nan (approx 0.5144, true 1.6859) 	 test MI nan (approx 0.5126, true 1.6924)	 energy res train 0.17 	 energy res test 0.18

running train and test for 26 layers sum
1 -1.4381
2 -0.5796
3 1.1652
4 1.1847
5 1.4289
6 1.6141
7 2.0405
8 1.9291
9 1.7658
10 1.7682
11 1.7821
12 2.0583
13 1.8393
14 1.6603
15 2.1099
16 1.8339
17 2.0453
18 2.1441
19 2.1970
20 2.1796
21 1.9674
22 2.1863
23 2.2635
24 2.0660
25 2.2298
26 2.3045
27 2.0361
28 1.8457
29 2.3223
30 2.2767
31 2.2364
32 1.9275
33 0.4175
34 1.8048
35 1.6208
36 2.1845
37 1.8628
38 1.8923
39 1.9742
40 1.5995
41 nan
42 nan
43 nan
44 nan
45 nan
46 nan
47 nan
48 nan
49 nan
50 nan
51 nan
52 nan
53 nan
54 nan
55 nan
56 nan
57 nan
58 nan
59 nan
60 nan
61 nan
62 nan
63 nan
64 nan
65 nan
66 nan
67 nan
68 nan
69 nan
70 nan
71 nan
72 nan
73 nan
74 nan
75 nan
76 nan
77 nan
78 nan
79 nan
80 nan
81 nan
82 nan
83 nan
84 nan
85 nan
86 nan
87 nan
88 nan
89 nan
90 nan
91 nan
92 nan
93 nan
94 nan
95 nan
96 nan
97 nan
98 nan
99 nan
100 nan
26 layers sum: 	 train MI nan (approx 0.5144, true 1.7080) 	 test MI nan (approx 0.5126, true 1.7151)	 energy res train 0.17 	 energy res test 0.17

running train and test for 27 layers sum
1 -2.4844
2 0.5275
3 1.3837
4 1.5452
5 1.5474
6 1.5161
7 1.8816
8 2.1214
9 1.8192
10 1.7980
11 1.7955
12 1.8762
13 1.9508
14 1.7683
15 1.9237
16 1.8831
17 2.0573
18 2.0941
19 2.0689
20 2.0639
21 1.8280
22 1.9729
23 2.0519
24 2.1117
25 2.0784
26 1.8015
27 1.6890
28 2.1751
29 2.1872
30 2.2091
31 2.1675
32 2.1233
33 2.2818
34 2.0885
35 2.2802
36 2.2811
37 2.1815
38 2.2000
39 2.0269
40 2.1077
41 2.2234
42 2.1311
43 2.0301
44 2.0813
45 1.0111
46 2.3910
47 1.9712
48 1.7230
49 1.8965
50 1.4267
51 1.5653
52 2.0848
53 1.1962
54 2.2070
55 1.6923
56 1.7054
57 2.0399
58 nan
59 nan
60 nan
61 nan
62 nan
63 nan
64 nan
65 nan
66 nan
67 nan
68 nan
69 nan
70 nan
71 nan
72 nan
73 nan
74 nan
75 nan
76 nan
77 nan
78 nan
79 nan
80 nan
81 nan
82 nan
83 nan
84 nan
85 nan
86 nan
87 nan
88 nan
89 nan
90 nan
91 nan
92 nan
93 nan
94 nan
95 nan
96 nan
97 nan
98 nan
99 nan
100 nan
27 layers sum: 	 train MI nan (approx 0.5144, true 1.7236) 	 test MI nan (approx 0.5127, true 1.7345)	 energy res train 0.16 	 energy res test 0.17

running train and test for 28 layers sum
1 -2.0230
2 0.1513
3 0.6104
4 1.3545
5 1.4479
6 1.8810
7 1.6333
8 1.7839
9 2.1033
10 1.8606
11 2.0777
12 2.0387
13 2.1482
14 2.0613
15 2.0446
16 2.1239
17 2.0731
18 2.2164
19 2.0669
20 2.1805
21 2.0438
22 2.2618
23 2.2118
24 2.0084
25 2.1357
26 2.1771
27 2.1350
28 2.2698
29 2.1827
30 2.3158
31 2.2506
32 2.2764
33 2.2695
34 2.3626
35 2.1760
36 2.1972
37 2.3714
38 2.3437
39 2.3544
40 1.7077
41 2.3364
42 2.3451
43 1.9818
44 2.0292
45 2.3229
46 2.2435
47 2.3587
48 1.8259
49 1.7655
50 1.9883
51 2.2193
52 2.1439
53 2.2398
54 1.5734
55 2.0447
56 1.1783
57 2.1833
58 2.0365
59 2.3476
60 2.2203
61 1.8295
62 2.0799
63 2.0851
64 2.3128
65 1.3648
66 nan
67 nan
68 nan
69 nan
70 nan
71 nan
72 nan
73 nan
74 nan
75 nan
76 nan
77 nan
78 nan
79 nan
80 nan
81 nan
82 nan
83 nan
84 nan
85 nan
86 nan
87 nan
88 nan
89 nan
90 nan
91 nan
92 nan
93 nan
94 nan
95 nan
96 nan
97 nan
98 nan
99 nan
100 nan
28 layers sum: 	 train MI nan (approx 0.5144, true 1.7367) 	 test MI nan (approx 0.5127, true 1.7496)	 energy res train 0.16 	 energy res test 0.17

running train and test for 29 layers sum
1 0.6851
2 1.1551
3 1.5133
4 1.8177
5 1.9890
6 2.0199
7 2.0682
8 1.9909
9 1.9447
10 2.2120
11 1.9408
12 2.2061
13 2.1323
14 2.2187
15 2.0391
16 2.2975
17 2.0106
18 2.1626
19 2.1527
20 2.0206
21 2.2744
22 2.1918
23 2.1353
24 2.2588
25 2.2841
26 2.2371
27 2.1276
28 2.1492
29 2.0520
30 2.1795
31 2.1309
32 2.2839
33 2.0569
34 2.3526
35 2.1683
36 2.2254
37 1.7592
38 1.6564
39 2.0456
40 2.3659
41 1.9298
42 2.3337
43 1.7377
44 2.3531
45 2.3110
46 2.0679
47 nan
48 nan
49 nan
50 nan
51 nan
52 nan
53 nan
54 nan
55 nan
56 nan
57 nan
58 nan
59 nan
60 nan
61 nan
62 nan
63 nan
64 nan
65 nan
66 nan
67 nan
68 nan
69 nan
70 nan
71 nan
72 nan
73 nan
74 nan
75 nan
76 nan
77 nan
78 nan
79 nan
80 nan
81 nan
82 nan
83 nan
84 nan
85 nan
86 nan
87 nan
88 nan
89 nan
90 nan
91 nan
92 nan
93 nan
94 nan
95 nan
96 nan
97 nan
98 nan
99 nan
100 nan
29 layers sum: 	 train MI nan (approx 0.5144, true 1.7423) 	 test MI nan (approx 0.5127, true 1.7634)	 energy res train 0.16 	 energy res test 0.17

saving results to results/results_layer_sum.h5
