1000 samples read
running train and test for 1 layers
1 -0.0726
2 -0.2327
3 -0.0722
4 -0.1977
5 -0.0565
6 -0.1618
7 -0.0542
8 -0.1355
9 -0.0473
10 -0.1269
11 -0.0421
12 -0.1219
13 -0.0363
14 -0.1234
15 -0.0365
16 -0.1026
17 -0.0356
18 -0.0997
19 -0.0306
20 -0.0924
21 -0.0284
22 -0.0974
23 -0.0267
24 -0.0786
25 -0.0207
26 -0.0741
27 -0.0206
28 -0.0624
29 -0.0148
30 -0.0533
31 -0.0127
32 -0.0533
33 -0.0081
34 -0.0609
35 -0.0118
36 -0.0476
37 -0.0058
38 -0.0402
39 -0.0086
40 -0.0201
41 -0.0171
42 -0.0427
43 -0.0064
44 -0.0129
45 -0.0100
46 -0.0128
47 -0.0071
48 -0.0336
49 -0.0042
50 -0.0338
1 layers: 	 train MI -0.0338, true 0.0096) 	 test MI -0.0001, true 0.0084)	 energy res train 2.42 	 energy res test 2.74

running train and test for 2 layers
1 -0.2407
2 -0.4652
3 -0.1025
4 -0.3750
5 -0.0737
6 -0.3975
7 -0.0577
8 -0.3677
9 -0.0492
10 -0.3405
11 -0.0419
12 -0.3021
13 -0.0194
14 -0.2590
15 -0.0221
16 -0.2628
17 -0.0299
18 -0.2489
19 -0.0287
20 -0.2277
21 -0.0282
22 -0.2208
23 -0.0052
24 -0.1902
25 -0.0155
26 -0.1720
27 -0.0129
28 -0.1663
29 -0.0107
30 -0.1582
31 -0.0116
32 -0.1559
33 0.0024
34 -0.1460
35 -0.0138
36 -0.1280
37 -0.0020
38 -0.1228
39 0.0109
40 -0.1114
41 0.0029
42 -0.1187
43 0.0108
44 -0.0947
45 0.0066
46 -0.1051
47 0.0007
48 -0.1036
49 0.0139
50 -0.0918
2 layers: 	 train MI -0.0918, true 0.0109) 	 test MI 0.0115, true 0.0107)	 energy res train 2.33 	 energy res test 2.30

running train and test for 3 layers
1 -0.0548
2 -0.6902
3 -0.0300
4 -0.6117
5 -0.0267
6 -0.5734
7 -0.0187
8 -0.5644
9 -0.0307
10 -0.5384
11 -0.0078
12 -0.5099
13 -0.0002
14 -0.4927
15 0.0037
16 -0.4848
17 -0.0050
18 -0.4957
19 -0.0032
20 -0.4477
21 0.0134
22 -0.4379
23 0.0003
24 -0.4361
25 0.0064
26 -0.3936
27 0.0184
28 -0.3870
29 0.0191
30 -0.3435
31 0.0255
32 -0.3057
33 0.0170
34 -0.2968
35 0.0256
36 -0.2821
37 0.0148
38 -0.2371
39 0.0174
40 -0.2344
41 0.0049
42 -0.2243
43 0.0182
44 -0.2175
45 0.0234
46 -0.1815
47 0.0181
48 -0.1719
49 0.0435
50 -0.1557
3 layers: 	 train MI -0.1557, true 0.0113) 	 test MI -0.0129, true 0.0100)	 energy res train 1.91 	 energy res test 2.15

running train and test for 4 layers
1 -0.0002
2 -0.3658
3 -0.0198
4 -0.3083
5 -0.0119
6 -0.2740
7 -0.0012
8 -0.2439
9 0.0053
10 -0.2027
11 0.0140
12 -0.2088
13 0.0119
14 -0.1813
15 0.0099
16 -0.1907
17 0.0129
18 -0.1637
19 0.0157
20 -0.1436
21 0.0329
22 -0.1205
23 0.0177
24 -0.1217
25 0.0255
26 -0.1404
27 0.0181
28 -0.1149
29 0.0437
30 -0.1182
31 0.0256
32 -0.0673
33 0.0343
34 -0.1075
35 0.0391
36 -0.0967
37 0.0263
38 -0.0982
39 0.0274
40 -0.0785
41 0.0380
42 -0.0661
43 0.0187
44 -0.0892
45 0.0377
46 -0.0863
47 0.0335
48 -0.0799
49 0.0323
50 -0.0624
4 layers: 	 train MI -0.0624, true 0.0106) 	 test MI 0.0271, true 0.0133)	 energy res train 1.71 	 energy res test 1.89

running train and test for 5 layers
1 -0.8354
2 -0.9259
3 -0.4084
4 -0.9486
5 -0.2944
6 -0.8673
7 -0.3263
8 -0.7327
9 -0.3222
10 -0.6961
11 -0.3384
12 -0.6316
13 -0.3048
14 -0.5782
15 -0.2905
16 -0.4977
17 -0.2731
18 -0.4870
19 -0.2525
20 -0.4442
21 -0.2340
22 -0.4095
23 -0.2226
24 -0.3643
25 -0.2200
26 -0.3605
27 -0.1959
28 -0.2857
29 -0.1974
30 -0.2499
31 -0.2013
32 -0.2025
33 -0.1849
34 -0.2157
35 -0.1834
36 -0.1663
37 -0.1702
38 -0.1560
39 -0.1707
40 -0.1306
41 -0.1679
42 -0.1185
43 -0.1547
44 -0.0839
45 -0.1527
46 -0.0868
47 -0.1670
48 -0.0507
49 -0.1509
50 -0.0480
5 layers: 	 train MI -0.0480, true 0.0071) 	 test MI -0.1069, true 0.0110)	 energy res train 1.57 	 energy res test 1.67

running train and test for 6 layers
1 -0.9909
2 -0.5777
3 -1.0711
4 -0.5390
5 -0.7880
6 -0.4832
7 -0.6790
8 -0.4426
9 -0.5604
10 -0.4088
11 -0.4812
12 -0.3789
13 -0.4596
14 -0.3499
15 -0.4068
16 -0.3468
17 -0.3718
18 -0.3418
19 -0.3287
20 -0.3087
21 -0.2903
22 -0.2941
23 -0.2413
24 -0.2544
25 -0.2234
26 -0.2509
27 -0.2028
28 -0.2390
29 -0.1857
30 -0.2098
31 -0.1775
32 -0.1944
33 -0.1294
34 -0.1954
35 -0.1040
36 -0.1853
37 -0.1181
38 -0.1575
39 -0.1033
40 -0.1314
41 -0.1168
42 -0.1271
43 -0.1005
44 -0.1178
45 -0.0681
46 -0.1145
47 -0.1033
48 -0.1075
49 -0.0414
50 -0.0965
6 layers: 	 train MI -0.0965, true 0.0113) 	 test MI -0.0886, true 0.0140)	 energy res train 1.47 	 energy res test 1.50

running train and test for 7 layers
1 -0.2867
2 -0.1815
3 -0.2420
4 -0.1814
5 -0.2221
6 -0.1415
7 -0.1449
8 -0.1698
9 -0.1180
10 -0.1038
11 -0.0936
12 -0.0985
13 -0.0500
14 -0.0659
15 -0.0529
16 -0.0995
17 -0.0107
18 -0.1116
19 -0.0183
20 -0.0832
21 0.0424
22 -0.0862
23 0.0107
24 -0.1480
25 0.0379
26 -0.0841
27 0.0325
28 -0.0404
29 0.0640
30 -0.2211
31 0.0942
32 -0.1661
33 0.1098
34 -0.0528
35 0.0654
36 -0.1315
37 0.0986
38 -0.1591
39 0.0812
40 -0.0580
41 0.1166
42 -0.0267
43 0.1552
44 -0.0423
45 0.0896
46 -0.0178
47 0.1249
48 0.0020
49 0.1084
50 0.0315
7 layers: 	 train MI 0.0315, true 0.0090) 	 test MI 0.0533, true 0.0083)	 energy res train 1.35 	 energy res test 1.38

running train and test for 8 layers
1 -0.4567
2 -0.3216
3 -0.3546
4 -0.2945
5 -0.2622
6 -0.2392
7 -0.2072
8 -0.2062
9 -0.1732
10 -0.1828
11 -0.1427
12 -0.1460
13 -0.1069
14 -0.1605
15 -0.0759
16 -0.1225
17 -0.0555
18 -0.1227
19 -0.0518
20 -0.1114
21 -0.0163
22 -0.0722
23 0.0102
24 -0.0461
25 0.0012
26 -0.0452
27 0.0320
28 -0.0358
29 0.0260
30 -0.0562
31 0.0306
32 -0.0418
33 0.0526
34 -0.0174
35 0.0327
36 -0.0236
37 0.0660
38 -0.0211
39 0.0526
40 0.0043
41 0.0551
42 0.0041
43 0.0506
44 0.0234
45 0.0714
46 0.0212
47 0.0497
48 0.0360
49 0.0891
50 0.0309
8 layers: 	 train MI 0.0309, true 0.0103) 	 test MI 0.0669, true 0.0082)	 energy res train 1.26 	 energy res test 1.28

running train and test for 9 layers
1 -0.4235
2 -0.2871
3 -0.3757
4 -0.2851
5 -0.3100
6 -0.2674
7 -0.3298
8 -0.2058
9 -0.2843
10 -0.1751
11 -0.2433
12 -0.1464
13 -0.2284
14 -0.1199
15 -0.2091
16 -0.1129
17 -0.2153
18 -0.0883
19 -0.1804
20 -0.0859
21 -0.1845
22 -0.0279
23 -0.0970
24 -0.0669
25 -0.1352
26 -0.0551
27 -0.1136
28 0.0030
29 -0.1134
30 0.0515
31 -0.1605
32 0.0128
33 -0.0480
34 0.0158
35 -0.0738
36 0.0779
37 -0.0590
38 0.0743
39 -0.0529
40 0.0697
41 -0.0019
42 0.0806
43 0.0428
44 0.1187
45 0.0117
46 0.1530
47 -0.0167
48 0.1014
49 -0.0397
50 0.1211
9 layers: 	 train MI 0.1211, true 0.0101) 	 test MI -0.0655, true 0.0089)	 energy res train 1.20 	 energy res test 1.20

running train and test for 10 layers
1 -0.2307
2 -0.4370
3 -0.2124
4 -0.3674
5 -0.2072
6 -0.2887
7 -0.1854
8 -0.3103
9 -0.1967
10 -0.2586
11 -0.1318
12 -0.2085
13 -0.1085
14 -0.1952
15 -0.0851
16 -0.2173
17 -0.1161
18 -0.1736
19 -0.0366
20 -0.1393
21 -0.0308
22 -0.1060
23 -0.0939
24 -0.0730
25 -0.0492
26 -0.0489
27 -0.0954
28 -0.0282
29 -0.0279
30 -0.0135
31 0.0146
32 -0.0193
33 -0.0454
34 0.0147
35 0.0002
36 -0.0015
37 -0.0262
38 0.0135
39 0.0045
40 0.0334
41 -0.0237
42 0.0825
43 -0.0149
44 0.0930
45 -0.0529
46 0.1089
47 0.0445
48 0.0219
49 0.0331
50 0.1367
10 layers: 	 train MI 0.1367, true 0.0094) 	 test MI -0.0522, true 0.0115)	 energy res train 1.14 	 energy res test 1.14

running train and test for 11 layers
1 -0.2546
2 -0.6017
3 -0.2238
4 -0.4527
5 -0.1712
6 -0.5613
7 -0.0721
8 -0.4636
9 -0.0029
10 -0.3535
11 0.0407
12 -0.3217
13 0.0437
14 -0.3262
15 0.1007
16 -0.2424
17 0.0701
18 -0.3597
19 0.0992
20 -0.2873
21 0.1199
22 -0.1499
23 0.2446
24 -0.1452
25 0.1749
26 -0.1292
27 0.2445
28 -0.2104
29 0.2309
30 0.0119
31 0.2086
32 -0.0395
33 0.2385
34 -0.1260
35 0.1836
36 0.0080
37 0.2297
38 0.0193
39 0.2160
40 0.0524
41 0.2268
42 0.0832
43 0.2647
44 0.0273
45 0.2751
46 0.1717
47 0.2691
48 0.0912
49 0.2601
50 0.1953
11 layers: 	 train MI 0.1953, true 0.0110) 	 test MI 0.2364, true 0.0085)	 energy res train 0.86 	 energy res test 0.86

running train and test for 12 layers
1 -0.5172
2 -0.3478
3 -0.4032
4 -0.2556
5 -0.3216
6 -0.1992
7 -0.2669
8 -0.1581
9 -0.2053
10 -0.1137
11 -0.1305
12 -0.0620
13 -0.1040
14 -0.0319
15 -0.0514
16 -0.0118
17 -0.0015
18 -0.0088
19 0.0568
20 0.0226
21 0.0452
22 0.0304
23 0.1135
24 0.0889
25 0.1379
26 0.0840
27 0.1194
28 0.1391
29 0.1613
30 0.1141
31 0.1809
32 0.1551
33 0.1964
34 0.1658
35 0.1987
36 0.2065
37 0.1937
38 0.1647
39 0.2270
40 0.2127
41 0.2303
42 0.2057
43 0.2492
44 0.2026
45 0.1770
46 0.2460
47 0.2179
48 0.2504
49 0.2643
50 0.2425
12 layers: 	 train MI 0.2425, true 0.0106) 	 test MI 0.2569, true 0.0090)	 energy res train 0.69 	 energy res test 0.67

running train and test for 13 layers
1 -0.2418
2 -0.2049
3 -0.3031
4 -0.0575
5 -0.2346
6 0.0011
7 -0.1515
8 0.1126
9 -0.0554
10 0.1482
11 -0.1709
12 0.1658
13 0.0318
14 0.1771
15 -0.0202
16 0.2440
17 0.0529
18 0.2509
19 0.0485
20 0.3340
21 0.0837
22 0.2916
23 0.2263
24 0.2732
25 0.2513
26 0.3518
27 0.2667
28 0.3022
29 0.1588
30 0.3587
31 0.2554
32 0.3561
33 0.3257
34 0.3900
35 0.3584
36 0.4403
37 0.2742
38 0.4645
39 0.3784
40 0.4750
41 0.4039
42 0.4800
43 0.3790
44 0.4550
45 0.4850
46 0.4377
47 0.4860
48 0.4428
49 0.3568
50 0.4903
13 layers: 	 train MI 0.4903, true 0.0125) 	 test MI 0.2533, true 0.0105)	 energy res train 0.57 	 energy res test 0.55

running train and test for 14 layers
1 -0.3106
2 -0.4548
3 -0.0060
4 -0.1904
5 0.0904
6 -0.1834
7 0.1753
8 -0.1747
9 0.2088
10 -0.0918
11 0.0870
12 -0.0491
13 0.0865
14 -0.0297
15 0.1785
16 -0.0691
17 0.2976
18 -0.0798
19 0.2711
20 0.0250
21 0.2631
22 0.1455
23 0.2937
24 0.0553
25 0.3743
26 0.0780
27 0.3113
28 0.1786
29 0.4323
30 0.1499
31 0.3856
32 0.2724
33 0.5493
34 0.2705
35 0.6560
36 0.3046
37 0.5763
38 0.2525
39 0.5984
40 0.4025
41 0.6371
42 0.2921
43 0.5533
44 0.1503
45 0.5739
46 0.1193
47 0.6327
48 0.1587
49 0.7443
50 0.1648
14 layers: 	 train MI 0.1648, true 0.0094) 	 test MI 0.5306, true 0.0089)	 energy res train 0.47 	 energy res test 0.46

running train and test for 15 layers
1 -1.6691
2 -0.2806
3 -0.4439
4 -0.1263
5 -0.1968
6 -0.0357
7 -0.0743
8 -0.0168
9 0.0163
10 0.0988
11 0.0902
12 0.1385
13 0.1331
14 0.1461
15 0.1276
16 0.2841
17 0.2681
18 0.2519
19 0.2674
20 0.4169
21 0.3085
22 0.3885
23 0.2417
24 0.4386
25 0.3588
26 0.4484
27 0.3972
28 0.5283
29 0.3881
30 0.4459
31 0.4173
32 0.5599
33 0.3989
34 0.5267
35 0.4281
36 0.5910
37 0.4526
38 0.6002
39 0.4230
40 0.4893
41 0.3947
42 0.5261
43 0.5433
44 0.5948
45 0.4412
46 0.6080
47 0.3616
48 0.6122
49 0.4794
50 0.6016
15 layers: 	 train MI 0.6016, true 0.0121) 	 test MI 0.3907, true 0.0124)	 energy res train 0.39 	 energy res test 0.38

running train and test for 16 layers
1 -0.4774
2 -2.1915
3 -0.2701
4 -2.1951
5 -0.1382
6 -1.7815
7 -0.1262
8 -1.8551
9 0.0736
10 -2.2151
11 0.1321
12 -1.1063
13 0.0240
14 -1.1470
15 0.0874
16 -1.0264
17 0.2215
18 -0.7559
19 0.3729
20 -0.6946
21 0.4428
22 -0.7005
23 0.4522
24 -0.5084
25 0.3967
26 -0.6480
27 0.5034
28 -0.3129
29 0.6009
30 -0.2715
31 0.6532
32 -0.1947
33 0.5622
34 -0.2552
35 0.6163
36 -0.1976
37 0.7563
38 -0.0951
39 0.7850
40 -0.1977
41 0.6805
42 -0.0082
43 0.7363
44 0.1261
45 0.7375
46 0.2982
47 0.7219
48 0.1400
49 0.7706
50 0.1124
16 layers: 	 train MI 0.1124, true 0.0096) 	 test MI 0.7146, true 0.0108)	 energy res train 0.33 	 energy res test 0.32

running train and test for 17 layers
1 -0.4346
2 -1.6520
3 -0.2003
4 -0.7723
5 -0.0461
6 -0.4815
7 0.0158
8 -0.2767
9 0.1095
10 -0.0542
11 0.1962
12 0.0486
13 0.2846
14 0.0858
15 0.3530
16 0.2280
17 0.4102
18 0.3719
19 0.4536
20 0.3804
21 0.5264
22 0.4999
23 0.5020
24 0.4733
25 0.5644
26 0.4745
27 0.5872
28 0.4066
29 0.7468
30 0.4748
31 0.6713
32 0.6814
33 0.8094
34 0.5405
35 0.8147
36 0.6304
37 0.8251
38 0.6189
39 0.8220
40 0.8809
41 1.0274
42 0.6496
43 0.9655
44 0.7403
45 0.8671
46 0.7476
47 1.0205
48 0.6738
49 0.8372
50 0.7331
17 layers: 	 train MI 0.7331, true 0.0085) 	 test MI 0.7955, true 0.0083)	 energy res train 0.28 	 energy res test 0.28

running train and test for 18 layers
1 -1.1123
2 -0.0505
3 -0.2415
4 0.0689
5 -0.3066
6 0.1121
7 -0.2393
8 0.2651
9 -0.1538
10 0.2500
11 -0.0245
12 0.2882
13 0.0235
14 0.1963
15 0.2155
16 0.2547
17 0.2443
18 0.2920
19 0.1193
20 0.4001
21 0.3236
22 0.4367
23 0.2750
24 0.3738
25 0.3805
26 0.4415
27 0.5107
28 0.4454
29 0.5516
30 0.5595
31 0.4947
32 0.5385
33 0.6632
34 0.6173
35 0.6336
36 0.7605
37 0.7262
38 0.8369
39 0.6362
40 0.8840
41 0.7593
42 0.7870
43 0.8663
44 0.7110
45 0.8454
46 0.9302
47 0.7709
48 0.8787
49 0.9119
50 0.7511
18 layers: 	 train MI 0.7511, true 0.0101) 	 test MI 0.7326, true 0.0095)	 energy res train 0.24 	 energy res test 0.24

running train and test for 19 layers
1 -0.3233
2 0.2068
3 0.1362
4 0.4040
5 0.2982
6 0.5643
7 0.4451
8 0.5590
9 0.5541
10 0.3083
11 0.3018
12 0.5354
13 0.3957
14 0.5344
15 0.3829
16 0.5426
17 0.4716
18 0.8098
19 0.3277
20 0.7835
21 0.4626
22 0.7830
23 0.5542
24 0.7503
25 0.4381
26 0.9045
27 0.5564
28 0.9311
29 0.5033
30 0.9138
31 0.4167
32 0.8936
33 0.5444
34 0.9623
35 0.5844
36 1.1040
37 0.5116
38 0.9979
39 0.6921
40 1.0441
41 0.6368
42 0.9327
43 0.7101
44 1.0144
45 0.6618
46 1.1628
47 0.6015
48 1.0082
49 0.7524
50 1.0059
19 layers: 	 train MI 1.0059, true 0.0101) 	 test MI 0.6604, true 0.0090)	 energy res train 0.22 	 energy res test 0.21

running train and test for 20 layers
1 0.0909
2 -0.3479
3 0.0717
4 -0.1629
5 0.1506
6 0.0413
7 0.2234
8 0.1613
9 0.3306
10 0.2082
11 0.3899
12 0.2358
13 0.4723
14 0.1866
15 0.5558
16 0.3016
17 0.5019
18 0.4598
19 0.7225
20 0.2416
21 0.7522
22 0.3086
23 0.6252
24 0.3593
25 0.8417
26 0.4453
27 0.9195
28 0.5073
29 0.9283
30 0.4443
31 0.7820
32 0.4724
33 1.0200
34 0.7376
35 0.8174
36 0.8425
37 0.9009
38 0.9099
39 0.9058
40 0.8059
41 0.9953
42 0.7255
43 0.7428
44 0.8505
45 0.9035
46 0.9627
47 0.9784
48 0.7240
49 0.8445
50 1.0868
20 layers: 	 train MI 1.0868, true 0.0085) 	 test MI 0.9856, true 0.0101)	 energy res train 0.20 	 energy res test 0.19

running train and test for 21 layers
1 -1.0052
2 -1.0514
3 -0.5141
4 -0.6676
5 -0.3021
6 -0.6056
7 -0.2203
8 -0.5378
9 -0.0906
10 -0.3946
11 -0.1457
12 -0.2662
13 0.0915
14 -0.2067
15 0.0862
16 -0.2305
17 0.2060
18 -0.0409
19 0.2746
20 0.0208
21 0.3485
22 0.1709
23 0.4192
24 0.1242
25 0.5491
26 0.2788
27 0.3382
28 0.2617
29 0.3880
30 0.3063
31 0.6673
32 0.3925
33 0.6791
34 0.3504
35 0.5533
36 0.4474
37 0.6278
38 0.3047
39 0.7504
40 0.5238
41 0.8025
42 0.5178
43 0.7985
44 0.4425
45 1.0111
46 0.5431
47 0.8771
48 0.4823
49 0.9356
50 0.5630
21 layers: 	 train MI 0.5630, true 0.0110) 	 test MI 0.9020, true 0.0094)	 energy res train 0.18 	 energy res test 0.17

running train and test for 22 layers
1 -0.5225
2 -0.1267
3 -0.0078
4 0.1670
5 0.3400
6 0.1274
7 0.5543
8 0.3134
9 0.4243
10 0.4549
11 0.4591
12 0.5570
13 0.5777
14 0.6444
15 0.5689
16 0.6516
17 0.7021
18 0.9215
19 0.7690
20 0.6895
21 0.6974
22 0.9767
23 0.8223
24 0.9303
25 0.7859
26 1.0899
27 0.8280
28 1.0021
29 0.8008
30 0.9635
31 0.9586
32 1.2529
33 0.9868
34 1.0703
35 0.8104
36 1.0806
37 0.8482
38 1.2601
39 0.7458
40 1.2510
41 0.9221
42 1.0110
43 0.9102
44 1.1031
45 1.0086
46 1.2523
47 0.8889
48 1.2447
49 0.7991
50 1.2252
22 layers: 	 train MI 1.2252, true 0.0106) 	 test MI 0.6031, true 0.0129)	 energy res train 0.17 	 energy res test 0.16

running train and test for 23 layers
1 -0.7971
2 -0.0119
3 0.0749
4 0.2226
5 0.3069
6 0.3100
7 0.3909
8 0.4076
9 0.4789
10 0.4737
11 0.5114
12 0.5283
13 0.6295
14 0.4806
15 0.8343
16 0.5411
17 0.7736
18 0.5997
19 0.7499
20 0.6495
21 0.9681
22 0.5890
23 0.9441
24 0.7936
25 1.0493
26 0.7494
27 1.0632
28 0.9486
29 1.0707
30 0.8938
31 1.1317
32 0.9620
33 1.1612
34 0.8610
35 1.2772
36 0.9312
37 1.1119
38 0.8283
39 1.2020
40 1.0167
41 1.3022
42 0.8541
43 1.1260
44 0.9696
45 1.1406
46 0.8805
47 1.0884
48 1.1069
49 1.3426
50 1.0197
23 layers: 	 train MI 1.0197, true 0.0084) 	 test MI 1.1991, true 0.0110)	 energy res train 0.16 	 energy res test 0.15

running train and test for 24 layers
1 -1.7097
2 -0.5288
3 -0.5107
4 0.0692
5 -0.1609
6 0.1808
7 0.1168
8 0.2646
9 0.2576
10 0.4406
11 0.4428
12 0.5456
13 0.3949
14 0.5812
15 0.5020
16 0.7274
17 0.6131
18 0.8399
19 0.6331
20 0.7751
21 0.6368
22 0.8781
23 0.5297
24 0.9094
25 0.6847
26 1.0160
27 0.7594
28 0.9933
29 0.8904
30 1.1248
31 0.7677
32 1.0945
33 0.8552
34 0.9076
35 0.8241
36 1.3616
37 1.0711
38 1.2263
39 1.1340
40 1.2185
41 1.0409
42 1.2304
43 1.2835
44 1.2271
45 0.9946
46 0.9418
47 1.3542
48 0.9793
49 1.4256
50 0.5600
24 layers: 	 train MI 0.5600, true 0.0105) 	 test MI 1.2327, true 0.0120)	 energy res train 0.16 	 energy res test 0.14

running train and test for 25 layers
1 -1.2657
2 -0.5498
3 -0.2782
4 -0.2785
5 -0.0779
6 -0.1454
7 -0.0776
8 -0.0841
9 0.0724
10 -0.0237
11 0.1347
12 0.0672
13 0.2152
14 0.1754
15 0.3784
16 0.2120
17 0.4645
18 0.3283
19 0.4847
20 0.3769
21 0.4421
22 0.3377
23 0.6587
24 0.4646
25 0.7479
26 0.5310
27 0.7420
28 0.5193
29 0.6709
30 0.6198
31 0.8311
32 0.5967
33 0.7075
34 0.5095
35 0.8441
36 0.5546
37 0.8248
38 0.5408
39 0.8924
40 0.6579
41 0.9387
42 0.6616
43 1.0600
44 0.7079
45 0.9642
46 0.6755
47 0.8596
48 0.5356
49 0.9042
50 0.7774
25 layers: 	 train MI 0.7774, true 0.0106) 	 test MI 1.0247, true 0.0112)	 energy res train 0.16 	 energy res test 0.14

running train and test for 26 layers
1 -0.2278
2 -0.3606
3 -0.0081
4 -0.0017
5 -0.1786
6 0.0800
7 0.0067
8 0.2960
9 0.1628
10 0.3011
11 0.1863
12 0.3712
13 0.1101
14 0.4063
15 0.3371
16 0.4432
17 0.3289
18 0.4917
19 0.4845
20 0.5544
21 0.4814
22 0.6045
23 0.4532
24 0.5764
25 0.5492
26 0.7262
27 0.6018
28 0.7605
29 0.6059
30 0.8814
31 0.6182
32 0.8366
33 0.6449
34 1.0445
35 0.6957
36 0.8896
37 0.7496
38 0.9131
39 0.6214
40 1.0404
41 0.7953
42 1.1402
43 0.6506
44 0.9808
45 0.6844
46 1.0437
47 0.6994
48 1.0236
49 0.7533
50 1.1238
26 layers: 	 train MI 1.1238, true 0.0130) 	 test MI 0.6511, true 0.0094)	 energy res train 0.15 	 energy res test 0.14

running train and test for 27 layers
1 -2.5612
2 -0.5822
3 -1.4463
4 -0.2603
5 -1.2024
6 -0.1168
7 -0.8290
8 -0.0345
9 -0.6105
10 0.0001
11 -0.5222
12 0.0776
13 -0.4362
14 0.1989
15 -0.3602
16 0.2576
17 -0.1540
18 0.4279
19 -0.0484
20 0.3905
21 0.0546
22 0.4077
23 0.0216
24 0.5126
25 -0.0342
26 0.5560
27 0.1326
28 0.5946
29 0.3324
30 0.5757
31 0.2326
32 0.4832
33 0.4068
34 0.6626
35 0.3363
36 0.6973
37 0.3817
38 0.6813
39 0.5292
40 0.7003
41 0.3923
42 0.7429
43 0.5890
44 0.9213
45 0.3756
46 0.8390
47 0.5300
48 1.0011
49 0.7511
50 0.8591
27 layers: 	 train MI 0.8591, true 0.0103) 	 test MI 0.6855, true 0.0105)	 energy res train 0.15 	 energy res test 0.14

running train and test for 28 layers
1 -1.3657
2 -0.6119
3 -0.4534
4 -0.2509
5 -0.1661
6 -0.0519
7 0.0820
8 0.0402
9 0.1756
10 0.1276
11 0.2315
12 0.1103
13 0.2904
14 0.2380
15 0.3656
16 0.2897
17 0.3964
18 0.4019
19 0.4854
20 0.4439
21 0.5324
22 0.4716
23 0.5274
24 0.4782
25 0.5588
26 0.5179
27 0.5598
28 0.5205
29 0.5784
30 0.4806
31 0.6446
32 0.5183
33 0.6423
34 0.5361
35 0.6366
36 0.5979
37 0.6142
38 0.5481
39 0.6601
40 0.6222
41 0.7226
42 0.6167
43 0.7947
44 0.6151
45 0.7584
46 0.6228
47 0.6998
48 0.6292
49 0.7862
50 0.6112
28 layers: 	 train MI 0.6112, true 0.0102) 	 test MI 0.7626, true 0.0095)	 energy res train 0.15 	 energy res test 0.14

running train and test for 29 layers
1 -0.7145
2 -1.1619
3 -0.2213
4 -0.6729
5 0.0558
6 -0.1977
7 0.2678
8 0.0485
9 0.4561
10 0.2005
11 0.4350
12 0.3562
13 0.5326
14 0.3772
15 0.5602
16 0.4440
17 0.5092
18 0.4626
19 0.6275
20 0.4475
21 0.5856
22 0.5269
23 0.6174
24 0.5434
25 0.5819
26 0.6018
27 0.6376
28 0.6399
29 0.7251
30 0.6114
31 0.6054
32 0.5988
33 0.6116
34 0.6811
35 0.7082
36 0.7200
37 0.7288
38 0.6721
39 0.7374
40 0.7188
41 0.7374
42 0.7624
43 0.6447
44 0.7265
45 0.7481
46 0.7300
47 0.7528
48 0.8395
49 0.7230
50 0.7857
29 layers: 	 train MI 0.7857, true 0.0093) 	 test MI 0.7121, true 0.0123)	 energy res train 0.15 	 energy res test 0.13

running train and test for 30 layers
1 -0.1072
2 -0.4782
3 0.0867
4 -0.4159
5 0.2322
6 -0.3586
7 0.3053
8 -0.2363
9 0.2898
10 -0.0756
11 0.3433
12 -0.1462
13 0.4138
14 -0.0706
15 0.4646
16 0.0367
17 0.5170
18 0.1205
19 0.5170
20 0.2645
21 0.7023
22 0.2569
23 0.6868
24 0.3279
25 0.8003
26 0.3009
27 0.7342
28 0.2868
29 0.7713
30 0.3883
31 0.8882
32 0.1831
33 0.8328
34 0.3029
35 0.8655
36 0.3833
37 0.8736
38 0.3580
39 0.9421
40 0.4478
41 0.9008
42 0.3092
43 0.9044
44 0.4040
45 0.9706
46 0.4397
47 0.9648
48 0.4451
49 0.9285
50 0.3952
30 layers: 	 train MI 0.3952, true 0.0122) 	 test MI 0.9705, true 0.0119)	 energy res train 0.15 	 energy res test 0.13

saving results to results/results_layer_multi.h5
