/eos/home-k/kiwoznia/dev/rodem/optdesign/opDeDe/scripts/train_test_multilayer_calo_sum_vs_particleID.py:57: FutureWarning: <class 'awkward_pandas.array.AwkwardExtensionArray'>._reduce will require a `keepdims` parameter in the future
  df = (df-df.min())/(df.max()-df.min()) * (range_max - range_min) + range_min
100000 samples read
running train and test for 1 layers sum
1 0.0379
2 0.1237
3 0.1370
4 0.1401
5 0.1456
6 0.1486
7 0.1469
8 0.1448
9 0.1532
10 0.1474
11 0.1558
12 0.1519
13 0.1520
14 0.1539
15 0.1508
16 0.1499
17 0.1502
18 0.1566
19 0.1537
20 0.1524
21 0.1482
22 0.1508
23 0.1531
24 0.1570
25 0.1532
26 0.1554
27 0.1522
28 0.1518
29 0.1522
30 0.1583
31 0.1521
32 0.1526
33 0.1540
34 0.1514
35 0.1536
36 0.1512
37 0.1507
38 0.1554
39 0.1531
40 0.1515
41 0.1534
42 0.1572
43 0.1544
44 0.1521
45 0.1578
46 0.1538
47 0.1531
48 0.1514
49 0.1524
50 0.1500
51 0.1572
52 0.1507
53 0.1568
54 0.1526
55 0.1572
56 0.1520
57 0.1564
58 0.1533
59 0.1577
60 0.1584
61 0.1535
62 0.1589
63 0.1539
64 0.1566
65 0.1509
66 0.1559
67 0.1530
68 0.1564
69 0.1565
70 0.1561
71 0.1489
72 0.1546
73 0.1575
74 0.1513
75 0.1504
76 0.1595
77 0.1583
78 0.1573
79 0.1588
80 0.1546
81 0.1637
82 0.1510
83 0.1527
84 0.1530
85 0.1546
86 0.1526
87 0.1577
88 0.1594
89 0.1565
90 0.1522
91 0.1553
92 0.1564
93 0.1505
94 0.1574
95 0.1549
96 0.1582
97 0.1638
98 0.1572
99 0.1571
100 0.1579
running train and test for 2 layers sum
1 0.1841
2 0.3314
3 0.3395
4 0.3383
5 0.3442
6 0.3358
7 0.3475
8 0.3480
9 0.3533
10 0.3464
11 0.3477
12 0.3413
13 0.3438
14 0.3453
15 0.3390
16 0.3471
17 0.3492
18 0.3404
19 0.3507
20 0.3475
21 0.3481
22 0.3433
23 0.3423
24 0.3490
25 0.3450
26 0.3489
27 0.3564
28 0.3420
29 0.3481
30 0.3520
31 0.3426
32 0.3461
33 0.3437
34 0.3472
35 0.3421
36 0.3495
37 0.3474
38 0.3464
39 0.3515
40 0.3572
41 0.3465
42 0.3350
43 0.3503
44 0.3441
45 0.3498
46 0.3545
47 0.3472
48 0.3501
49 0.3567
50 0.3426
51 0.3453
52 0.3443
53 0.3494
54 0.3508
55 0.3482
56 0.3523
57 0.3520
58 0.3557
59 0.3538
60 0.3447
61 0.3525
62 0.3519
63 0.3432
64 0.3493
65 0.3475
66 0.3507
67 0.3543
68 0.3517
69 0.3486
70 0.3453
71 0.3539
72 0.3452
73 0.3524
74 0.3532
75 0.3461
76 0.3556
77 0.3543
78 0.3459
79 0.3465
80 0.3451
81 0.3554
82 0.3544
83 0.3521
84 0.3574
85 0.3500
86 0.3538
87 0.3484
88 0.3414
89 0.3554
90 0.3539
91 0.3468
92 0.3482
93 0.3534
94 0.3524
95 0.3541
96 0.3513
97 0.3513
98 0.3600
99 0.3511
100 0.3445
running train and test for 3 layers sum
1 0.2874
2 0.4841
3 0.4805
4 0.4804
5 0.4792
6 0.4838
7 0.4891
8 0.4802
9 0.4810
10 0.4878
11 0.4857
12 0.4874
13 0.4828
14 0.4911
15 0.4846
16 0.4863
17 0.4896
18 0.4820
19 0.4815
20 0.4894
21 0.4913
22 0.4887
23 0.4867
24 0.4897
25 0.4926
26 0.4943
27 0.4812
28 0.4882
29 0.4835
30 0.4826
31 0.4880
32 0.4869
33 0.4852
34 0.4990
35 0.4857
36 0.4856
37 0.4831
38 0.4868
39 0.4900
40 0.4862
41 0.4856
42 0.4907
43 0.4909
44 0.4956
45 0.4883
46 0.4916
47 0.4903
48 0.4880
49 0.4932
50 0.4832
51 0.4950
52 0.4955
53 0.4901
54 0.4790
55 0.4924
56 0.4873
57 0.4945
58 0.4933
59 0.4897
60 0.4889
61 0.4908
62 0.4937
63 0.4973
64 0.4895
65 0.4897
66 0.5005
67 0.4892
68 0.4974
69 0.4817
70 0.4916
71 0.4977
72 0.4914
73 0.4956
74 0.4909
75 0.4944
76 0.4849
77 0.4849
78 0.4885
79 0.4944
80 0.4943
81 0.4862
82 0.4812
83 0.4949
84 0.4910
85 0.4914
86 0.5001
87 0.4855
88 0.4939
89 0.4821
90 0.4946
91 0.4871
92 0.4897
93 0.4862
94 0.4890
95 0.4834
96 0.4909
97 0.4885
98 0.4853
99 0.4951
100 0.4803
running train and test for 4 layers sum
1 0.3372
2 0.5310
3 0.5309
4 0.5437
5 0.5432
6 0.5381
7 0.5361
8 0.5444
9 0.5362
10 0.5464
11 0.5341
12 0.5430
13 0.5468
14 0.5360
15 0.5448
16 0.5384
17 0.5475
18 0.5328
19 0.5496
20 0.5450
21 0.5444
22 0.5422
23 0.5365
24 0.5484
25 0.5447
26 0.5482
27 0.5525
28 0.5440
29 0.5422
30 0.5491
31 0.5399
32 0.5476
33 0.5481
34 0.5469
35 0.5425
36 0.5447
37 0.5393
38 0.5496
39 0.5323
40 0.5452
41 0.5444
42 0.5430
43 0.5506
44 0.5430
45 0.5385
46 0.5485
47 0.5429
48 0.5527
49 0.5464
50 0.5411
51 0.5444
52 0.5386
53 0.5438
54 0.5533
55 0.5455
56 0.5466
57 0.5512
58 0.5493
59 0.5408
60 0.5434
61 0.5447
62 0.5513
63 0.5484
64 0.5430
65 0.5428
66 0.5420
67 0.5459
68 0.5389
69 0.5453
70 0.5454
71 0.5515
72 0.5617
73 0.5411
74 0.5462
75 0.5459
76 0.5562
77 0.5482
78 0.5452
79 0.5438
80 0.5556
81 0.5422
82 0.5416
83 0.5529
84 0.5425
85 0.5535
86 0.5435
87 0.5444
88 0.5448
89 0.5374
90 0.5483
91 0.5399
92 0.5539
93 0.5473
94 0.5535
95 0.5504
96 0.5392
97 0.5468
98 0.5482
99 0.5415
100 0.5418
running train and test for 5 layers sum
1 0.3574
2 0.5286
3 0.5396
4 0.5457
5 0.5409
6 0.5528
7 0.5463
8 0.5437
9 0.5515
10 0.5506
11 0.5464
12 0.5450
13 0.5525
14 0.5447
15 0.5511
16 0.5515
17 0.5503
18 0.5428
19 0.5510
20 0.5515
21 0.5493
22 0.5508
23 0.5449
24 0.5527
25 0.5578
26 0.5556
27 0.5506
28 0.5464
29 0.5464
30 0.5487
31 0.5518
32 0.5457
33 0.5557
34 0.5479
35 0.5509
36 0.5529
37 0.5550
38 0.5451
39 0.5597
40 0.5459
41 0.5448
42 0.5599
43 0.5421
44 0.5465
45 0.5515
46 0.5485
47 0.5515
48 0.5497
49 0.5530
50 0.5460
51 0.5501
52 0.5520
53 0.5442
54 0.5379
55 0.5508
56 0.5586
57 0.5581
58 0.5575
59 0.5496
60 0.5503
61 0.5561
62 0.5554
63 0.5427
64 0.5580
65 0.5497
66 0.5539
67 0.5495
68 0.5413
69 0.5458
70 0.5456
71 0.5518
72 0.5510
73 0.5508
74 0.5534
75 0.5448
76 0.5532
77 0.5495
78 0.5509
79 0.5516
80 0.5516
81 0.5584
82 0.5497
83 0.5555
84 0.5530
85 0.5546
86 0.5540
87 0.5602
88 0.5514
89 0.5542
90 0.5524
91 0.5389
92 0.5515
93 0.5524
94 0.5537
95 0.5611
96 0.5525
97 0.5391
98 0.5459
99 0.5481
100 0.5525
running train and test for 6 layers sum
1 0.3343
2 0.5059
3 0.5163
4 0.5294
5 0.5286
6 0.5299
7 0.5317
8 0.5336
9 0.5270
10 0.5266
11 0.5288
12 0.5226
13 0.5320
14 0.5227
15 0.5343
16 0.5211
17 0.5346
18 0.5288
19 0.5263
20 0.5220
21 0.5322
22 0.5296
23 0.5306
24 0.5218
25 0.5319
26 0.5261
27 0.5333
28 0.5287
29 0.5246
30 0.5344
31 0.5317
32 0.5230
33 0.5319
34 0.5263
35 0.5294
36 0.5251
37 0.5218
38 0.5299
39 0.5310
40 0.5173
41 0.5282
42 0.5244
43 0.5246
44 0.5294
45 0.5279
46 0.5333
47 0.5279
48 0.5333
49 0.5335
50 0.5302
51 0.5331
52 0.5306
53 0.5299
54 0.5309
55 0.5262
56 0.5299
57 0.5312
58 0.5205
59 0.5296
60 0.5275
61 0.5239
62 0.5274
63 0.5339
64 0.5251
65 0.5267
66 0.5230
67 0.5320
68 0.5246
69 0.5302
70 0.5395
71 0.5315
72 0.5204
73 0.5237
74 0.5257
75 0.5211
76 0.5257
77 0.5244
78 0.5412
79 0.5281
80 0.5239
81 0.5398
82 0.5277
83 0.5330
84 0.5220
85 0.5278
86 0.5345
87 0.5203
88 0.5234
89 0.5294
90 0.5258
91 0.5296
92 0.5246
93 0.5262
94 0.5308
95 0.5216
96 0.5315
97 0.5320
98 0.5324
99 0.5279
100 0.5315
running train and test for 7 layers sum
1 0.2836
2 0.4742
3 0.4917
4 0.4874
5 0.4842
6 0.4972
7 0.5012
8 0.4879
9 0.4939
10 0.5018
11 0.4920
12 0.4965
13 0.4923
14 0.5018
15 0.4969
16 0.4971
17 0.4959
18 0.5045
19 0.4943
20 0.5009
21 0.4929
22 0.4987
23 0.5040
24 0.4980
25 0.4938
26 0.5072
27 0.4973
28 0.4996
29 0.5016
30 0.5018
31 0.4914
32 0.4978
33 0.4953
34 0.4944
35 0.5010
36 0.5040
37 0.4937
38 0.4909
39 0.4941
40 0.4910
41 0.4970
42 0.5032
43 0.4990
44 0.4986
45 0.4950
46 0.4959
47 0.5023
48 0.4937
49 0.4991
50 0.4984
51 0.5004
52 0.5076
53 0.4946
54 0.5019
55 0.4992
56 0.4994
57 0.5013
58 0.5063
59 0.5003
60 0.5074
61 0.5020
62 0.5001
63 0.5050
64 0.5003
65 0.5031
66 0.5003
67 0.4952
68 0.4956
69 0.5020
70 0.4975
71 0.5020
72 0.5123
73 0.5042
74 0.5042
75 0.4989
76 0.4959
77 0.5055
78 0.4899
79 0.5010
80 0.5001
81 0.5005
82 0.5048
83 0.5017
84 0.5023
85 0.5047
86 0.5008
87 0.5049
88 0.5002
89 0.4932
90 0.4989
91 0.4978
92 0.4987
93 0.4933
94 0.5067
95 0.4989
96 0.5030
97 0.5024
98 0.5086
99 0.4978
100 0.5004
running train and test for 8 layers sum
1 0.2876
2 0.4459
3 0.4574
4 0.4461
5 0.4590
6 0.4490
7 0.4558
8 0.4670
9 0.4655
10 0.4559
11 0.4621
12 0.4617
13 0.4620
14 0.4585
15 0.4598
16 0.4651
17 0.4571
18 0.4590
19 0.4704
20 0.4627
21 0.4578
22 0.4624
23 0.4557
24 0.4645
25 0.4661
26 0.4582
27 0.4649
28 0.4598
29 0.4646
30 0.4626
31 0.4606
32 0.4751
33 0.4599
34 0.4651
35 0.4630
36 0.4660
37 0.4632
38 0.4626
39 0.4570
40 0.4579
41 0.4699
42 0.4669
43 0.4706
44 0.4671
45 0.4761
46 0.4685
47 0.4583
48 0.4648
49 0.4534
50 0.4645
51 0.4656
52 0.4530
53 0.4728
54 0.4662
55 0.4696
56 0.4563
57 0.4616
58 0.4700
59 0.4574
60 0.4645
61 0.4568
62 0.4714
63 0.4666
64 0.4653
65 0.4675
66 0.4692
67 0.4636
68 0.4695
69 0.4536
70 0.4715
71 0.4691
72 0.4675
73 0.4660
74 0.4704
75 0.4623
76 0.4616
77 0.4679
78 0.4658
79 0.4714
80 0.4679
81 0.4654
82 0.4709
83 0.4601
84 0.4692
85 0.4647
86 0.4621
87 0.4571
88 0.4677
89 0.4708
90 0.4632
91 0.4693
92 0.4653
93 0.4668
94 0.4674
95 0.4673
96 0.4777
97 0.4679
98 0.4558
99 0.4582
100 0.4696
running train and test for 9 layers sum
1 0.2516
2 0.3913
3 0.4026
4 0.4147
5 0.4153
6 0.4187
7 0.4215
8 0.4229
9 0.4126
10 0.4203
11 0.4253
12 0.4245
13 0.4249
14 0.4254
15 0.4265
16 0.4241
17 0.4267
18 0.4266
19 0.4188
20 0.4331
21 0.4259
22 0.4247
23 0.4238
24 0.4268
25 0.4330
26 0.4351
27 0.4202
28 0.4187
29 0.4272
30 0.4282
31 0.4225
32 0.4204
33 0.4389
34 0.4275
35 0.4346
36 0.4332
37 0.4331
38 0.4281
39 0.4326
40 0.4237
41 0.4360
42 0.4279
43 0.4252
44 0.4314
45 0.4354
46 0.4281
47 0.4331
48 0.4366
49 0.4215
50 0.4194
51 0.4262
52 0.4335
53 0.4276
54 0.4372
55 0.4228
56 0.4264
57 0.4340
58 0.4272
59 0.4393
60 0.4300
61 0.4280
62 0.4264
63 0.4276
64 0.4315
65 0.4330
66 0.4266
67 0.4398
68 0.4211
69 0.4273
70 0.4314
71 0.4277
72 0.4317
73 0.4260
74 0.4337
75 0.4340
76 0.4302
77 0.4245
78 0.4289
79 0.4358
80 0.4326
81 0.4335
82 0.4279
83 0.4316
84 0.4350
85 0.4274
86 0.4331
87 0.4228
88 0.4434
89 0.4333
90 0.4330
91 0.4304
92 0.4364
93 0.4304
94 0.4263
95 0.4313
96 0.4306
97 0.4303
98 0.4301
99 0.4255
100 0.4309
running train and test for 10 layers sum
1 0.2404
2 0.3602
3 0.3779
4 0.3882
5 0.3914
6 0.3840
7 0.3884
8 0.3877
9 0.3904
10 0.3951
11 0.3951
12 0.3912
13 0.3898
14 0.3913
15 0.3969
16 0.3946
17 0.3964
18 0.3967
19 0.3941
20 0.3967
21 0.4031
22 0.3940
23 0.3846
24 0.4036
25 0.3968
26 0.3970
27 0.3992
28 0.3950
29 0.4011
30 0.3981
31 0.4028
32 0.3935
33 0.3958
34 0.4011
35 0.4066
36 0.3898
37 0.3987
38 0.3993
39 0.3904
40 0.3967
41 0.3961
42 0.3957
43 0.4004
44 0.3950
45 0.3949
46 0.3955
47 0.4035
48 0.3970
49 0.3942
50 0.3901
51 0.3972
52 0.3966
53 0.4026
54 0.3958
55 0.3986
56 0.3960
57 0.3923
58 0.3961
59 0.3928
60 0.4029
61 0.3965
62 0.3935
63 0.3969
64 0.3924
65 0.4019
66 0.3913
67 0.4018
68 0.3992
69 0.3994
70 0.3887
71 0.3921
72 0.3981
73 0.4033
74 0.3940
75 0.3918
76 0.3951
77 0.3960
78 0.4055
79 0.3975
80 0.3955
81 0.3947
82 0.4004
83 0.4072
84 0.3902
85 0.3990
86 0.3954
87 0.3985
88 0.3965
89 0.3906
90 0.3971
91 0.3968
92 0.3940
93 0.3901
94 0.4027
95 0.3952
96 0.3950
97 0.4027
98 0.4036
99 0.3986
100 0.3984
running train and test for 11 layers sum
1 0.1598
2 0.2390
3 0.2439
4 0.2468
5 0.2537
6 0.2554
7 0.2599
8 0.2578
9 0.2537
10 0.2562
11 0.2570
12 0.2597
13 0.2607
14 0.2640
15 0.2552
16 0.2621
17 0.2540
18 0.2564
19 0.2594
20 0.2551
21 0.2630
22 0.2597
23 0.2600
24 0.2644
25 0.2605
26 0.2547
27 0.2568
28 0.2580
29 0.2577
30 0.2547
31 0.2587
32 0.2633
33 0.2681
34 0.2577
35 0.2658
36 0.2624
37 0.2635
38 0.2551
39 0.2566
40 0.2582
41 0.2619
42 0.2639
43 0.2603
44 0.2591
45 0.2604
46 0.2626
47 0.2653
48 0.2581
49 0.2633
50 0.2595
51 0.2653
52 0.2574
53 0.2577
54 0.2613
55 0.2603
56 0.2539
57 0.2609
58 0.2601
59 0.2548
60 0.2645
61 0.2631
62 0.2547
63 0.2521
64 0.2580
65 0.2624
66 0.2570
67 0.2567
68 0.2641
69 0.2616
70 0.2624
71 0.2635
72 0.2611
73 0.2592
74 0.2568
75 0.2635
76 0.2634
77 0.2637
78 0.2623
79 0.2585
80 0.2586
81 0.2561
82 0.2608
83 0.2584
84 0.2586
85 0.2649
86 0.2638
87 0.2676
88 0.2592
89 0.2556
90 0.2603
91 0.2640
92 0.2611
93 0.2586
94 0.2615
95 0.2636
96 0.2637
97 0.2617
98 0.2611
99 0.2662
100 0.2681
running train and test for 12 layers sum
1 0.1028
2 0.1376
3 0.1451
4 0.1520
5 0.1532
6 0.1588
7 0.1539
8 0.1550
9 0.1554
10 0.1552
11 0.1542
12 0.1573
13 0.1572
14 0.1583
15 0.1557
16 0.1631
17 0.1578
18 0.1583
19 0.1624
20 0.1591
21 0.1553
22 0.1647
23 0.1585
24 0.1590
25 0.1575
26 0.1580
27 0.1578
28 0.1550
29 0.1567
30 0.1611
31 0.1564
32 0.1550
33 0.1561
34 0.1572
35 0.1622
36 0.1655
37 0.1567
38 0.1623
39 0.1568
40 0.1583
41 0.1607
42 0.1589
43 0.1613
44 0.1571
45 0.1648
46 0.1614
47 0.1603
48 0.1594
49 0.1613
50 0.1601
51 0.1576
52 0.1555
53 0.1626
54 0.1566
55 0.1559
56 0.1560
57 0.1601
58 0.1592
59 0.1598
60 0.1604
61 0.1582
62 0.1607
63 0.1603
64 0.1547
65 0.1573
66 0.1565
67 0.1542
68 0.1599
69 0.1627
70 0.1547
71 0.1606
72 0.1608
73 0.1614
74 0.1578
75 0.1642
76 0.1597
77 0.1587
78 0.1629
79 0.1600
80 0.1539
81 0.1576
82 0.1598
83 0.1636
84 0.1585
85 0.1633
86 0.1610
87 0.1605
88 0.1603
89 0.1590
90 0.1607
91 0.1579
92 0.1604
93 0.1592
94 0.1594
95 0.1599
96 0.1556
97 0.1581
98 0.1592
99 0.1620
100 0.1611
running train and test for 13 layers sum
1 0.0366
2 0.0734
3 0.0733
4 0.0732
5 0.0764
6 0.0824
7 0.0824
8 0.0844
9 0.0899
10 0.0839
11 0.0868
12 0.0837
13 0.0921
14 0.0934
15 0.0922
16 0.0892
17 0.0916
18 0.0914
19 0.0895
20 0.0907
21 0.0908
22 0.0917
23 0.0877
24 0.0906
25 0.0878
26 0.0920
27 0.0890
28 0.0931
29 0.0928
30 0.0910
31 0.0929
32 0.0901
33 0.0897
34 0.0933
35 0.0922
36 0.0910
37 0.0895
38 0.0953
39 0.0929
40 0.0941
41 0.0957
42 0.0892
43 0.0912
44 0.0935
45 0.0892
46 0.0953
47 0.0911
48 0.0913
49 0.0902
50 0.0939
51 0.0883
52 0.0902
53 0.0949
54 0.0880
55 0.0928
56 0.0915
57 0.0906
58 0.0899
59 0.0949
60 0.0920
61 0.0917
62 0.0923
63 0.0894
64 0.0919
65 0.0946
66 0.0855
67 0.0956
68 0.0936
69 0.0932
70 0.0954
71 0.0924
72 0.0896
73 0.0925
74 0.0909
75 0.0903
76 0.0927
77 0.0926
78 0.0939
79 0.0932
80 0.0936
81 0.0930
82 0.0935
83 0.0909
84 0.0909
85 0.0930
86 0.0943
87 0.0972
88 0.0961
89 0.0904
90 0.0995
91 0.0919
92 0.0927
93 0.0917
94 0.0893
95 0.0898
96 0.0954
97 0.0981
98 0.0955
99 0.0942
100 0.0928
running train and test for 14 layers sum
1 0.0226
2 0.0381
3 0.0400
4 0.0404
5 0.0409
6 0.0412
7 0.0436
8 0.0456
9 0.0461
10 0.0434
11 0.0438
12 0.0469
13 0.0486
14 0.0498
15 0.0496
16 0.0464
17 0.0489
18 0.0490
19 0.0487
20 0.0513
21 0.0486
22 0.0528
23 0.0516
24 0.0522
25 0.0476
26 0.0496
27 0.0513
28 0.0515
29 0.0526
30 0.0484
31 0.0493
32 0.0491
33 0.0488
34 0.0489
35 0.0517
36 0.0504
37 0.0473
38 0.0494
39 0.0503
40 0.0519
41 0.0521
42 0.0502
43 0.0532
44 0.0499
45 0.0513
46 0.0511
47 0.0533
48 0.0509
49 0.0496
50 0.0525
51 0.0527
52 0.0538
53 0.0527
54 0.0523
55 0.0504
56 0.0509
57 0.0534
58 0.0543
59 0.0558
60 0.0544
61 0.0513
62 0.0539
63 0.0517
64 0.0541
65 0.0501
66 0.0539
67 0.0559
68 0.0519
69 0.0548
70 0.0530
71 0.0530
72 0.0550
73 0.0518
74 0.0535
75 0.0543
76 0.0579
77 0.0540
78 0.0525
79 0.0549
80 0.0555
81 0.0548
82 0.0539
83 0.0516
84 0.0541
85 0.0541
86 0.0581
87 0.0510
88 0.0567
89 0.0553
90 0.0558
91 0.0563
92 0.0553
93 0.0551
94 0.0555
95 0.0519
96 0.0497
97 0.0541
98 0.0555
99 0.0556
100 0.0550
running train and test for 15 layers sum
1 0.0076
2 0.0131
3 0.0155
4 0.0162
5 0.0149
6 0.0155
7 0.0171
8 0.0191
9 0.0210
10 0.0194
11 0.0203
12 0.0215
13 0.0220
14 0.0231
15 0.0216
16 0.0209
17 0.0246
18 0.0215
19 0.0238
20 0.0259
21 0.0224
22 0.0227
23 0.0250
24 0.0248
25 0.0249
26 0.0227
27 0.0241
28 0.0263
29 0.0248
30 0.0253
31 0.0218
32 0.0236
33 0.0245
34 0.0252
35 0.0268
36 0.0250
37 0.0264
38 0.0265
39 0.0269
40 0.0274
41 0.0296
42 0.0292
43 0.0285
44 0.0303
45 0.0319
46 0.0324
47 0.0288
48 0.0298
49 0.0290
50 0.0321
51 0.0297
52 0.0287
53 0.0321
54 0.0311
55 0.0303
56 0.0322
57 0.0288
58 0.0331
59 0.0316
60 0.0300
61 0.0321
62 0.0311
63 0.0300
64 0.0323
65 0.0307
66 0.0310
67 0.0326
68 0.0311
69 0.0321
70 0.0330
71 0.0309
72 0.0327
73 0.0301
74 0.0317
75 0.0293
76 0.0305
77 0.0291
78 0.0332
79 0.0310
80 0.0326
81 0.0284
82 0.0312
83 0.0327
84 0.0317
85 0.0332
86 0.0308
87 0.0303
88 0.0315
89 0.0331
90 0.0288
91 0.0317
92 0.0332
93 0.0331
94 0.0319
95 0.0322
96 0.0305
97 0.0299
98 0.0314
99 0.0306
100 0.0341
running train and test for 16 layers sum
1 0.0020
2 0.0047
3 0.0044
4 0.0045
5 0.0041
6 0.0063
7 0.0060
8 0.0065
9 0.0057
10 0.0070
11 0.0065
12 0.0084
13 0.0073
14 0.0097
15 0.0110
16 0.0118
17 0.0132
18 0.0130
19 0.0153
20 0.0148
21 0.0148
22 0.0128
23 0.0168
24 0.0178
25 0.0193
26 0.0181
27 0.0173
28 0.0144
29 0.0202
30 0.0170
31 0.0193
32 0.0183
33 0.0198
34 0.0164
35 0.0188
36 0.0170
37 0.0193
38 0.0188
39 0.0182
40 0.0168
41 0.0167
42 0.0163
43 0.0228
44 0.0160
45 0.0203
46 0.0184
47 0.0194
48 0.0224
49 0.0189
50 0.0210
51 0.0198
52 0.0206
53 0.0203
54 0.0177
55 0.0209
56 0.0181
57 0.0215
58 0.0196
59 0.0218
60 0.0201
61 0.0200
62 0.0206
63 0.0211
64 0.0205
65 0.0208
66 0.0203
67 0.0208
68 0.0213
69 0.0222
70 0.0215
71 0.0191
72 0.0203
73 0.0209
74 0.0230
75 0.0225
76 0.0209
77 0.0207
78 0.0214
79 0.0202
80 0.0219
81 0.0203
82 0.0200
83 0.0204
84 0.0233
85 0.0215
86 0.0224
87 0.0216
88 0.0208
89 0.0221
90 0.0199
91 0.0226
92 0.0228
93 0.0184
94 0.0218
95 0.0219
96 0.0196
97 0.0204
98 0.0226
99 0.0197
100 0.0231
running train and test for 17 layers sum
1 -0.0003
2 -0.0001
3 -0.0000
4 0.0001
5 0.0003
6 0.0006
7 0.0008
8 0.0008
9 0.0004
10 0.0009
11 0.0013
12 0.0013
13 0.0011
14 0.0013
15 0.0016
16 0.0022
17 0.0018
18 0.0031
19 0.0028
20 0.0035
21 0.0042
22 0.0048
23 0.0060
24 0.0070
25 0.0081
26 0.0096
27 0.0101
28 0.0080
29 0.0108
30 0.0105
31 0.0105
32 0.0095
33 0.0132
34 0.0132
35 0.0142
36 0.0117
37 0.0131
38 0.0105
39 0.0141
40 0.0143
41 0.0120
42 0.0130
43 0.0128
44 0.0132
45 0.0142
46 0.0137
47 0.0160
48 0.0155
49 0.0142
50 0.0135
51 0.0155
52 0.0130
53 0.0162
54 0.0152
55 0.0138
56 0.0164
57 0.0151
58 0.0141
59 0.0134
60 0.0149
61 0.0176
62 0.0133
63 0.0137
64 0.0150
65 0.0155
66 0.0150
67 0.0168
68 0.0156
69 0.0147
70 0.0155
71 0.0167
72 0.0142
73 0.0123
74 0.0148
75 0.0152
76 0.0189
77 0.0154
78 0.0163
79 0.0145
80 0.0143
81 0.0161
82 0.0168
83 0.0159
84 0.0156
85 0.0157
86 0.0153
87 0.0169
88 0.0168
89 0.0151
90 0.0144
91 0.0158
92 0.0171
93 0.0164
94 0.0156
95 0.0162
96 0.0162
97 0.0180
98 0.0160
99 0.0158
100 0.0150
running train and test for 18 layers sum
1 -0.0001
2 -0.0001
3 -0.0001
4 0.0001
5 0.0004
6 0.0019
7 0.0038
8 0.0055
9 0.0080
10 0.0085
11 0.0111
12 0.0112
13 0.0112
14 0.0144
15 0.0126
16 0.0117
17 0.0131
18 0.0131
19 0.0121
20 0.0125
21 0.0141
22 0.0141
23 0.0128
24 0.0142
25 0.0128
26 0.0151
27 0.0137
28 0.0153
29 0.0153
30 0.0131
31 0.0134
32 0.0131
33 0.0146
34 0.0149
35 0.0154
36 0.0152
37 0.0143
38 0.0148
39 0.0154
40 0.0152
41 0.0150
42 0.0150
43 0.0153
44 0.0137
45 0.0160
46 0.0129
47 0.0176
48 0.0147
49 0.0160
50 0.0150
51 0.0140
52 0.0147
53 0.0158
54 0.0145
55 0.0147
56 0.0159
57 0.0143
58 0.0163
59 0.0153
60 0.0147
61 0.0145
62 0.0163
63 0.0160
64 0.0159
65 0.0178
66 0.0143
67 0.0144
68 0.0150
69 0.0148
70 0.0146
71 0.0156
72 0.0148
73 0.0154
74 0.0165
75 0.0179
76 0.0161
77 0.0140
78 0.0155
79 0.0148
80 0.0158
81 0.0149
82 0.0166
83 0.0144
84 0.0157
85 0.0161
86 0.0168
87 0.0161
88 0.0170
89 0.0153
90 0.0154
91 0.0141
92 0.0157
93 0.0170
94 0.0170
95 0.0162
96 0.0169
97 0.0145
98 0.0165
99 0.0168
100 0.0162
running train and test for 19 layers sum
1 -0.0003
2 0.0003
3 0.0007
4 0.0015
5 0.0024
6 0.0039
7 0.0054
8 0.0081
9 0.0107
10 0.0094
11 0.0120
12 0.0139
13 0.0131
14 0.0127
15 0.0140
16 0.0148
17 0.0160
18 0.0135
19 0.0149
20 0.0146
21 0.0153
22 0.0151
23 0.0164
24 0.0136
25 0.0179
26 0.0146
27 0.0149
28 0.0173
29 0.0170
30 0.0152
31 0.0178
32 0.0194
33 0.0181
34 0.0167
35 0.0171
36 0.0171
37 0.0188
38 0.0189
39 0.0177
40 0.0177
41 0.0159
42 0.0171
43 0.0163
44 0.0164
45 0.0173
46 0.0169
47 0.0183
48 0.0169
49 0.0172
50 0.0167
51 0.0197
52 0.0179
53 0.0168
54 0.0175
55 0.0166
56 0.0187
57 0.0183
58 0.0190
59 0.0185
60 0.0171
61 0.0181
62 0.0172
63 0.0190
64 0.0180
65 0.0184
66 0.0195
67 0.0202
68 0.0182
69 0.0187
70 0.0183
71 0.0193
72 0.0187
73 0.0192
74 0.0208
75 0.0195
76 0.0202
77 0.0179
78 0.0195
79 0.0198
80 0.0188
81 0.0168
82 0.0174
83 0.0173
84 0.0191
85 0.0195
86 0.0185
87 0.0202
88 0.0194
89 0.0189
90 0.0198
91 0.0199
92 0.0185
93 0.0176
94 0.0195
95 0.0190
96 0.0160
97 0.0172
98 0.0192
99 0.0186
100 0.0173
running train and test for 20 layers sum
1 0.0007
2 0.0023
3 0.0037
4 0.0055
5 0.0087
6 0.0117
7 0.0155
8 0.0157
9 0.0126
10 0.0161
11 0.0159
12 0.0166
13 0.0174
14 0.0171
15 0.0184
16 0.0159
17 0.0185
18 0.0174
19 0.0173
20 0.0192
21 0.0205
22 0.0189
23 0.0196
24 0.0218
25 0.0201
26 0.0203
27 0.0182
28 0.0195
29 0.0183
30 0.0215
31 0.0200
32 0.0189
33 0.0184
34 0.0198
35 0.0189
36 0.0179
37 0.0202
38 0.0191
39 0.0221
40 0.0192
41 0.0232
42 0.0207
43 0.0194
44 0.0199
45 0.0216
46 0.0186
47 0.0218
48 0.0189
49 0.0207
50 0.0215
51 0.0221
52 0.0195
53 0.0214
54 0.0224
55 0.0203
56 0.0206
57 0.0200
58 0.0189
59 0.0219
60 0.0190
61 0.0205
62 0.0212
63 0.0189
64 0.0195
65 0.0210
66 0.0209
67 0.0205
68 0.0212
69 0.0185
70 0.0210
71 0.0212
72 0.0209
73 0.0206
74 0.0215
75 0.0206
76 0.0208
77 0.0206
78 0.0219
79 0.0215
80 0.0212
81 0.0215
82 0.0207
83 0.0206
84 0.0194
85 0.0203
86 0.0193
87 0.0223
88 0.0225
89 0.0234
90 0.0200
91 0.0219
92 0.0243
93 0.0218
94 0.0208
95 0.0203
96 0.0210
97 0.0217
98 0.0206
99 0.0223
100 0.0219
running train and test for 21 layers sum
1 0.0015
2 0.0042
3 0.0068
4 0.0100
5 0.0149
6 0.0175
7 0.0167
8 0.0201
9 0.0232
10 0.0209
11 0.0219
12 0.0218
13 0.0220
14 0.0221
15 0.0208
16 0.0240
17 0.0240
18 0.0231
19 0.0240
20 0.0231
21 0.0209
22 0.0248
23 0.0261
24 0.0238
25 0.0238
26 0.0240
27 0.0231
28 0.0256
29 0.0233
30 0.0226
31 0.0239
32 0.0214
33 0.0254
34 0.0230
35 0.0237
36 0.0241
37 0.0217
38 0.0241
39 0.0245
40 0.0245
41 0.0252
42 0.0259
43 0.0233
44 0.0242
45 0.0243
46 0.0237
47 0.0239
48 0.0244
49 0.0234
50 0.0249
51 0.0250
52 0.0239
53 0.0251
54 0.0241
55 0.0230
56 0.0249
57 0.0260
58 0.0232
59 0.0247
60 0.0219
61 0.0249
62 0.0261
63 0.0250
64 0.0246
65 0.0257
66 0.0238
67 0.0254
68 0.0245
69 0.0231
70 0.0222
71 0.0254
72 0.0240
73 0.0252
74 0.0246
75 0.0233
76 0.0241
77 0.0224
78 0.0241
79 0.0238
80 0.0255
81 0.0241
82 0.0242
83 0.0272
84 0.0242
85 0.0250
86 0.0239
87 0.0245
88 0.0231
89 0.0252
90 0.0238
91 0.0258
92 0.0246
93 0.0255
94 0.0249
95 0.0255
96 0.0258
97 0.0252
98 0.0247
99 0.0251
100 0.0239
running train and test for 22 layers sum
1 0.0027
2 0.0063
3 0.0104
4 0.0131
5 0.0186
6 0.0201
7 0.0225
8 0.0233
9 0.0231
10 0.0247
11 0.0235
12 0.0241
13 0.0248
14 0.0242
15 0.0253
16 0.0273
17 0.0262
18 0.0258
19 0.0269
20 0.0279
21 0.0273
22 0.0249
23 0.0263
24 0.0270
25 0.0234
26 0.0268
27 0.0253
28 0.0276
29 0.0260
30 0.0275
31 0.0270
32 0.0263
33 0.0261
34 0.0248
35 0.0282
36 0.0273
37 0.0249
38 0.0247
39 0.0276
40 0.0291
41 0.0270
42 0.0246
43 0.0266
44 0.0273
45 0.0277
46 0.0275
47 0.0260
48 0.0265
49 0.0252
50 0.0284
51 0.0277
52 0.0272
53 0.0289
54 0.0265
55 0.0301
56 0.0277
57 0.0275
58 0.0283
59 0.0274
60 0.0293
61 0.0271
62 0.0264
63 0.0277
64 0.0293
65 0.0285
66 0.0294
67 0.0247
68 0.0275
69 0.0252
70 0.0295
71 0.0271
72 0.0272
73 0.0256
74 0.0271
75 0.0283
76 0.0262
77 0.0290
78 0.0278
79 0.0272
80 0.0267
81 0.0274
82 0.0257
83 0.0284
84 0.0269
85 0.0275
86 0.0263
87 0.0269
88 0.0275
89 0.0273
90 0.0286
91 0.0286
92 0.0258
93 0.0255
94 0.0278
95 0.0288
96 0.0284
97 0.0261
98 0.0267
99 0.0295
100 0.0276
running train and test for 23 layers sum
1 0.0028
2 0.0082
3 0.0104
4 0.0151
5 0.0198
6 0.0203
7 0.0230
8 0.0245
9 0.0242
10 0.0249
11 0.0196
12 0.0285
13 0.0262
14 0.0297
15 0.0261
16 0.0261
17 0.0302
18 0.0219
19 0.0276
20 0.0285
21 0.0271
22 0.0300
23 0.0269
24 0.0290
25 0.0268
26 0.0306
27 0.0262
28 0.0320
29 0.0298
30 0.0282
31 0.0282
32 0.0301
33 0.0288
34 0.0286
35 0.0275
36 0.0277
37 0.0290
38 0.0293
39 0.0280
40 0.0261
41 0.0287
42 0.0268
43 0.0311
44 0.0285
45 0.0290
46 0.0272
47 0.0294
48 0.0293
49 0.0266
50 0.0264
51 0.0299
52 0.0305
53 0.0293
54 0.0292
55 0.0296
56 0.0292
57 0.0285
58 0.0310
59 0.0287
60 0.0293
61 0.0289
62 0.0308
63 0.0299
64 0.0286
65 0.0293
66 0.0316
67 0.0303
68 0.0300
69 0.0276
70 0.0289
71 0.0323
72 0.0306
73 0.0307
74 0.0311
75 0.0289
76 0.0312
77 0.0287
78 0.0300
79 0.0327
80 0.0287
81 0.0324
82 0.0300
83 0.0297
84 0.0304
85 0.0305
86 0.0292
87 0.0310
88 0.0325
89 0.0307
90 0.0295
91 0.0292
92 0.0324
93 0.0283
94 0.0315
95 0.0300
96 0.0286
97 0.0303
98 0.0289
99 0.0298
100 0.0305
running train and test for 24 layers sum
1 0.0036
2 0.0107
3 0.0188
4 0.0223
5 0.0236
6 0.0256
7 0.0254
8 0.0282
9 0.0277
10 0.0306
11 0.0305
12 0.0275
13 0.0292
14 0.0288
15 0.0299
16 0.0278
17 0.0311
18 0.0305
19 0.0295
20 0.0297
21 0.0300
22 0.0329
23 0.0318
24 0.0307
25 0.0305
26 0.0303
27 0.0335
28 0.0298
29 0.0271
30 0.0317
31 0.0298
32 0.0307
33 0.0303
34 0.0318
35 0.0302
36 0.0327
37 0.0296
38 0.0318
39 0.0310
40 0.0299
41 0.0299
42 0.0305
43 0.0321
44 0.0310
45 0.0322
46 0.0314
47 0.0308
48 0.0325
49 0.0329
50 0.0293
51 0.0290
52 0.0335
53 0.0335
54 0.0296
55 0.0325
56 0.0305
57 0.0303
58 0.0287
59 0.0317
60 0.0302
61 0.0308
62 0.0309
63 0.0291
64 0.0303
65 0.0318
66 0.0330
67 0.0324
68 0.0323
69 0.0314
70 0.0310
71 0.0343
72 0.0311
73 0.0304
74 0.0311
75 0.0321
76 0.0295
77 0.0308
78 0.0335
79 0.0311
80 0.0341
81 0.0326
82 0.0312
83 0.0311
84 0.0333
85 0.0308
86 0.0335
87 0.0310
88 0.0289
89 0.0304
90 0.0293
91 0.0334
92 0.0316
93 0.0310
94 0.0301
95 0.0308
96 0.0332
97 0.0315
98 0.0338
99 0.0310
100 0.0309
running train and test for 25 layers sum
1 0.0038
2 0.0131
3 0.0197
4 0.0220
5 0.0266
6 0.0306
7 0.0302
8 0.0267
9 0.0295
10 0.0304
11 0.0280
12 0.0323
13 0.0306
14 0.0303
15 0.0302
16 0.0315
17 0.0307
18 0.0319
19 0.0300
20 0.0325
21 0.0305
22 0.0333
23 0.0332
24 0.0313
25 0.0333
26 0.0327
27 0.0329
28 0.0292
29 0.0300
30 0.0317
31 0.0337
32 0.0315
33 0.0311
34 0.0295
35 0.0326
36 0.0327
37 0.0320
38 0.0299
39 0.0325
40 0.0302
41 0.0315
42 0.0310
43 0.0326
44 0.0334
45 0.0323
46 0.0317
47 0.0314
48 0.0342
49 0.0314
50 0.0336
51 0.0334
52 0.0301
53 0.0324
54 0.0330
55 0.0329
56 0.0303
57 0.0312
58 0.0348
59 0.0328
60 0.0321
61 0.0333
62 0.0301
63 0.0323
64 0.0310
65 0.0329
66 0.0322
67 0.0323
68 0.0340
69 0.0309
70 0.0329
71 0.0330
72 0.0361
73 0.0337
74 0.0323
75 0.0322
76 0.0344
77 0.0334
78 0.0321
79 0.0326
80 0.0344
81 0.0333
82 0.0322
83 0.0320
84 0.0316
85 0.0318
86 0.0329
87 0.0338
88 0.0334
89 0.0347
90 0.0322
91 0.0327
92 0.0318
93 0.0327
94 0.0337
95 0.0335
96 0.0335
97 0.0329
98 0.0344
99 0.0331
100 0.0356
running train and test for 26 layers sum
1 0.0042
2 0.0123
3 0.0192
4 0.0240
5 0.0285
6 0.0275
7 0.0289
8 0.0308
9 0.0307
10 0.0309
11 0.0319
12 0.0319
13 0.0339
14 0.0324
15 0.0347
16 0.0314
17 0.0320
18 0.0327
19 0.0328
20 0.0328
21 0.0324
22 0.0323
23 0.0313
24 0.0318
25 0.0317
26 0.0345
27 0.0298
28 0.0353
29 0.0310
30 0.0337
31 0.0345
32 0.0312
33 0.0299
34 0.0341
35 0.0329
36 0.0321
37 0.0310
38 0.0344
39 0.0336
40 0.0327
41 0.0348
42 0.0319
43 0.0325
44 0.0343
45 0.0309
46 0.0341
47 0.0311
48 0.0329
49 0.0344
50 0.0303
51 0.0330
52 0.0344
53 0.0337
54 0.0338
55 0.0324
56 0.0335
57 0.0322
58 0.0321
59 0.0328
60 0.0329
61 0.0344
62 0.0312
63 0.0325
64 0.0361
65 0.0320
66 0.0341
67 0.0343
68 0.0319
69 0.0335
70 0.0335
71 0.0343
72 0.0335
73 0.0332
74 0.0333
75 0.0350
76 0.0337
77 0.0362
78 0.0341
79 0.0339
80 0.0340
81 0.0343
82 0.0347
83 0.0373
84 0.0333
85 0.0330
86 0.0355
87 0.0379
88 0.0318
89 0.0295
90 0.0305
91 0.0328
92 0.0339
93 0.0351
94 0.0344
95 0.0348
96 0.0363
97 0.0371
98 0.0352
99 0.0328
100 0.0335
running train and test for 27 layers sum
1 0.0032
2 0.0110
3 0.0182
4 0.0207
5 0.0240
6 0.0272
7 0.0281
8 0.0312
9 0.0297
10 0.0304
11 0.0302
12 0.0285
13 0.0306
14 0.0319
15 0.0330
16 0.0305
17 0.0329
18 0.0315
19 0.0322
20 0.0330
21 0.0340
22 0.0318
23 0.0321
24 0.0348
25 0.0336
26 0.0344
27 0.0342
28 0.0321
29 0.0295
30 0.0358
31 0.0349
32 0.0345
33 0.0324
34 0.0305
35 0.0340
36 0.0305
37 0.0318
38 0.0341
39 0.0312
40 0.0339
41 0.0306
42 0.0321
43 0.0339
44 0.0313
45 0.0333
46 0.0318
47 0.0339
48 0.0343
49 0.0360
50 0.0330
51 0.0321
52 0.0329
53 0.0324
54 0.0318
55 0.0296
56 0.0343
57 0.0359
58 0.0305
59 0.0349
60 0.0347
61 0.0315
62 0.0329
63 0.0348
64 0.0334
65 0.0335
66 0.0332
67 0.0319
68 0.0331
69 0.0332
70 0.0318
71 0.0328
72 0.0350
73 0.0329
74 0.0342
75 0.0382
76 0.0314
77 0.0330
78 0.0340
79 0.0364
80 0.0357
81 0.0327
82 0.0323
83 0.0354
84 0.0358
85 0.0330
86 0.0351
87 0.0326
88 0.0328
89 0.0351
90 0.0344
91 0.0337
92 0.0374
93 0.0342
94 0.0342
95 0.0342
96 0.0323
97 0.0353
98 0.0334
99 0.0347
100 0.0371
running train and test for 28 layers sum
1 0.0073
2 0.0187
3 0.0258
4 0.0315
5 0.0313
6 0.0319
7 0.0322
8 0.0327
9 0.0356
10 0.0333
11 0.0337
12 0.0327
13 0.0340
14 0.0348
15 0.0342
16 0.0363
17 0.0352
18 0.0342
19 0.0351
20 0.0350
21 0.0333
22 0.0324
23 0.0344
24 0.0338
25 0.0350
26 0.0335
27 0.0316
28 0.0329
29 0.0348
30 0.0337
31 0.0350
32 0.0359
33 0.0339
34 0.0366
35 0.0373
36 0.0352
37 0.0363
38 0.0359
39 0.0342
40 0.0335
41 0.0342
42 0.0341
43 0.0348
44 0.0347
45 0.0365
46 0.0377
47 0.0353
48 0.0342
49 0.0375
50 0.0339
51 0.0340
52 0.0341
53 0.0345
54 0.0359
55 0.0341
56 0.0356
57 0.0374
58 0.0371
59 0.0342
60 0.0364
61 0.0326
62 0.0347
63 0.0362
64 0.0375
65 0.0369
66 0.0361
67 0.0364
68 0.0375
69 0.0362
70 0.0356
71 0.0357
72 0.0362
73 0.0335
74 0.0346
75 0.0354
76 0.0343
77 0.0357
78 0.0351
79 0.0352
80 0.0354
81 0.0324
82 0.0359
83 0.0356
84 0.0340
85 0.0356
86 0.0353
87 0.0372
88 0.0357
89 0.0344
90 0.0355
91 0.0357
92 0.0368
93 0.0348
94 0.0372
95 0.0347
96 0.0354
97 0.0350
98 0.0369
99 0.0369
100 0.0355
running train and test for 29 layers sum
1 0.0046
2 0.0163
3 0.0190
4 0.0235
5 0.0236
6 0.0294
7 0.0281
8 0.0321
9 0.0321
10 0.0319
11 0.0291
12 0.0337
13 0.0319
14 0.0329
15 0.0301
16 0.0337
17 0.0324
18 0.0329
19 0.0329
20 0.0340
21 0.0342
22 0.0340
23 0.0340
24 0.0324
25 0.0331
26 0.0320
27 0.0318
28 0.0326
29 0.0377
30 0.0344
31 0.0349
32 0.0344
33 0.0367
34 0.0316
35 0.0325
36 0.0324
37 0.0351
38 0.0342
39 0.0340
40 0.0308
41 0.0330
42 0.0351
43 0.0351
44 0.0354
45 0.0369
46 0.0351
47 0.0348
48 0.0347
49 0.0345
50 0.0343
51 0.0354
52 0.0348
53 0.0327
54 0.0361
55 0.0347
56 0.0360
57 0.0354
58 0.0331
59 0.0356
60 0.0334
61 0.0333
62 0.0365
63 0.0356
64 0.0354
65 0.0341
66 0.0354
67 0.0335
68 0.0351
69 0.0379
70 0.0339
71 0.0344
72 0.0347
73 0.0325
74 0.0348
75 0.0356
76 0.0336
77 0.0338
78 0.0356
79 0.0341
80 0.0376
81 0.0356
82 0.0379
83 0.0377
84 0.0353
85 0.0332
86 0.0367
87 0.0340
88 0.0332
89 0.0359
90 0.0366
91 0.0373
92 0.0360
93 0.0367
94 0.0343
95 0.0340
96 0.0356
97 0.0339
98 0.0360
99 0.0363
100 0.0343
running train and test for 30 layers sum
1 0.0061
2 0.0115
3 0.0177
4 0.0217
5 0.0253
6 0.0263
7 0.0298
8 0.0305
9 0.0309
10 0.0343
11 0.0328
12 0.0341
13 0.0330
14 0.0351
15 0.0349
16 0.0339
17 0.0338
18 0.0336
19 0.0331
20 0.0339
21 0.0342
22 0.0356
23 0.0347
24 0.0346
25 0.0349
26 0.0345
27 0.0358
28 0.0353
29 0.0349
30 0.0342
31 0.0353
32 0.0366
33 0.0374
34 0.0340
35 0.0371
36 0.0368
37 0.0360
38 0.0348
39 0.0365
40 0.0365
41 0.0355
42 0.0334
43 0.0337
44 0.0351
45 0.0345
46 0.0318
47 0.0344
48 0.0343
49 0.0358
50 0.0354
51 0.0337
52 0.0362
53 0.0336
54 0.0347
55 0.0388
56 0.0358
57 0.0361
58 0.0361
59 0.0348
60 0.0363
61 0.0361
62 0.0357
63 0.0350
64 0.0373
65 0.0347
66 0.0364
67 0.0344
68 0.0346
69 0.0361
70 0.0385
71 0.0372
72 0.0363
73 0.0348
74 0.0334
75 0.0364
76 0.0338
77 0.0362
78 0.0365
79 0.0354
80 0.0353
81 0.0366
82 0.0348
83 0.0375
84 0.0369
85 0.0363
86 0.0366
87 0.0358
88 0.0373
89 0.0378
90 0.0350
91 0.0380
92 0.0380
93 0.0366
94 0.0356
95 0.0360
96 0.0361
97 0.0356
98 0.0374
99 0.0397
100 0.0366
saving results to results/results_MI6_pid_sum_20240313.pkl
