/eos/home-k/kiwoznia/dev/rodem/optdesign/opDeDe/scripts/train_test_multilayer_calo_sum_vs_particleID.py:57: FutureWarning: <class 'awkward_pandas.array.AwkwardExtensionArray'>._reduce will require a `keepdims` parameter in the future
  df = (df-df.min())/(df.max()-df.min()) * (range_max - range_min) + range_min
100000 samples read
running train and test for 1 layers sum
1 0.0128
2 0.0980
3 0.1164
4 0.1214
5 0.1286
6 0.1385
7 0.1365
8 0.1363
9 0.1403
10 0.1465
11 0.1433
12 0.1504
13 0.1381
14 0.1507
15 0.1469
16 0.1466
17 0.1480
18 0.1447
19 0.1489
20 0.1491
21 0.1499
22 0.1432
23 0.1508
24 0.1477
25 0.1461
26 0.1464
27 0.1511
28 0.1477
29 0.1479
30 0.1539
31 0.1527
32 0.1508
33 0.1512
34 0.1535
35 0.1525
36 0.1468
37 0.1538
38 0.1488
39 0.1512
40 0.1522
41 0.1488
42 0.1444
43 0.1526
44 0.1539
45 0.1555
46 0.1506
47 0.1487
48 0.1495
49 0.1496
50 0.1503
51 0.1501
52 0.1547
53 0.1502
54 0.1549
55 0.1503
56 0.1543
57 0.1548
58 0.1560
59 0.1522
60 0.1594
61 0.1533
62 0.1537
63 0.1487
64 0.1528
65 0.1505
66 0.1572
67 0.1554
68 0.1483
69 0.1504
70 0.1545
71 0.1576
72 0.1563
73 0.1507
74 0.1536
75 0.1587
76 0.1520
77 0.1527
78 0.1532
79 0.1535
80 0.1510
81 0.1534
82 0.1548
83 0.1553
84 0.1489
85 0.1519
86 0.1560
87 0.1605
88 0.1549
89 0.1492
90 0.1528
91 0.1551
92 0.1583
93 0.1552
94 0.1493
95 0.1563
96 0.1538
97 0.1530
98 0.1510
99 0.1560
100 0.1621
running train and test for 2 layers sum
1 0.1801
2 0.3415
3 0.3302
4 0.3373
5 0.3466
6 0.3414
7 0.3430
8 0.3454
9 0.3370
10 0.3454
11 0.3490
12 0.3470
13 0.3357
14 0.3497
15 0.3419
16 0.3446
17 0.3438
18 0.3383
19 0.3433
20 0.3476
21 0.3477
22 0.3404
23 0.3475
24 0.3431
25 0.3471
26 0.3486
27 0.3500
28 0.3481
29 0.3470
30 0.3533
31 0.3484
32 0.3427
33 0.3469
34 0.3457
35 0.3437
36 0.3464
37 0.3420
38 0.3474
39 0.3463
40 0.3504
41 0.3466
42 0.3458
43 0.3404
44 0.3466
45 0.3494
46 0.3461
47 0.3460
48 0.3506
49 0.3467
50 0.3570
51 0.3478
52 0.3426
53 0.3439
54 0.3479
55 0.3394
56 0.3415
57 0.3451
58 0.3420
59 0.3476
60 0.3501
61 0.3479
62 0.3455
63 0.3496
64 0.3450
65 0.3482
66 0.3531
67 0.3458
68 0.3488
69 0.3536
70 0.3507
71 0.3547
72 0.3450
73 0.3462
74 0.3514
75 0.3471
76 0.3492
77 0.3486
78 0.3542
79 0.3516
80 0.3549
81 0.3419
82 0.3526
83 0.3576
84 0.3492
85 0.3500
86 0.3552
87 0.3414
88 0.3498
89 0.3418
90 0.3522
91 0.3458
92 0.3506
93 0.3491
94 0.3510
95 0.3474
96 0.3486
97 0.3471
98 0.3384
99 0.3543
100 0.3502
running train and test for 3 layers sum
1 0.3006
2 0.4682
3 0.4917
4 0.4908
5 0.4811
6 0.4822
7 0.4845
8 0.4860
9 0.4876
10 0.4828
11 0.4880
12 0.4955
13 0.4924
14 0.4848
15 0.4793
16 0.4956
17 0.4896
18 0.4943
19 0.4889
20 0.4941
21 0.4849
22 0.4851
23 0.4872
24 0.4899
25 0.4846
26 0.4840
27 0.4901
28 0.4776
29 0.4898
30 0.4920
31 0.5000
32 0.4945
33 0.4905
34 0.4919
35 0.4893
36 0.4868
37 0.4886
38 0.4884
39 0.4947
40 0.4931
41 0.4902
42 0.4860
43 0.4865
44 0.4879
45 0.4919
46 0.4908
47 0.4874
48 0.4950
49 0.4908
50 0.4924
51 0.4940
52 0.4921
53 0.5000
54 0.4980
55 0.4823
56 0.4991
57 0.5000
58 0.4883
59 0.4901
60 0.4975
61 0.4903
62 0.4861
63 0.4913
64 0.4859
65 0.4932
66 0.4931
67 0.4991
68 0.4831
69 0.4891
70 0.4873
71 0.4898
72 0.4894
73 0.4943
74 0.4920
75 0.4942
76 0.4893
77 0.4860
78 0.4970
79 0.4888
80 0.4911
81 0.4959
82 0.4916
83 0.4944
84 0.4905
85 0.4841
86 0.4878
87 0.4921
88 0.4892
89 0.4968
90 0.4864
91 0.4861
92 0.4904
93 0.4857
94 0.4866
95 0.4900
96 0.4974
97 0.4924
98 0.4809
99 0.4890
100 0.4937
running train and test for 4 layers sum
1 0.3392
2 0.5343
3 0.5283
4 0.5380
5 0.5386
6 0.5391
7 0.5400
8 0.5401
9 0.5486
10 0.5459
11 0.5420
12 0.5405
13 0.5493
14 0.5481
15 0.5381
16 0.5511
17 0.5516
18 0.5475
19 0.5468
20 0.5345
21 0.5555
22 0.5396
23 0.5485
24 0.5419
25 0.5564
26 0.5484
27 0.5438
28 0.5506
29 0.5487
30 0.5507
31 0.5479
32 0.5398
33 0.5466
34 0.5554
35 0.5469
36 0.5440
37 0.5498
38 0.5519
39 0.5431
40 0.5549
41 0.5437
42 0.5443
43 0.5498
44 0.5518
45 0.5505
46 0.5446
47 0.5456
48 0.5581
49 0.5489
50 0.5464
51 0.5443
52 0.5446
53 0.5479
54 0.5462
55 0.5490
56 0.5518
57 0.5543
58 0.5499
59 0.5504
60 0.5479
61 0.5369
62 0.5482
63 0.5444
64 0.5545
65 0.5545
66 0.5480
67 0.5549
68 0.5521
69 0.5617
70 0.5524
71 0.5415
72 0.5627
73 0.5543
74 0.5439
75 0.5495
76 0.5437
77 0.5546
78 0.5453
79 0.5494
80 0.5501
81 0.5482
82 0.5430
83 0.5424
84 0.5493
85 0.5462
86 0.5466
87 0.5640
88 0.5407
89 0.5481
90 0.5587
91 0.5443
92 0.5461
93 0.5535
94 0.5556
95 0.5440
96 0.5448
97 0.5473
98 0.5438
99 0.5486
100 0.5449
running train and test for 5 layers sum
1 0.3497
2 0.5319
3 0.5380
4 0.5358
5 0.5498
6 0.5499
7 0.5454
8 0.5474
9 0.5437
10 0.5535
11 0.5362
12 0.5466
13 0.5567
14 0.5484
15 0.5441
16 0.5471
17 0.5516
18 0.5614
19 0.5417
20 0.5506
21 0.5522
22 0.5541
23 0.5422
24 0.5412
25 0.5560
26 0.5520
27 0.5604
28 0.5556
29 0.5558
30 0.5471
31 0.5622
32 0.5539
33 0.5482
34 0.5511
35 0.5552
36 0.5537
37 0.5477
38 0.5512
39 0.5552
40 0.5580
41 0.5478
42 0.5587
43 0.5440
44 0.5523
45 0.5559
46 0.5419
47 0.5430
48 0.5574
49 0.5524
50 0.5545
51 0.5537
52 0.5617
53 0.5509
54 0.5593
55 0.5544
56 0.5546
57 0.5524
58 0.5510
59 0.5496
60 0.5503
61 0.5606
62 0.5512
63 0.5534
64 0.5587
65 0.5576
66 0.5495
67 0.5524
68 0.5626
69 0.5501
70 0.5597
71 0.5503
72 0.5537
73 0.5484
74 0.5582
75 0.5522
76 0.5534
77 0.5576
78 0.5517
79 0.5574
80 0.5573
81 0.5585
82 0.5588
83 0.5572
84 0.5531
85 0.5506
86 0.5589
87 0.5502
88 0.5527
89 0.5590
90 0.5510
91 0.5418
92 0.5474
93 0.5541
94 0.5486
95 0.5546
96 0.5523
97 0.5623
98 0.5518
99 0.5511
100 0.5550
running train and test for 6 layers sum
1 0.3220
2 0.4997
3 0.5182
4 0.5099
5 0.5276
6 0.5270
7 0.5221
8 0.5299
9 0.5241
10 0.5252
11 0.5270
12 0.5281
13 0.5317
14 0.5299
15 0.5288
16 0.5347
17 0.5293
18 0.5362
19 0.5260
20 0.5326
21 0.5294
22 0.5194
23 0.5353
24 0.5293
25 0.5250
26 0.5315
27 0.5310
28 0.5289
29 0.5339
30 0.5417
31 0.5380
32 0.5307
33 0.5254
34 0.5250
35 0.5362
36 0.5309
37 0.5293
38 0.5374
39 0.5333
40 0.5385
41 0.5353
42 0.5384
43 0.5293
44 0.5360
45 0.5329
46 0.5265
47 0.5369
48 0.5312
49 0.5401
50 0.5344
51 0.5312
52 0.5289
53 0.5307
54 0.5256
55 0.5358
56 0.5294
57 0.5319
58 0.5310
59 0.5387
60 0.5227
61 0.5345
62 0.5366
63 0.5315
64 0.5343
65 0.5355
66 0.5318
67 0.5360
68 0.5330
69 0.5314
70 0.5380
71 0.5353
72 0.5270
73 0.5285
74 0.5348
75 0.5362
76 0.5251
77 0.5305
78 0.5232
79 0.5376
80 0.5243
81 0.5404
82 0.5361
83 0.5349
84 0.5244
85 0.5254
86 0.5275
87 0.5426
88 0.5355
89 0.5279
90 0.5310
91 0.5407
92 0.5395
93 0.5310
94 0.5323
95 0.5372
96 0.5239
97 0.5325
98 0.5264
99 0.5322
100 0.5390
running train and test for 7 layers sum
1 0.3091
2 0.4777
3 0.4771
4 0.4913
5 0.4898
6 0.4905
7 0.4940
8 0.4944
9 0.5006
10 0.4971
11 0.4909
12 0.5030
13 0.5077
14 0.4988
15 0.5000
16 0.4999
17 0.4892
18 0.4938
19 0.4982
20 0.4922
21 0.5015
22 0.4955
23 0.4994
24 0.5057
25 0.5062
26 0.5018
27 0.4988
28 0.5044
29 0.5053
30 0.4992
31 0.5050
32 0.5015
33 0.4970
34 0.5043
35 0.4941
36 0.4959
37 0.5060
38 0.5018
39 0.5042
40 0.5044
41 0.4981
42 0.4993
43 0.4972
44 0.4990
45 0.5064
46 0.4981
47 0.5067
48 0.4990
49 0.4938
50 0.4966
51 0.5001
52 0.5052
53 0.5108
54 0.4937
55 0.5053
56 0.4974
57 0.4972
58 0.4956
59 0.4975
60 0.4918
61 0.5085
62 0.4962
63 0.5097
64 0.5043
65 0.5075
66 0.5020
67 0.4908
68 0.5017
69 0.4975
70 0.4976
71 0.4978
72 0.5015
73 0.5037
74 0.4933
75 0.4993
76 0.4985
77 0.4895
78 0.4958
79 0.5006
80 0.5023
81 0.5021
82 0.5045
83 0.4998
84 0.5022
85 0.4996
86 0.4979
87 0.5040
88 0.4976
89 0.5013
90 0.4947
91 0.4992
92 0.4980
93 0.5001
94 0.4936
95 0.5045
96 0.5021
97 0.4982
98 0.4973
99 0.5033
100 0.4984
running train and test for 8 layers sum
1 0.2762
2 0.4184
3 0.4359
4 0.4521
5 0.4514
6 0.4500
7 0.4562
8 0.4537
9 0.4623
10 0.4642
11 0.4645
12 0.4647
13 0.4670
14 0.4619
15 0.4595
16 0.4683
17 0.4611
18 0.4644
19 0.4714
20 0.4694
21 0.4621
22 0.4641
23 0.4643
24 0.4733
25 0.4621
26 0.4608
27 0.4629
28 0.4667
29 0.4728
30 0.4655
31 0.4678
32 0.4679
33 0.4633
34 0.4571
35 0.4555
36 0.4646
37 0.4686
38 0.4644
39 0.4578
40 0.4692
41 0.4629
42 0.4657
43 0.4707
44 0.4644
45 0.4676
46 0.4648
47 0.4634
48 0.4665
49 0.4657
50 0.4674
51 0.4740
52 0.4652
53 0.4700
54 0.4659
55 0.4704
56 0.4580
57 0.4645
58 0.4626
59 0.4693
60 0.4667
61 0.4703
62 0.4666
63 0.4609
64 0.4676
65 0.4682
66 0.4673
67 0.4649
68 0.4688
69 0.4566
70 0.4658
71 0.4675
72 0.4685
73 0.4621
74 0.4608
75 0.4685
76 0.4635
77 0.4709
78 0.4680
79 0.4697
80 0.4706
81 0.4677
82 0.4662
83 0.4664
84 0.4691
85 0.4658
86 0.4624
87 0.4632
88 0.4710
89 0.4737
90 0.4639
91 0.4772
92 0.4671
93 0.4676
94 0.4726
95 0.4643
96 0.4681
97 0.4749
98 0.4703
99 0.4657
100 0.4653
running train and test for 9 layers sum
1 0.2437
2 0.4052
3 0.4094
4 0.4238
5 0.4155
6 0.4281
7 0.4275
8 0.4257
9 0.4279
10 0.4226
11 0.4360
12 0.4236
13 0.4330
14 0.4187
15 0.4288
16 0.4292
17 0.4284
18 0.4225
19 0.4306
20 0.4347
21 0.4302
22 0.4356
23 0.4329
24 0.4390
25 0.4277
26 0.4279
27 0.4301
28 0.4321
29 0.4410
30 0.4303
31 0.4320
32 0.4438
33 0.4227
34 0.4257
35 0.4321
36 0.4285
37 0.4270
38 0.4314
39 0.4337
40 0.4271
41 0.4315
42 0.4359
43 0.4335
44 0.4338
45 0.4246
46 0.4256
47 0.4364
48 0.4302
49 0.4324
50 0.4241
51 0.4376
52 0.4303
53 0.4340
54 0.4425
55 0.4311
56 0.4318
57 0.4360
58 0.4377
59 0.4351
60 0.4355
61 0.4248
62 0.4311
63 0.4204
64 0.4310
65 0.4265
66 0.4308
67 0.4295
68 0.4316
69 0.4334
70 0.4367
71 0.4312
72 0.4410
73 0.4331
74 0.4304
75 0.4389
76 0.4401
77 0.4352
78 0.4260
79 0.4392
80 0.4250
81 0.4293
82 0.4339
83 0.4308
84 0.4371
85 0.4363
86 0.4349
87 0.4290
88 0.4369
89 0.4365
90 0.4371
91 0.4379
92 0.4288
93 0.4364
94 0.4340
95 0.4370
96 0.4378
97 0.4345
98 0.4383
99 0.4366
100 0.4354
running train and test for 10 layers sum
1 0.2625
2 0.3780
3 0.3921
4 0.3898
5 0.3926
6 0.4031
7 0.3965
8 0.3959
9 0.3903
10 0.3997
11 0.3938
12 0.4023
13 0.3967
14 0.3965
15 0.3978
16 0.4033
17 0.3936
18 0.3919
19 0.4009
20 0.3985
21 0.3879
22 0.4014
23 0.3950
24 0.4029
25 0.4030
26 0.3992
27 0.4107
28 0.3930
29 0.3979
30 0.3923
31 0.3978
32 0.4051
33 0.4054
34 0.4067
35 0.3931
36 0.3994
37 0.3982
38 0.3973
39 0.4073
40 0.3957
41 0.3927
42 0.3989
43 0.3977
44 0.4019
45 0.3943
46 0.4048
47 0.3976
48 0.3978
49 0.3981
50 0.4018
51 0.4004
52 0.4110
53 0.4060
54 0.4016
55 0.4024
56 0.4025
57 0.4005
58 0.3916
59 0.4035
60 0.3998
61 0.3991
62 0.3935
63 0.4091
64 0.3991
65 0.3987
66 0.4017
67 0.4065
68 0.4016
69 0.4035
70 0.3999
71 0.4041
72 0.3981
73 0.4014
74 0.3961
75 0.3951
76 0.4030
77 0.4093
78 0.3953
79 0.3992
80 0.4044
81 0.4006
82 0.4051
83 0.4008
84 0.4018
85 0.4044
86 0.4074
87 0.4016
88 0.4026
89 0.4063
90 0.3939
91 0.4031
92 0.4074
93 0.3987
94 0.4040
95 0.4042
96 0.4034
97 0.3970
98 0.4061
99 0.3957
100 0.3990
running train and test for 11 layers sum
1 0.1638
2 0.2378
3 0.2543
4 0.2521
5 0.2614
6 0.2586
7 0.2551
8 0.2622
9 0.2623
10 0.2662
11 0.2635
12 0.2671
13 0.2624
14 0.2687
15 0.2610
16 0.2648
17 0.2661
18 0.2635
19 0.2644
20 0.2684
21 0.2688
22 0.2644
23 0.2657
24 0.2676
25 0.2585
26 0.2685
27 0.2612
28 0.2655
29 0.2608
30 0.2567
31 0.2614
32 0.2620
33 0.2604
34 0.2668
35 0.2588
36 0.2659
37 0.2555
38 0.2689
39 0.2545
40 0.2636
41 0.2603
42 0.2578
43 0.2652
44 0.2594
45 0.2655
46 0.2577
47 0.2639
48 0.2716
49 0.2568
50 0.2690
51 0.2621
52 0.2630
53 0.2630
54 0.2596
55 0.2639
56 0.2655
57 0.2712
58 0.2634
59 0.2744
60 0.2682
61 0.2669
62 0.2569
63 0.2675
64 0.2640
65 0.2558
66 0.2603
67 0.2674
68 0.2687
69 0.2616
70 0.2631
71 0.2586
72 0.2656
73 0.2633
74 0.2689
75 0.2568
76 0.2634
77 0.2665
78 0.2651
79 0.2697
80 0.2672
81 0.2665
82 0.2665
83 0.2619
84 0.2604
85 0.2611
86 0.2660
87 0.2664
88 0.2637
89 0.2629
90 0.2652
91 0.2598
92 0.2593
93 0.2634
94 0.2627
95 0.2639
96 0.2655
97 0.2594
98 0.2600
99 0.2621
100 0.2622
running train and test for 12 layers sum
1 0.0908
2 0.1345
3 0.1421
4 0.1487
5 0.1523
6 0.1574
7 0.1598
8 0.1575
9 0.1557
10 0.1566
11 0.1566
12 0.1636
13 0.1616
14 0.1612
15 0.1611
16 0.1661
17 0.1625
18 0.1606
19 0.1579
20 0.1637
21 0.1623
22 0.1635
23 0.1650
24 0.1600
25 0.1642
26 0.1597
27 0.1654
28 0.1653
29 0.1592
30 0.1601
31 0.1652
32 0.1552
33 0.1633
34 0.1655
35 0.1596
36 0.1600
37 0.1629
38 0.1663
39 0.1632
40 0.1623
41 0.1650
42 0.1579
43 0.1652
44 0.1633
45 0.1655
46 0.1644
47 0.1616
48 0.1650
49 0.1667
50 0.1675
51 0.1660
52 0.1603
53 0.1654
54 0.1682
55 0.1613
56 0.1658
57 0.1701
58 0.1655
59 0.1644
60 0.1566
61 0.1646
62 0.1639
63 0.1622
64 0.1630
65 0.1607
66 0.1652
67 0.1654
68 0.1630
69 0.1659
70 0.1607
71 0.1615
72 0.1592
73 0.1652
74 0.1701
75 0.1642
76 0.1626
77 0.1651
78 0.1595
79 0.1646
80 0.1710
81 0.1589
82 0.1619
83 0.1621
84 0.1605
85 0.1663
86 0.1701
87 0.1637
88 0.1640
89 0.1616
90 0.1618
91 0.1670
92 0.1639
93 0.1642
94 0.1589
95 0.1609
96 0.1651
97 0.1676
98 0.1646
99 0.1622
100 0.1656
running train and test for 13 layers sum
1 0.0502
2 0.0763
3 0.0809
4 0.0769
5 0.0821
6 0.0852
7 0.0829
8 0.0905
9 0.0886
10 0.0878
11 0.0912
12 0.0890
13 0.0890
14 0.0970
15 0.0932
16 0.0917
17 0.0924
18 0.0931
19 0.0893
20 0.0938
21 0.0949
22 0.0930
23 0.0974
24 0.0962
25 0.0956
26 0.0935
27 0.0977
28 0.0946
29 0.0958
30 0.0932
31 0.0908
32 0.0951
33 0.0943
34 0.0952
35 0.0948
36 0.0920
37 0.0975
38 0.0965
39 0.0980
40 0.0968
41 0.0927
42 0.0956
43 0.0910
44 0.0959
45 0.0975
46 0.0953
47 0.0978
48 0.0969
49 0.0948
50 0.0963
51 0.0955
52 0.0961
53 0.0912
54 0.0945
55 0.0979
56 0.0951
57 0.0937
58 0.0921
59 0.0937
60 0.0966
61 0.0950
62 0.0983
63 0.0972
64 0.0934
65 0.0990
66 0.0982
67 0.0965
68 0.0932
69 0.0917
70 0.0956
71 0.0937
72 0.0989
73 0.0958
74 0.0995
75 0.0954
76 0.0980
77 0.0914
78 0.0958
79 0.0965
80 0.0946
81 0.0949
82 0.0990
83 0.0974
84 0.0958
85 0.0941
86 0.0965
87 0.0970
88 0.0976
89 0.0966
90 0.0964
91 0.0991
92 0.1000
93 0.0965
94 0.0994
95 0.0945
96 0.0961
97 0.0975
98 0.0965
99 0.0919
100 0.0943
running train and test for 14 layers sum
1 0.0252
2 0.0395
3 0.0403
4 0.0398
5 0.0428
6 0.0448
7 0.0457
8 0.0462
9 0.0453
10 0.0477
11 0.0475
12 0.0472
13 0.0482
14 0.0510
15 0.0472
16 0.0509
17 0.0515
18 0.0510
19 0.0498
20 0.0482
21 0.0531
22 0.0507
23 0.0481
24 0.0508
25 0.0530
26 0.0513
27 0.0518
28 0.0493
29 0.0510
30 0.0518
31 0.0512
32 0.0531
33 0.0539
34 0.0554
35 0.0505
36 0.0515
37 0.0516
38 0.0530
39 0.0509
40 0.0495
41 0.0534
42 0.0537
43 0.0508
44 0.0523
45 0.0527
46 0.0527
47 0.0513
48 0.0535
49 0.0564
50 0.0516
51 0.0511
52 0.0536
53 0.0527
54 0.0522
55 0.0531
56 0.0524
57 0.0490
58 0.0501
59 0.0496
60 0.0513
61 0.0472
62 0.0551
63 0.0493
64 0.0509
65 0.0536
66 0.0541
67 0.0535
68 0.0500
69 0.0515
70 0.0538
71 0.0543
72 0.0532
73 0.0550
74 0.0520
75 0.0531
76 0.0526
77 0.0526
78 0.0529
79 0.0510
80 0.0526
81 0.0519
82 0.0506
83 0.0538
84 0.0486
85 0.0528
86 0.0531
87 0.0534
88 0.0550
89 0.0516
90 0.0550
91 0.0482
92 0.0511
93 0.0576
94 0.0532
95 0.0537
96 0.0508
97 0.0533
98 0.0521
99 0.0519
100 0.0531
running train and test for 15 layers sum
1 0.0094
2 0.0132
3 0.0154
4 0.0155
5 0.0163
6 0.0148
7 0.0144
8 0.0155
9 0.0154
10 0.0164
11 0.0164
12 0.0170
13 0.0156
14 0.0163
15 0.0176
16 0.0206
17 0.0188
18 0.0198
19 0.0208
20 0.0202
21 0.0216
22 0.0213
23 0.0219
24 0.0218
25 0.0196
26 0.0225
27 0.0226
28 0.0211
29 0.0238
30 0.0235
31 0.0220
32 0.0240
33 0.0230
34 0.0245
35 0.0239
36 0.0248
37 0.0260
38 0.0261
39 0.0265
40 0.0289
41 0.0295
42 0.0232
43 0.0318
44 0.0331
45 0.0298
46 0.0306
47 0.0326
48 0.0367
49 0.0319
50 0.0341
51 0.0323
52 0.0328
53 0.0338
54 0.0308
55 0.0369
56 0.0337
57 0.0346
58 0.0348
59 0.0317
60 0.0346
61 0.0334
62 0.0338
63 0.0305
64 0.0351
65 0.0338
66 0.0340
67 0.0346
68 0.0330
69 0.0357
70 0.0375
71 0.0288
72 0.0333
73 0.0345
74 0.0343
75 0.0373
76 0.0380
77 0.0350
78 0.0359
79 0.0364
80 0.0362
81 0.0338
82 0.0371
83 0.0346
84 0.0349
85 0.0331
86 0.0345
87 0.0333
88 0.0326
89 0.0319
90 0.0351
91 0.0366
92 0.0338
93 0.0336
94 0.0353
95 0.0373
96 0.0351
97 0.0334
98 0.0378
99 0.0344
100 0.0356
running train and test for 16 layers sum
1 0.0030
2 0.0051
3 0.0052
4 0.0052
5 0.0055
6 0.0061
7 0.0062
8 0.0080
9 0.0080
10 0.0080
11 0.0080
12 0.0102
13 0.0105
14 0.0130
15 0.0146
16 0.0131
17 0.0147
18 0.0131
19 0.0150
20 0.0139
21 0.0173
22 0.0157
23 0.0157
24 0.0187
25 0.0168
26 0.0201
27 0.0175
28 0.0164
29 0.0180
30 0.0195
31 0.0185
32 0.0179
33 0.0178
34 0.0208
35 0.0213
36 0.0193
37 0.0199
38 0.0106
39 0.0115
40 0.0121
41 0.0112
42 0.0176
43 0.0197
44 0.0177
45 0.0211
46 0.0218
47 0.0173
48 0.0219
49 0.0208
50 0.0196
51 0.0193
52 0.0196
53 0.0208
54 0.0247
55 0.0225
56 0.0204
57 0.0208
58 0.0187
59 0.0207
60 0.0229
61 0.0229
62 0.0230
63 0.0233
64 0.0211
65 0.0197
66 0.0185
67 0.0207
68 0.0200
69 0.0224
70 0.0191
71 0.0194
72 0.0248
73 0.0238
74 0.0221
75 0.0213
76 0.0204
77 0.0217
78 0.0233
79 0.0219
80 0.0244
81 0.0236
82 0.0229
83 0.0237
84 0.0246
85 0.0230
86 0.0228
87 0.0219
88 0.0214
89 0.0199
90 0.0223
91 0.0233
92 0.0216
93 0.0234
94 0.0224
95 0.0217
96 0.0199
97 0.0232
98 0.0220
99 0.0239
100 0.0238
running train and test for 17 layers sum
1 -0.0001
2 0.0002
3 0.0010
4 0.0007
5 0.0009
6 0.0009
7 0.0011
8 0.0013
9 0.0014
10 0.0029
11 0.0036
12 0.0053
13 0.0073
14 0.0101
15 0.0116
16 0.0127
17 0.0130
18 0.0141
19 0.0151
20 0.0150
21 0.0160
22 0.0167
23 0.0167
24 0.0162
25 0.0191
26 0.0182
27 0.0163
28 0.0176
29 0.0173
30 0.0180
31 0.0169
32 0.0166
33 0.0155
34 0.0168
35 0.0184
36 0.0182
37 0.0179
38 0.0202
39 0.0199
40 0.0183
41 0.0186
42 0.0191
43 0.0176
44 0.0173
45 0.0184
46 0.0182
47 0.0184
48 0.0220
49 0.0178
50 0.0188
51 0.0183
52 0.0204
53 0.0180
54 0.0187
55 0.0196
56 0.0174
57 0.0194
58 0.0194
59 0.0199
60 0.0178
61 0.0196
62 0.0198
63 0.0192
64 0.0198
65 0.0190
66 0.0197
67 0.0197
68 0.0164
69 0.0195
70 0.0185
71 0.0208
72 0.0201
73 0.0202
74 0.0216
75 0.0192
76 0.0202
77 0.0180
78 0.0200
79 0.0199
80 0.0180
81 0.0189
82 0.0205
83 0.0194
84 0.0205
85 0.0183
86 0.0190
87 0.0194
88 0.0186
89 0.0178
90 0.0197
91 0.0190
92 0.0192
93 0.0185
94 0.0200
95 0.0188
96 0.0188
97 0.0189
98 0.0177
99 0.0196
100 0.0201
running train and test for 18 layers sum
1 -0.0001
2 -0.0002
3 -0.0001
4 -0.0001
5 -0.0000
6 -0.0000
7 -0.0000
8 -0.0000
9 -0.0000
10 -0.0000
11 -0.0000
12 -0.0000
13 -0.0000
14 -0.0000
15 -0.0000
16 -0.0000
17 -0.0000
18 -0.0000
19 0.0000
20 -0.0000
21 -0.0000
22 -0.0000
23 -0.0000
24 -0.0000
25 -0.0000
26 -0.0000
27 -0.0000
28 -0.0000
29 -0.0000
30 -0.0000
31 -0.0000
32 -0.0000
33 -0.0000
34 -0.0000
35 -0.0000
36 -0.0000
37 -0.0000
38 -0.0000
39 -0.0000
40 -0.0000
41 -0.0000
42 -0.0000
43 -0.0000
44 -0.0000
45 -0.0000
46 -0.0000
47 -0.0000
48 -0.0000
49 -0.0000
50 -0.0000
51 -0.0000
52 -0.0000
53 -0.0000
54 -0.0000
55 -0.0000
56 -0.0000
57 -0.0000
58 -0.0000
59 -0.0000
60 -0.0000
61 -0.0000
62 -0.0000
63 -0.0000
64 -0.0000
65 -0.0000
66 -0.0000
67 -0.0000
68 -0.0000
69 -0.0000
70 -0.0000
71 -0.0000
72 0.0000
73 0.0000
74 -0.0000
75 0.0000
76 -0.0000
77 0.0000
78 -0.0000
79 -0.0000
80 -0.0000
81 -0.0000
82 -0.0000
83 -0.0000
84 0.0000
85 -0.0000
86 -0.0000
87 -0.0000
88 -0.0000
89 -0.0000
90 -0.0000
91 -0.0000
92 -0.0000
93 -0.0000
94 -0.0000
95 -0.0000
96 -0.0000
97 -0.0000
98 -0.0000
99 -0.0000
100 -0.0000
running train and test for 19 layers sum
1 -0.0001
2 0.0007
3 0.0012
4 0.0028
5 0.0053
6 0.0078
7 0.0093
8 0.0102
9 0.0129
10 0.0129
11 0.0137
12 0.0141
13 0.0149
14 0.0161
15 0.0151
16 0.0159
17 0.0145
18 0.0160
19 0.0172
20 0.0154
21 0.0189
22 0.0180
23 0.0187
24 0.0161
25 0.0191
26 0.0174
27 0.0179
28 0.0169
29 0.0162
30 0.0180
31 0.0168
32 0.0181
33 0.0167
34 0.0179
35 0.0193
36 0.0181
37 0.0206
38 0.0170
39 0.0178
40 0.0175
41 0.0183
42 0.0181
43 0.0184
44 0.0199
45 0.0198
46 0.0183
47 0.0187
48 0.0182
49 0.0205
50 0.0180
51 0.0192
52 0.0181
53 0.0204
54 0.0197
55 0.0195
56 0.0195
57 0.0205
58 0.0167
59 0.0192
60 0.0177
61 0.0201
62 0.0189
63 0.0210
64 0.0177
65 0.0189
66 0.0198
67 0.0183
68 0.0200
69 0.0202
70 0.0209
71 0.0179
72 0.0208
73 0.0190
74 0.0196
75 0.0198
76 0.0182
77 0.0207
78 0.0205
79 0.0196
80 0.0182
81 0.0196
82 0.0199
83 0.0191
84 0.0199
85 0.0192
86 0.0188
87 0.0196
88 0.0181
89 0.0206
90 0.0206
91 0.0199
92 0.0197
93 0.0210
94 0.0198
95 0.0216
96 0.0174
97 0.0186
98 0.0210
99 0.0179
100 0.0179
running train and test for 20 layers sum
1 0.0005
2 0.0026
3 0.0031
4 0.0044
5 0.0067
6 0.0097
7 0.0099
8 0.0159
9 0.0150
10 0.0170
11 0.0174
12 0.0176
13 0.0198
14 0.0213
15 0.0197
16 0.0205
17 0.0212
18 0.0206
19 0.0180
20 0.0169
21 0.0202
22 0.0190
23 0.0177
24 0.0189
25 0.0199
26 0.0215
27 0.0225
28 0.0214
29 0.0212
30 0.0217
31 0.0222
32 0.0210
33 0.0202
34 0.0209
35 0.0214
36 0.0217
37 0.0225
38 0.0211
39 0.0204
40 0.0213
41 0.0228
42 0.0238
43 0.0190
44 0.0223
45 0.0219
46 0.0222
47 0.0226
48 0.0241
49 0.0201
50 0.0218
51 0.0214
52 0.0219
53 0.0202
54 0.0204
55 0.0212
56 0.0223
57 0.0206
58 0.0234
59 0.0206
60 0.0222
61 0.0234
62 0.0217
63 0.0215
64 0.0228
65 0.0211
66 0.0237
67 0.0219
68 0.0227
69 0.0201
70 0.0209
71 0.0217
72 0.0232
73 0.0205
74 0.0216
75 0.0208
76 0.0213
77 0.0211
78 0.0233
79 0.0226
80 0.0237
81 0.0223
82 0.0235
83 0.0222
84 0.0208
85 0.0231
86 0.0230
87 0.0237
88 0.0196
89 0.0227
90 0.0222
91 0.0218
92 0.0225
93 0.0226
94 0.0233
95 0.0219
96 0.0214
97 0.0213
98 0.0228
99 0.0203
100 0.0212
running train and test for 21 layers sum
1 -0.0001
2 0.0010
3 0.0037
4 0.0061
5 0.0090
6 0.0128
7 0.0157
8 0.0173
9 0.0195
10 0.0211
11 0.0215
12 0.0196
13 0.0219
14 0.0230
15 0.0237
16 0.0252
17 0.0230
18 0.0240
19 0.0232
20 0.0265
21 0.0241
22 0.0237
23 0.0245
24 0.0246
25 0.0241
26 0.0245
27 0.0224
28 0.0259
29 0.0248
30 0.0249
31 0.0248
32 0.0243
33 0.0243
34 0.0245
35 0.0224
36 0.0246
37 0.0249
38 0.0255
39 0.0247
40 0.0264
41 0.0242
42 0.0237
43 0.0238
44 0.0255
45 0.0274
46 0.0262
47 0.0259
48 0.0257
49 0.0260
50 0.0232
51 0.0263
52 0.0262
53 0.0255
54 0.0249
55 0.0249
56 0.0256
57 0.0262
58 0.0242
59 0.0256
60 0.0250
61 0.0263
62 0.0254
63 0.0264
64 0.0253
65 0.0247
66 0.0263
67 0.0251
68 0.0249
69 0.0252
70 0.0271
71 0.0264
72 0.0265
73 0.0260
74 0.0271
75 0.0264
76 0.0248
77 0.0262
78 0.0243
79 0.0244
80 0.0261
81 0.0253
82 0.0266
83 0.0251
84 0.0232
85 0.0255
86 0.0250
87 0.0261
88 0.0238
89 0.0267
90 0.0267
91 0.0265
92 0.0264
93 0.0250
94 0.0236
95 0.0268
96 0.0264
97 0.0246
98 0.0263
99 0.0249
100 0.0257
running train and test for 22 layers sum
1 0.0015
2 0.0047
3 0.0071
4 0.0088
5 0.0103
6 0.0159
7 0.0184
8 0.0219
9 0.0214
10 0.0224
11 0.0263
12 0.0210
13 0.0232
14 0.0240
15 0.0231
16 0.0271
17 0.0217
18 0.0209
19 0.0229
20 0.0265
21 0.0251
22 0.0256
23 0.0248
24 0.0262
25 0.0243
26 0.0261
27 0.0279
28 0.0262
29 0.0222
30 0.0295
31 0.0241
32 0.0259
33 0.0250
34 0.0244
35 0.0220
36 0.0246
37 0.0248
38 0.0252
39 0.0264
40 0.0266
41 0.0270
42 0.0272
43 0.0278
44 0.0261
45 0.0283
46 0.0283
47 0.0259
48 0.0231
49 0.0256
50 0.0258
51 0.0238
52 0.0270
53 0.0275
54 0.0276
55 0.0289
56 0.0269
57 0.0288
58 0.0252
59 0.0261
60 0.0270
61 0.0250
62 0.0288
63 0.0262
64 0.0275
65 0.0273
66 0.0279
67 0.0288
68 0.0276
69 0.0268
70 0.0254
71 0.0267
72 0.0291
73 0.0275
74 0.0276
75 0.0281
76 0.0291
77 0.0303
78 0.0303
79 0.0288
80 0.0304
81 0.0283
82 0.0276
83 0.0249
84 0.0271
85 0.0296
86 0.0286
87 0.0308
88 0.0275
89 0.0289
90 0.0298
91 0.0298
92 0.0281
93 0.0281
94 0.0286
95 0.0271
96 0.0273
97 0.0276
98 0.0281
99 0.0291
100 0.0269
running train and test for 23 layers sum
1 0.0031
2 0.0080
3 0.0116
4 0.0165
5 0.0208
6 0.0228
7 0.0239
8 0.0212
9 0.0268
10 0.0263
11 0.0299
12 0.0276
13 0.0302
14 0.0280
15 0.0235
16 0.0299
17 0.0290
18 0.0283
19 0.0286
20 0.0276
21 0.0293
22 0.0298
23 0.0285
24 0.0323
25 0.0283
26 0.0272
27 0.0306
28 0.0277
29 0.0271
30 0.0303
31 0.0307
32 0.0305
33 0.0316
34 0.0284
35 0.0301
36 0.0282
37 0.0322
38 0.0316
39 0.0283
40 0.0294
41 0.0310
42 0.0285
43 0.0297
44 0.0293
45 0.0309
46 0.0292
47 0.0325
48 0.0299
49 0.0300
50 0.0319
51 0.0303
52 0.0308
53 0.0286
54 0.0300
55 0.0298
56 0.0308
57 0.0303
58 0.0290
59 0.0309
60 0.0319
61 0.0302
62 0.0324
63 0.0293
64 0.0319
65 0.0327
66 0.0299
67 0.0313
68 0.0307
69 0.0304
70 0.0315
71 0.0290
72 0.0305
73 0.0314
74 0.0314
75 0.0295
76 0.0328
77 0.0296
78 0.0309
79 0.0296
80 0.0312
81 0.0306
82 0.0312
83 0.0323
84 0.0299
85 0.0322
86 0.0296
87 0.0305
88 0.0310
89 0.0319
90 0.0314
91 0.0303
92 0.0324
93 0.0286
94 0.0306
95 0.0304
96 0.0298
97 0.0305
98 0.0315
99 0.0336
100 0.0310
running train and test for 24 layers sum
1 0.0021
2 0.0080
3 0.0117
4 0.0182
5 0.0235
6 0.0243
7 0.0255
8 0.0284
9 0.0239
10 0.0305
11 0.0309
12 0.0269
13 0.0293
14 0.0320
15 0.0293
16 0.0295
17 0.0298
18 0.0278
19 0.0313
20 0.0314
21 0.0303
22 0.0326
23 0.0290
24 0.0288
25 0.0316
26 0.0292
27 0.0316
28 0.0325
29 0.0283
30 0.0331
31 0.0296
32 0.0297
33 0.0313
34 0.0317
35 0.0326
36 0.0322
37 0.0321
38 0.0347
39 0.0329
40 0.0304
41 0.0320
42 0.0320
43 0.0307
44 0.0325
45 0.0329
46 0.0296
47 0.0328
48 0.0326
49 0.0328
50 0.0321
51 0.0336
52 0.0303
53 0.0313
54 0.0327
55 0.0311
56 0.0337
57 0.0326
58 0.0329
59 0.0344
60 0.0329
61 0.0310
62 0.0305
63 0.0316
64 0.0303
65 0.0322
66 0.0314
67 0.0340
68 0.0315
69 0.0330
70 0.0322
71 0.0332
72 0.0322
73 0.0316
74 0.0337
75 0.0334
76 0.0339
77 0.0313
78 0.0322
79 0.0323
80 0.0320
81 0.0323
82 0.0321
83 0.0319
84 0.0314
85 0.0317
86 0.0333
87 0.0337
88 0.0325
89 0.0327
90 0.0315
91 0.0325
92 0.0318
93 0.0309
94 0.0324
95 0.0329
96 0.0331
97 0.0296
98 0.0317
99 0.0309
100 0.0334
running train and test for 25 layers sum
1 0.0044
2 0.0117
3 0.0184
4 0.0271
5 0.0269
6 0.0283
7 0.0295
8 0.0305
9 0.0323
10 0.0333
11 0.0335
12 0.0324
13 0.0331
14 0.0350
15 0.0309
16 0.0330
17 0.0338
18 0.0310
19 0.0341
20 0.0334
21 0.0348
22 0.0323
23 0.0324
24 0.0334
25 0.0333
26 0.0324
27 0.0329
28 0.0320
29 0.0316
30 0.0350
31 0.0342
32 0.0331
33 0.0341
34 0.0322
35 0.0351
36 0.0323
37 0.0333
38 0.0369
39 0.0341
40 0.0313
41 0.0327
42 0.0343
43 0.0348
44 0.0331
45 0.0354
46 0.0334
47 0.0330
48 0.0350
49 0.0341
50 0.0333
51 0.0344
52 0.0341
53 0.0320
54 0.0346
55 0.0340
56 0.0358
57 0.0328
58 0.0334
59 0.0322
60 0.0334
61 0.0373
62 0.0346
63 0.0316
64 0.0347
65 0.0339
66 0.0352
67 0.0340
68 0.0332
69 0.0336
70 0.0321
71 0.0327
72 0.0335
73 0.0326
74 0.0334
75 0.0335
76 0.0338
77 0.0329
78 0.0347
79 0.0341
80 0.0348
81 0.0338
82 0.0350
83 0.0352
84 0.0318
85 0.0346
86 0.0328
87 0.0348
88 0.0347
89 0.0341
90 0.0339
91 0.0341
92 0.0350
93 0.0341
94 0.0329
95 0.0338
96 0.0353
97 0.0353
98 0.0351
99 0.0337
100 0.0351
running train and test for 26 layers sum
1 0.0045
2 0.0126
3 0.0198
4 0.0227
5 0.0222
6 0.0292
7 0.0312
8 0.0284
9 0.0321
10 0.0300
11 0.0310
12 0.0309
13 0.0311
14 0.0338
15 0.0309
16 0.0327
17 0.0319
18 0.0329
19 0.0328
20 0.0321
21 0.0338
22 0.0335
23 0.0350
24 0.0360
25 0.0342
26 0.0337
27 0.0328
28 0.0363
29 0.0340
30 0.0349
31 0.0330
32 0.0324
33 0.0332
34 0.0354
35 0.0325
36 0.0312
37 0.0357
38 0.0308
39 0.0333
40 0.0367
41 0.0346
42 0.0348
43 0.0350
44 0.0354
45 0.0348
46 0.0363
47 0.0365
48 0.0339
49 0.0372
50 0.0339
51 0.0341
52 0.0355
53 0.0338
54 0.0347
55 0.0343
56 0.0336
57 0.0335
58 0.0342
59 0.0330
60 0.0347
61 0.0345
62 0.0341
63 0.0368
64 0.0339
65 0.0335
66 0.0348
67 0.0344
68 0.0350
69 0.0337
70 0.0350
71 0.0360
72 0.0339
73 0.0365
74 0.0364
75 0.0366
76 0.0367
77 0.0365
78 0.0373
79 0.0347
80 0.0371
81 0.0351
82 0.0343
83 0.0352
84 0.0334
85 0.0345
86 0.0335
87 0.0353
88 0.0360
89 0.0327
90 0.0357
91 0.0344
92 0.0339
93 0.0322
94 0.0382
95 0.0357
96 0.0365
97 0.0343
98 0.0378
99 0.0339
100 0.0353
running train and test for 27 layers sum
1 0.0048
2 0.0144
3 0.0207
4 0.0256
5 0.0303
6 0.0288
7 0.0305
8 0.0349
9 0.0297
10 0.0331
11 0.0322
12 0.0331
13 0.0301
14 0.0329
15 0.0342
16 0.0347
17 0.0276
18 0.0302
19 0.0313
20 0.0324
21 0.0330
22 0.0318
23 0.0313
24 0.0310
25 0.0294
26 0.0330
27 0.0322
28 0.0347
29 0.0351
30 0.0335
31 0.0347
32 0.0375
33 0.0333
34 0.0339
35 0.0364
36 0.0335
37 0.0362
38 0.0342
39 0.0324
40 0.0348
41 0.0370
42 0.0368
43 0.0349
44 0.0341
45 0.0355
46 0.0333
47 0.0349
48 0.0344
49 0.0336
50 0.0357
51 0.0345
52 0.0335
53 0.0340
54 0.0332
55 0.0336
56 0.0371
57 0.0330
58 0.0352
59 0.0347
60 0.0329
61 0.0339
62 0.0329
63 0.0351
64 0.0341
65 0.0381
66 0.0333
67 0.0348
68 0.0364
69 0.0361
70 0.0340
71 0.0366
72 0.0357
73 0.0366
74 0.0358
75 0.0355
76 0.0375
77 0.0375
78 0.0345
79 0.0363
80 0.0363
81 0.0355
82 0.0352
83 0.0349
84 0.0362
85 0.0369
86 0.0389
87 0.0358
88 0.0370
89 0.0329
90 0.0352
91 0.0354
92 0.0363
93 0.0343
94 0.0338
95 0.0368
96 0.0391
97 0.0361
98 0.0377
99 0.0368
100 0.0338
running train and test for 28 layers sum
1 0.0041
2 0.0104
3 0.0140
4 0.0191
5 0.0217
6 0.0262
7 0.0294
8 0.0319
9 0.0296
10 0.0312
11 0.0328
12 0.0333
13 0.0330
14 0.0336
15 0.0331
16 0.0352
17 0.0350
18 0.0341
19 0.0325
20 0.0368
21 0.0372
22 0.0352
23 0.0333
24 0.0360
25 0.0321
26 0.0351
27 0.0348
28 0.0324
29 0.0336
30 0.0365
31 0.0360
32 0.0338
33 0.0336
34 0.0366
35 0.0362
36 0.0349
37 0.0332
38 0.0344
39 0.0371
40 0.0381
41 0.0377
42 0.0359
43 0.0373
44 0.0341
45 0.0352
46 0.0346
47 0.0351
48 0.0341
49 0.0365
50 0.0374
51 0.0369
52 0.0351
53 0.0356
54 0.0382
55 0.0366
56 0.0345
57 0.0344
58 0.0370
59 0.0354
60 0.0341
61 0.0357
62 0.0360
63 0.0379
64 0.0387
65 0.0348
66 0.0368
67 0.0373
68 0.0373
69 0.0351
70 0.0367
71 0.0375
72 0.0367
73 0.0381
74 0.0344
75 0.0372
76 0.0377
77 0.0346
78 0.0378
79 0.0388
80 0.0351
81 0.0372
82 0.0357
83 0.0346
84 0.0384
85 0.0383
86 0.0362
87 0.0356
88 0.0381
89 0.0359
90 0.0356
91 0.0357
92 0.0363
93 0.0371
94 0.0344
95 0.0338
96 0.0376
97 0.0369
98 0.0382
99 0.0365
100 0.0367
running train and test for 29 layers sum
1 0.0041
2 0.0090
3 0.0128
4 0.0206
5 0.0207
6 0.0239
7 0.0258
8 0.0233
9 0.0289
10 0.0274
11 0.0271
12 0.0253
13 0.0277
14 0.0319
15 0.0333
16 0.0244
17 0.0335
18 0.0303
19 0.0347
20 0.0283
21 0.0316
22 0.0280
23 0.0317
24 0.0253
25 0.0282
26 0.0305
27 0.0292
28 0.0354
29 0.0334
30 0.0336
31 0.0325
32 0.0319
33 0.0318
34 0.0332
35 0.0313
36 0.0308
37 0.0326
38 0.0335
39 0.0343
40 0.0339
41 0.0343
42 0.0343
43 0.0356
44 0.0348
45 0.0340
46 0.0334
47 0.0343
48 0.0340
49 0.0343
50 0.0371
51 0.0350
52 0.0324
53 0.0327
54 0.0345
55 0.0363
56 0.0348
57 0.0342
58 0.0308
59 0.0335
60 0.0373
61 0.0359
62 0.0349
63 0.0357
64 0.0372
65 0.0326
66 0.0347
67 0.0343
68 0.0353
69 0.0356
70 0.0357
71 0.0358
72 0.0347
73 0.0352
74 0.0357
75 0.0359
76 0.0357
77 0.0335
78 0.0343
79 0.0326
80 0.0355
81 0.0312
82 0.0357
83 0.0337
84 0.0350
85 0.0363
86 0.0377
87 0.0356
88 0.0370
89 0.0358
90 0.0330
91 0.0349
92 0.0346
93 0.0355
94 0.0358
95 0.0342
96 0.0349
97 0.0372
98 0.0364
99 0.0351
100 0.0378
running train and test for 30 layers sum
1 0.0006
2 0.0070
3 0.0121
4 0.0169
5 0.0204
6 0.0239
7 0.0263
8 0.0302
9 0.0312
10 0.0306
11 0.0311
12 0.0353
13 0.0329
14 0.0324
15 0.0324
16 0.0343
17 0.0345
18 0.0350
19 0.0350
20 0.0359
21 0.0363
22 0.0341
23 0.0334
24 0.0360
25 0.0382
26 0.0333
27 0.0338
28 0.0370
29 0.0360
30 0.0351
31 0.0352
32 0.0332
33 0.0362
34 0.0371
35 0.0379
36 0.0366
37 0.0362
38 0.0377
39 0.0368
40 0.0365
41 0.0346
42 0.0339
43 0.0358
44 0.0376
45 0.0365
46 0.0359
47 0.0381
48 0.0348
49 0.0355
50 0.0348
51 0.0345
52 0.0347
53 0.0372
54 0.0362
55 0.0367
56 0.0354
57 0.0369
58 0.0357
59 0.0389
60 0.0345
61 0.0371
62 0.0347
63 0.0372
64 0.0372
65 0.0349
66 0.0368
67 0.0349
68 0.0341
69 0.0361
70 0.0368
71 0.0375
72 0.0369
73 0.0359
74 0.0346
75 0.0369
76 0.0348
77 0.0372
78 0.0389
79 0.0373
80 0.0359
81 0.0387
82 0.0371
83 0.0364
84 0.0368
85 0.0378
86 0.0380
87 0.0349
88 0.0361
89 0.0367
90 0.0366
91 0.0378
92 0.0363
93 0.0365
94 0.0373
95 0.0365
96 0.0382
97 0.0369
98 0.0381
99 0.0351
100 0.0365
saving results to results/results_MI7_pid_sum_20240313.pkl
