/eos/home-k/kiwoznia/dev/rodem/optdesign/opDeDe/scripts/train_test_multilayer_calo_sum_vs_particleID.py:57: FutureWarning: <class 'awkward_pandas.array.AwkwardExtensionArray'>._reduce will require a `keepdims` parameter in the future
  df = (df-df.min())/(df.max()-df.min()) * (range_max - range_min) + range_min
100000 samples read
running train and test for 1 layers sum
1 0.0185
2 0.1080
3 0.1223
4 0.1321
5 0.1327
6 0.1430
7 0.1391
8 0.1444
9 0.1422
10 0.1507
11 0.1448
12 0.1497
13 0.1413
14 0.1421
15 0.1493
16 0.1511
17 0.1487
18 0.1475
19 0.1474
20 0.1473
21 0.1478
22 0.1502
23 0.1487
24 0.1477
25 0.1462
26 0.1536
27 0.1481
28 0.1520
29 0.1488
30 0.1446
31 0.1482
32 0.1502
33 0.1558
34 0.1526
35 0.1495
36 0.1515
37 0.1457
38 0.1519
39 0.1467
40 0.1557
41 0.1525
42 0.1455
43 0.1542
44 0.1537
45 0.1529
46 0.1476
47 0.1528
48 0.1553
49 0.1563
50 0.1517
51 0.1506
52 0.1516
53 0.1496
54 0.1512
55 0.1551
56 0.1543
57 0.1481
58 0.1538
59 0.1562
60 0.1449
61 0.1507
62 0.1494
63 0.1543
64 0.1516
65 0.1563
66 0.1497
67 0.1534
68 0.1537
69 0.1502
70 0.1489
71 0.1535
72 0.1548
73 0.1479
74 0.1568
75 0.1504
76 0.1543
77 0.1511
78 0.1538
79 0.1503
80 0.1507
81 0.1517
82 0.1473
83 0.1496
84 0.1512
85 0.1491
86 0.1531
87 0.1552
88 0.1570
89 0.1504
90 0.1569
91 0.1554
92 0.1526
93 0.1532
94 0.1517
95 0.1537
96 0.1564
97 0.1507
98 0.1534
99 0.1529
100 0.1504
running train and test for 2 layers sum
1 0.1911
2 0.3263
3 0.3351
4 0.3426
5 0.3326
6 0.3466
7 0.3395
8 0.3426
9 0.3433
10 0.3394
11 0.3418
12 0.3409
13 0.3411
14 0.3446
15 0.3446
16 0.3477
17 0.3468
18 0.3503
19 0.3468
20 0.3410
21 0.3450
22 0.3499
23 0.3452
24 0.3445
25 0.3399
26 0.3383
27 0.3438
28 0.3485
29 0.3458
30 0.3358
31 0.3414
32 0.3441
33 0.3486
34 0.3461
35 0.3450
36 0.3535
37 0.3499
38 0.3392
39 0.3571
40 0.3499
41 0.3442
42 0.3389
43 0.3440
44 0.3476
45 0.3523
46 0.3426
47 0.3480
48 0.3444
49 0.3507
50 0.3541
51 0.3412
52 0.3458
53 0.3473
54 0.3484
55 0.3409
56 0.3490
57 0.3465
58 0.3441
59 0.3478
60 0.3485
61 0.3488
62 0.3448
63 0.3502
64 0.3481
65 0.3485
66 0.3537
67 0.3459
68 0.3473
69 0.3469
70 0.3510
71 0.3555
72 0.3458
73 0.3528
74 0.3439
75 0.3565
76 0.3529
77 0.3468
78 0.3493
79 0.3447
80 0.3452
81 0.3524
82 0.3505
83 0.3464
84 0.3415
85 0.3542
86 0.3501
87 0.3488
88 0.3468
89 0.3545
90 0.3481
91 0.3482
92 0.3466
93 0.3558
94 0.3384
95 0.3536
96 0.3455
97 0.3525
98 0.3566
99 0.3561
100 0.3461
running train and test for 3 layers sum
1 0.3000
2 0.4791
3 0.4808
4 0.4859
5 0.4807
6 0.4852
7 0.4905
8 0.4800
9 0.4861
10 0.4819
11 0.4844
12 0.4881
13 0.4922
14 0.4833
15 0.4883
16 0.4876
17 0.4889
18 0.4902
19 0.4818
20 0.4889
21 0.4840
22 0.4895
23 0.4911
24 0.4951
25 0.4893
26 0.4868
27 0.4866
28 0.4882
29 0.4892
30 0.4899
31 0.4796
32 0.4815
33 0.4868
34 0.4898
35 0.4816
36 0.4842
37 0.4875
38 0.4868
39 0.4871
40 0.4824
41 0.4962
42 0.4791
43 0.4892
44 0.4886
45 0.4889
46 0.4941
47 0.4903
48 0.4993
49 0.4910
50 0.4907
51 0.4893
52 0.4906
53 0.4808
54 0.4871
55 0.4898
56 0.4852
57 0.4784
58 0.4963
59 0.4946
60 0.4860
61 0.4893
62 0.4877
63 0.4807
64 0.4966
65 0.4930
66 0.4896
67 0.4920
68 0.4850
69 0.4853
70 0.4909
71 0.4897
72 0.4969
73 0.4986
74 0.4773
75 0.4989
76 0.4886
77 0.4880
78 0.4830
79 0.4963
80 0.4910
81 0.4940
82 0.4860
83 0.4883
84 0.4881
85 0.4941
86 0.4913
87 0.4924
88 0.4872
89 0.4930
90 0.4985
91 0.4869
92 0.4990
93 0.4849
94 0.4934
95 0.4809
96 0.4938
97 0.4865
98 0.4913
99 0.4936
100 0.4877
running train and test for 4 layers sum
1 0.3285
2 0.5211
3 0.5390
4 0.5369
5 0.5472
6 0.5396
7 0.5436
8 0.5476
9 0.5526
10 0.5461
11 0.5510
12 0.5550
13 0.5417
14 0.5408
15 0.5452
16 0.5482
17 0.5457
18 0.5484
19 0.5465
20 0.5509
21 0.5480
22 0.5436
23 0.5406
24 0.5483
25 0.5420
26 0.5372
27 0.5456
28 0.5570
29 0.5413
30 0.5428
31 0.5484
32 0.5485
33 0.5489
34 0.5494
35 0.5541
36 0.5516
37 0.5451
38 0.5469
39 0.5479
40 0.5501
41 0.5472
42 0.5489
43 0.5476
44 0.5535
45 0.5343
46 0.5447
47 0.5457
48 0.5436
49 0.5453
50 0.5508
51 0.5506
52 0.5445
53 0.5460
54 0.5536
55 0.5487
56 0.5437
57 0.5468
58 0.5417
59 0.5484
60 0.5429
61 0.5495
62 0.5400
63 0.5427
64 0.5497
65 0.5451
66 0.5526
67 0.5400
68 0.5498
69 0.5551
70 0.5485
71 0.5489
72 0.5470
73 0.5495
74 0.5595
75 0.5576
76 0.5458
77 0.5478
78 0.5499
79 0.5399
80 0.5531
81 0.5446
82 0.5482
83 0.5542
84 0.5552
85 0.5506
86 0.5455
87 0.5572
88 0.5515
89 0.5508
90 0.5488
91 0.5407
92 0.5495
93 0.5496
94 0.5510
95 0.5518
96 0.5478
97 0.5468
98 0.5433
99 0.5413
100 0.5521
running train and test for 5 layers sum
1 0.3079
2 0.5261
3 0.5324
4 0.5375
5 0.5428
6 0.5492
7 0.5476
8 0.5392
9 0.5457
10 0.5438
11 0.5558
12 0.5486
13 0.5570
14 0.5514
15 0.5474
16 0.5447
17 0.5458
18 0.5472
19 0.5465
20 0.5537
21 0.5525
22 0.5429
23 0.5533
24 0.5523
25 0.5495
26 0.5434
27 0.5581
28 0.5505
29 0.5422
30 0.5438
31 0.5502
32 0.5518
33 0.5520
34 0.5541
35 0.5505
36 0.5462
37 0.5493
38 0.5550
39 0.5513
40 0.5509
41 0.5512
42 0.5478
43 0.5475
44 0.5568
45 0.5527
46 0.5588
47 0.5579
48 0.5556
49 0.5583
50 0.5432
51 0.5493
52 0.5605
53 0.5488
54 0.5532
55 0.5505
56 0.5468
57 0.5513
58 0.5616
59 0.5539
60 0.5635
61 0.5550
62 0.5453
63 0.5458
64 0.5643
65 0.5545
66 0.5482
67 0.5489
68 0.5566
69 0.5511
70 0.5548
71 0.5504
72 0.5581
73 0.5539
74 0.5540
75 0.5585
76 0.5456
77 0.5476
78 0.5481
79 0.5539
80 0.5640
81 0.5643
82 0.5445
83 0.5581
84 0.5496
85 0.5517
86 0.5507
87 0.5577
88 0.5638
89 0.5574
90 0.5559
91 0.5565
92 0.5515
93 0.5474
94 0.5582
95 0.5543
96 0.5494
97 0.5518
98 0.5474
99 0.5496
100 0.5436
running train and test for 6 layers sum
1 0.2911
2 0.5090
3 0.5182
4 0.5278
5 0.5259
6 0.5271
7 0.5258
8 0.5213
9 0.5237
10 0.5265
11 0.5288
12 0.5229
13 0.5393
14 0.5263
15 0.5352
16 0.5289
17 0.5315
18 0.5382
19 0.5289
20 0.5263
21 0.5376
22 0.5447
23 0.5353
24 0.5304
25 0.5254
26 0.5283
27 0.5337
28 0.5220
29 0.5187
30 0.5307
31 0.5329
32 0.5373
33 0.5281
34 0.5272
35 0.5281
36 0.5285
37 0.5301
38 0.5242
39 0.5288
40 0.5367
41 0.5326
42 0.5371
43 0.5296
44 0.5348
45 0.5189
46 0.5355
47 0.5347
48 0.5325
49 0.5328
50 0.5413
51 0.5325
52 0.5253
53 0.5283
54 0.5328
55 0.5449
56 0.5379
57 0.5306
58 0.5365
59 0.5335
60 0.5338
61 0.5259
62 0.5402
63 0.5357
64 0.5269
65 0.5307
66 0.5309
67 0.5380
68 0.5388
69 0.5340
70 0.5281
71 0.5392
72 0.5347
73 0.5216
74 0.5297
75 0.5341
76 0.5399
77 0.5255
78 0.5252
79 0.5352
80 0.5286
81 0.5369
82 0.5343
83 0.5344
84 0.5329
85 0.5330
86 0.5402
87 0.5287
88 0.5381
89 0.5379
90 0.5385
91 0.5357
92 0.5314
93 0.5327
94 0.5292
95 0.5299
96 0.5394
97 0.5269
98 0.5267
99 0.5330
100 0.5279
running train and test for 7 layers sum
1 0.3074
2 0.4727
3 0.4858
4 0.4854
5 0.4931
6 0.4991
7 0.4949
8 0.4994
9 0.4960
10 0.4948
11 0.4959
12 0.4998
13 0.4985
14 0.4986
15 0.4995
16 0.5011
17 0.4883
18 0.4993
19 0.4913
20 0.4977
21 0.5015
22 0.4996
23 0.4976
24 0.5050
25 0.4934
26 0.4973
27 0.4991
28 0.5007
29 0.4984
30 0.5042
31 0.5102
32 0.5036
33 0.4910
34 0.4938
35 0.4945
36 0.4981
37 0.4983
38 0.4991
39 0.5031
40 0.5031
41 0.5000
42 0.5074
43 0.5018
44 0.4981
45 0.5066
46 0.5002
47 0.4995
48 0.5034
49 0.5022
50 0.5118
51 0.5029
52 0.5047
53 0.5033
54 0.5037
55 0.5029
56 0.4983
57 0.5004
58 0.5049
59 0.5132
60 0.4954
61 0.5011
62 0.5049
63 0.5034
64 0.4952
65 0.5011
66 0.5052
67 0.5060
68 0.5018
69 0.5053
70 0.5103
71 0.4931
72 0.5031
73 0.5024
74 0.5064
75 0.4985
76 0.5023
77 0.5073
78 0.4968
79 0.5052
80 0.5026
81 0.5067
82 0.5040
83 0.5028
84 0.5054
85 0.4970
86 0.5025
87 0.5071
88 0.5041
89 0.5014
90 0.5013
91 0.4938
92 0.5053
93 0.5029
94 0.4945
95 0.5022
96 0.5044
97 0.5104
98 0.4995
99 0.5062
100 0.5005
running train and test for 8 layers sum
1 0.3145
2 0.4487
3 0.4582
4 0.4574
5 0.4605
6 0.4553
7 0.4515
8 0.4611
9 0.4614
10 0.4605
11 0.4682
12 0.4576
13 0.4710
14 0.4657
15 0.4605
16 0.4667
17 0.4711
18 0.4744
19 0.4622
20 0.4580
21 0.4725
22 0.4666
23 0.4715
24 0.4575
25 0.4580
26 0.4689
27 0.4674
28 0.4629
29 0.4712
30 0.4645
31 0.4645
32 0.4694
33 0.4585
34 0.4634
35 0.4646
36 0.4659
37 0.4675
38 0.4699
39 0.4716
40 0.4635
41 0.4743
42 0.4621
43 0.4572
44 0.4694
45 0.4696
46 0.4767
47 0.4670
48 0.4650
49 0.4629
50 0.4738
51 0.4692
52 0.4752
53 0.4734
54 0.4701
55 0.4696
56 0.4673
57 0.4688
58 0.4721
59 0.4699
60 0.4716
61 0.4718
62 0.4681
63 0.4678
64 0.4614
65 0.4647
66 0.4633
67 0.4713
68 0.4627
69 0.4721
70 0.4617
71 0.4661
72 0.4751
73 0.4646
74 0.4694
75 0.4768
76 0.4704
77 0.4699
78 0.4716
79 0.4803
80 0.4645
81 0.4758
82 0.4664
83 0.4650
84 0.4720
85 0.4656
86 0.4675
87 0.4742
88 0.4715
89 0.4760
90 0.4693
91 0.4751
92 0.4674
93 0.4706
94 0.4750
95 0.4667
96 0.4683
97 0.4649
98 0.4694
99 0.4663
100 0.4673
running train and test for 9 layers sum
1 0.2382
2 0.3824
3 0.4135
4 0.4192
5 0.4159
6 0.4187
7 0.4231
8 0.4293
9 0.4304
10 0.4318
11 0.4281
12 0.4296
13 0.4302
14 0.4170
15 0.4239
16 0.4288
17 0.4323
18 0.4260
19 0.4332
20 0.4388
21 0.4268
22 0.4342
23 0.4299
24 0.4382
25 0.4274
26 0.4397
27 0.4258
28 0.4324
29 0.4260
30 0.4287
31 0.4239
32 0.4246
33 0.4274
34 0.4312
35 0.4262
36 0.4306
37 0.4397
38 0.4257
39 0.4259
40 0.4353
41 0.4320
42 0.4341
43 0.4325
44 0.4353
45 0.4378
46 0.4327
47 0.4364
48 0.4333
49 0.4327
50 0.4251
51 0.4372
52 0.4335
53 0.4292
54 0.4327
55 0.4296
56 0.4356
57 0.4319
58 0.4269
59 0.4405
60 0.4277
61 0.4351
62 0.4273
63 0.4281
64 0.4365
65 0.4372
66 0.4322
67 0.4408
68 0.4346
69 0.4368
70 0.4319
71 0.4372
72 0.4368
73 0.4336
74 0.4375
75 0.4356
76 0.4328
77 0.4269
78 0.4325
79 0.4331
80 0.4394
81 0.4299
82 0.4291
83 0.4318
84 0.4393
85 0.4363
86 0.4236
87 0.4329
88 0.4401
89 0.4302
90 0.4346
91 0.4300
92 0.4345
93 0.4284
94 0.4340
95 0.4389
96 0.4262
97 0.4305
98 0.4261
99 0.4281
100 0.4349
running train and test for 10 layers sum
1 0.2296
2 0.3671
3 0.3793
4 0.3889
5 0.3835
6 0.3920
7 0.3913
8 0.3877
9 0.3964
10 0.3982
11 0.3947
12 0.3858
13 0.3972
14 0.3995
15 0.3978
16 0.3998
17 0.3964
18 0.3887
19 0.3929
20 0.3999
21 0.3967
22 0.3992
23 0.4038
24 0.3934
25 0.4043
26 0.3960
27 0.3982
28 0.4002
29 0.3973
30 0.3928
31 0.4014
32 0.3960
33 0.3927
34 0.3972
35 0.4084
36 0.3994
37 0.3976
38 0.3959
39 0.3943
40 0.3922
41 0.3977
42 0.4047
43 0.3977
44 0.3984
45 0.3975
46 0.3960
47 0.4046
48 0.3914
49 0.3979
50 0.3986
51 0.3994
52 0.4022
53 0.4050
54 0.4091
55 0.3948
56 0.3977
57 0.3950
58 0.3967
59 0.4052
60 0.4065
61 0.4042
62 0.3988
63 0.3934
64 0.4013
65 0.3997
66 0.3988
67 0.4007
68 0.4017
69 0.3978
70 0.4002
71 0.4013
72 0.4050
73 0.3968
74 0.3933
75 0.3976
76 0.3981
77 0.3999
78 0.4049
79 0.3951
80 0.4018
81 0.3927
82 0.3946
83 0.3979
84 0.4060
85 0.3964
86 0.3996
87 0.4030
88 0.4035
89 0.3969
90 0.4052
91 0.3991
92 0.4052
93 0.4001
94 0.3989
95 0.3949
96 0.4084
97 0.4044
98 0.3994
99 0.3934
100 0.3995
running train and test for 11 layers sum
1 0.1302
2 0.2297
3 0.2406
4 0.2491
5 0.2558
6 0.2569
7 0.2549
8 0.2533
9 0.2596
10 0.2602
11 0.2562
12 0.2516
13 0.2558
14 0.2574
15 0.2623
16 0.2707
17 0.2659
18 0.2634
19 0.2596
20 0.2590
21 0.2635
22 0.2606
23 0.2603
24 0.2668
25 0.2648
26 0.2548
27 0.2639
28 0.2590
29 0.2560
30 0.2646
31 0.2574
32 0.2596
33 0.2622
34 0.2635
35 0.2668
36 0.2651
37 0.2578
38 0.2592
39 0.2614
40 0.2589
41 0.2624
42 0.2665
43 0.2634
44 0.2699
45 0.2643
46 0.2609
47 0.2593
48 0.2622
49 0.2650
50 0.2594
51 0.2629
52 0.2577
53 0.2662
54 0.2620
55 0.2613
56 0.2700
57 0.2655
58 0.2613
59 0.2634
60 0.2605
61 0.2624
62 0.2578
63 0.2660
64 0.2629
65 0.2612
66 0.2641
67 0.2695
68 0.2688
69 0.2621
70 0.2653
71 0.2606
72 0.2608
73 0.2647
74 0.2621
75 0.2665
76 0.2619
77 0.2643
78 0.2586
79 0.2684
80 0.2623
81 0.2657
82 0.2605
83 0.2616
84 0.2601
85 0.2556
86 0.2598
87 0.2687
88 0.2664
89 0.2644
90 0.2629
91 0.2659
92 0.2638
93 0.2618
94 0.2632
95 0.2627
96 0.2560
97 0.2650
98 0.2608
99 0.2647
100 0.2687
running train and test for 12 layers sum
1 0.0922
2 0.1401
3 0.1509
4 0.1548
5 0.1535
6 0.1566
7 0.1579
8 0.1629
9 0.1671
10 0.1666
11 0.1677
12 0.1599
13 0.1632
14 0.1605
15 0.1612
16 0.1655
17 0.1650
18 0.1597
19 0.1656
20 0.1625
21 0.1616
22 0.1572
23 0.1617
24 0.1636
25 0.1668
26 0.1626
27 0.1573
28 0.1604
29 0.1634
30 0.1646
31 0.1602
32 0.1593
33 0.1649
34 0.1615
35 0.1666
36 0.1691
37 0.1569
38 0.1629
39 0.1589
40 0.1659
41 0.1626
42 0.1626
43 0.1644
44 0.1680
45 0.1608
46 0.1648
47 0.1636
48 0.1605
49 0.1624
50 0.1617
51 0.1620
52 0.1634
53 0.1612
54 0.1625
55 0.1637
56 0.1595
57 0.1619
58 0.1665
59 0.1620
60 0.1597
61 0.1675
62 0.1676
63 0.1625
64 0.1602
65 0.1632
66 0.1674
67 0.1627
68 0.1646
69 0.1637
70 0.1683
71 0.1684
72 0.1615
73 0.1608
74 0.1661
75 0.1666
76 0.1596
77 0.1606
78 0.1676
79 0.1660
80 0.1659
81 0.1658
82 0.1625
83 0.1662
84 0.1637
85 0.1642
86 0.1655
87 0.1617
88 0.1652
89 0.1665
90 0.1611
91 0.1636
92 0.1648
93 0.1603
94 0.1628
95 0.1702
96 0.1586
97 0.1606
98 0.1624
99 0.1654
100 0.1685
running train and test for 13 layers sum
1 0.0502
2 0.0758
3 0.0827
4 0.0860
5 0.0892
6 0.0914
7 0.0849
8 0.0913
9 0.0919
10 0.0950
11 0.0926
12 0.0913
13 0.0947
14 0.0953
15 0.0927
16 0.0931
17 0.0966
18 0.0945
19 0.0976
20 0.0938
21 0.0962
22 0.0948
23 0.0962
24 0.0936
25 0.0927
26 0.0923
27 0.0951
28 0.0933
29 0.0972
30 0.0911
31 0.0946
32 0.0936
33 0.0947
34 0.0966
35 0.0970
36 0.0949
37 0.0962
38 0.0995
39 0.0954
40 0.0986
41 0.0926
42 0.0952
43 0.0973
44 0.0997
45 0.0948
46 0.0983
47 0.0955
48 0.0974
49 0.0971
50 0.0973
51 0.0965
52 0.0991
53 0.0993
54 0.0981
55 0.0942
56 0.0971
57 0.0982
58 0.1003
59 0.0978
60 0.0976
61 0.0989
62 0.0971
63 0.0959
64 0.0987
65 0.0975
66 0.1003
67 0.0970
68 0.0948
69 0.0990
70 0.0997
71 0.0989
72 0.0977
73 0.1023
74 0.0980
75 0.1022
76 0.1002
77 0.1004
78 0.0989
79 0.0992
80 0.0960
81 0.0997
82 0.0959
83 0.1016
84 0.1029
85 0.0978
86 0.0980
87 0.0999
88 0.1018
89 0.0992
90 0.1005
91 0.0981
92 0.1026
93 0.0931
94 0.0979
95 0.0990
96 0.1005
97 0.0976
98 0.0969
99 0.0976
100 0.0996
running train and test for 14 layers sum
1 0.0252
2 0.0346
3 0.0367
4 0.0396
5 0.0375
6 0.0443
7 0.0459
8 0.0415
9 0.0457
10 0.0483
11 0.0454
12 0.0473
13 0.0465
14 0.0482
15 0.0473
16 0.0488
17 0.0493
18 0.0536
19 0.0496
20 0.0474
21 0.0476
22 0.0505
23 0.0530
24 0.0531
25 0.0547
26 0.0559
27 0.0558
28 0.0553
29 0.0514
30 0.0533
31 0.0531
32 0.0569
33 0.0542
34 0.0500
35 0.0546
36 0.0576
37 0.0543
38 0.0555
39 0.0567
40 0.0569
41 0.0554
42 0.0566
43 0.0544
44 0.0589
45 0.0554
46 0.0559
47 0.0554
48 0.0574
49 0.0546
50 0.0568
51 0.0578
52 0.0595
53 0.0577
54 0.0596
55 0.0573
56 0.0601
57 0.0558
58 0.0597
59 0.0551
60 0.0547
61 0.0582
62 0.0523
63 0.0613
64 0.0569
65 0.0590
66 0.0600
67 0.0581
68 0.0568
69 0.0570
70 0.0586
71 0.0546
72 0.0596
73 0.0586
74 0.0598
75 0.0551
76 0.0549
77 0.0605
78 0.0587
79 0.0569
80 0.0576
81 0.0613
82 0.0552
83 0.0586
84 0.0576
85 0.0577
86 0.0575
87 0.0562
88 0.0579
89 0.0574
90 0.0580
91 0.0598
92 0.0579
93 0.0575
94 0.0603
95 0.0586
96 0.0574
97 0.0584
98 0.0575
99 0.0557
100 0.0564
running train and test for 15 layers sum
1 0.0110
2 0.0164
3 0.0177
4 0.0164
5 0.0189
6 0.0207
7 0.0226
8 0.0219
9 0.0224
10 0.0219
11 0.0269
12 0.0271
13 0.0302
14 0.0293
15 0.0294
16 0.0319
17 0.0335
18 0.0307
19 0.0356
20 0.0332
21 0.0339
22 0.0346
23 0.0359
24 0.0345
25 0.0323
26 0.0331
27 0.0340
28 0.0349
29 0.0326
30 0.0361
31 0.0336
32 0.0339
33 0.0342
34 0.0362
35 0.0360
36 0.0373
37 0.0324
38 0.0327
39 0.0340
40 0.0339
41 0.0352
42 0.0327
43 0.0384
44 0.0376
45 0.0397
46 0.0343
47 0.0330
48 0.0355
49 0.0363
50 0.0361
51 0.0373
52 0.0361
53 0.0338
54 0.0372
55 0.0345
56 0.0351
57 0.0338
58 0.0346
59 0.0366
60 0.0365
61 0.0364
62 0.0368
63 0.0361
64 0.0371
65 0.0343
66 0.0338
67 0.0366
68 0.0362
69 0.0343
70 0.0390
71 0.0343
72 0.0344
73 0.0359
74 0.0357
75 0.0386
76 0.0354
77 0.0349
78 0.0358
79 0.0374
80 0.0355
81 0.0358
82 0.0361
83 0.0358
84 0.0350
85 0.0376
86 0.0343
87 0.0334
88 0.0358
89 0.0376
90 0.0354
91 0.0331
92 0.0384
93 0.0350
94 0.0345
95 0.0352
96 0.0338
97 0.0358
98 0.0363
99 0.0367
100 0.0343
running train and test for 16 layers sum
1 0.0034
2 0.0061
3 0.0055
4 0.0070
5 0.0060
6 0.0074
7 0.0067
8 0.0078
9 0.0079
10 0.0091
11 0.0117
12 0.0131
13 0.0148
14 0.0163
15 0.0185
16 0.0185
17 0.0182
18 0.0204
19 0.0191
20 0.0192
21 0.0205
22 0.0208
23 0.0227
24 0.0209
25 0.0200
26 0.0228
27 0.0207
28 0.0222
29 0.0244
30 0.0193
31 0.0233
32 0.0199
33 0.0230
34 0.0230
35 0.0220
36 0.0192
37 0.0199
38 0.0202
39 0.0230
40 0.0233
41 0.0237
42 0.0209
43 0.0238
44 0.0235
45 0.0218
46 0.0224
47 0.0203
48 0.0251
49 0.0227
50 0.0227
51 0.0220
52 0.0226
53 0.0237
54 0.0199
55 0.0242
56 0.0258
57 0.0244
58 0.0234
59 0.0232
60 0.0233
61 0.0235
62 0.0221
63 0.0257
64 0.0240
65 0.0229
66 0.0232
67 0.0244
68 0.0221
69 0.0262
70 0.0233
71 0.0233
72 0.0252
73 0.0233
74 0.0262
75 0.0244
76 0.0238
77 0.0236
78 0.0252
79 0.0234
80 0.0237
81 0.0247
82 0.0246
83 0.0254
84 0.0252
85 0.0215
86 0.0258
87 0.0260
88 0.0245
89 0.0252
90 0.0259
91 0.0242
92 0.0253
93 0.0241
94 0.0243
95 0.0244
96 0.0246
97 0.0244
98 0.0247
99 0.0255
100 0.0244
running train and test for 17 layers sum
1 0.0010
2 0.0013
3 0.0009
4 0.0014
5 0.0013
6 0.0021
7 0.0030
8 0.0037
9 0.0066
10 0.0094
11 0.0109
12 0.0140
13 0.0121
14 0.0130
15 0.0156
16 0.0165
17 0.0158
18 0.0173
19 0.0167
20 0.0166
21 0.0191
22 0.0161
23 0.0159
24 0.0176
25 0.0198
26 0.0182
27 0.0156
28 0.0197
29 0.0175
30 0.0162
31 0.0172
32 0.0185
33 0.0174
34 0.0190
35 0.0199
36 0.0188
37 0.0165
38 0.0180
39 0.0191
40 0.0185
41 0.0198
42 0.0188
43 0.0202
44 0.0208
45 0.0197
46 0.0189
47 0.0207
48 0.0187
49 0.0208
50 0.0215
51 0.0195
52 0.0201
53 0.0207
54 0.0200
55 0.0201
56 0.0180
57 0.0205
58 0.0211
59 0.0204
60 0.0206
61 0.0190
62 0.0179
63 0.0188
64 0.0217
65 0.0212
66 0.0187
67 0.0211
68 0.0208
69 0.0201
70 0.0213
71 0.0209
72 0.0203
73 0.0192
74 0.0196
75 0.0186
76 0.0214
77 0.0228
78 0.0197
79 0.0219
80 0.0196
81 0.0204
82 0.0208
83 0.0208
84 0.0226
85 0.0232
86 0.0208
87 0.0191
88 0.0210
89 0.0218
90 0.0203
91 0.0213
92 0.0192
93 0.0221
94 0.0208
95 0.0215
96 0.0207
97 0.0192
98 0.0199
99 0.0224
100 0.0209
running train and test for 18 layers sum
1 -0.0002
2 -0.0001
3 -0.0000
4 -0.0000
5 -0.0000
6 -0.0000
7 -0.0000
8 -0.0000
9 -0.0000
10 -0.0000
11 -0.0000
12 -0.0000
13 -0.0000
14 -0.0000
15 -0.0000
16 -0.0000
17 -0.0000
18 -0.0000
19 -0.0000
20 -0.0000
21 -0.0000
22 -0.0000
23 -0.0000
24 -0.0000
25 -0.0000
26 -0.0000
27 -0.0000
28 -0.0000
29 -0.0000
30 -0.0000
31 -0.0000
32 -0.0000
33 -0.0000
34 -0.0000
35 -0.0000
36 -0.0000
37 -0.0000
38 -0.0000
39 -0.0000
40 -0.0000
41 -0.0000
42 -0.0000
43 -0.0000
44 -0.0000
45 -0.0000
46 -0.0000
47 -0.0000
48 -0.0000
49 -0.0000
50 -0.0000
51 -0.0000
52 -0.0000
53 -0.0000
54 -0.0000
55 -0.0000
56 -0.0000
57 -0.0000
58 -0.0000
59 -0.0000
60 -0.0000
61 0.0000
62 -0.0000
63 -0.0000
64 -0.0000
65 -0.0000
66 -0.0000
67 -0.0000
68 0.0000
69 -0.0000
70 -0.0000
71 -0.0000
72 -0.0000
73 -0.0000
74 0.0000
75 -0.0000
76 -0.0000
77 -0.0000
78 0.0000
79 -0.0000
80 -0.0000
81 -0.0000
82 -0.0000
83 -0.0000
84 -0.0000
85 -0.0000
86 0.0000
87 -0.0000
88 -0.0000
89 -0.0000
90 -0.0000
91 -0.0000
92 -0.0000
93 -0.0000
94 -0.0000
95 -0.0000
96 -0.0000
97 -0.0000
98 -0.0000
99 0.0000
100 -0.0000
running train and test for 19 layers sum
1 -0.0002
2 0.0001
3 0.0003
4 0.0003
5 0.0008
6 0.0014
7 0.0034
8 0.0065
9 0.0091
10 0.0117
11 0.0119
12 0.0124
13 0.0155
14 0.0162
15 0.0171
16 0.0179
17 0.0158
18 0.0171
19 0.0157
20 0.0181
21 0.0171
22 0.0171
23 0.0165
24 0.0181
25 0.0194
26 0.0165
27 0.0202
28 0.0179
29 0.0205
30 0.0184
31 0.0193
32 0.0201
33 0.0192
34 0.0170
35 0.0189
36 0.0202
37 0.0198
38 0.0185
39 0.0164
40 0.0188
41 0.0202
42 0.0200
43 0.0185
44 0.0187
45 0.0184
46 0.0184
47 0.0201
48 0.0186
49 0.0166
50 0.0186
51 0.0205
52 0.0179
53 0.0188
54 0.0197
55 0.0199
56 0.0186
57 0.0184
58 0.0178
59 0.0191
60 0.0186
61 0.0219
62 0.0191
63 0.0199
64 0.0204
65 0.0173
66 0.0213
67 0.0180
68 0.0182
69 0.0186
70 0.0190
71 0.0210
72 0.0192
73 0.0184
74 0.0180
75 0.0219
76 0.0161
77 0.0198
78 0.0189
79 0.0201
80 0.0197
81 0.0163
82 0.0201
83 0.0214
84 0.0192
85 0.0194
86 0.0193
87 0.0198
88 0.0217
89 0.0183
90 0.0185
91 0.0193
92 0.0205
93 0.0215
94 0.0190
95 0.0203
96 0.0186
97 0.0190
98 0.0211
99 0.0198
100 0.0204
running train and test for 20 layers sum
1 0.0001
2 0.0009
3 0.0015
4 0.0023
5 0.0027
6 0.0046
7 0.0079
8 0.0083
9 0.0125
10 0.0166
11 0.0181
12 0.0187
13 0.0181
14 0.0203
15 0.0203
16 0.0207
17 0.0211
18 0.0198
19 0.0200
20 0.0213
21 0.0208
22 0.0233
23 0.0230
24 0.0210
25 0.0235
26 0.0210
27 0.0217
28 0.0216
29 0.0231
30 0.0201
31 0.0245
32 0.0202
33 0.0222
34 0.0199
35 0.0223
36 0.0190
37 0.0206
38 0.0221
39 0.0208
40 0.0213
41 0.0214
42 0.0213
43 0.0256
44 0.0212
45 0.0220
46 0.0217
47 0.0217
48 0.0201
49 0.0230
50 0.0232
51 0.0211
52 0.0235
53 0.0219
54 0.0235
55 0.0226
56 0.0220
57 0.0208
58 0.0222
59 0.0231
60 0.0216
61 0.0224
62 0.0237
63 0.0193
64 0.0222
65 0.0222
66 0.0212
67 0.0214
68 0.0219
69 0.0193
70 0.0222
71 0.0223
72 0.0223
73 0.0226
74 0.0207
75 0.0224
76 0.0222
77 0.0220
78 0.0233
79 0.0223
80 0.0232
81 0.0248
82 0.0214
83 0.0235
84 0.0218
85 0.0232
86 0.0234
87 0.0211
88 0.0222
89 0.0230
90 0.0234
91 0.0227
92 0.0224
93 0.0238
94 0.0224
95 0.0219
96 0.0221
97 0.0243
98 0.0218
99 0.0217
100 0.0220
running train and test for 21 layers sum
1 0.0014
2 0.0037
3 0.0051
4 0.0084
5 0.0129
6 0.0162
7 0.0180
8 0.0202
9 0.0205
10 0.0215
11 0.0216
12 0.0208
13 0.0218
14 0.0204
15 0.0203
16 0.0226
17 0.0234
18 0.0217
19 0.0217
20 0.0227
21 0.0222
22 0.0236
23 0.0258
24 0.0250
25 0.0221
26 0.0253
27 0.0238
28 0.0228
29 0.0265
30 0.0238
31 0.0219
32 0.0233
33 0.0236
34 0.0231
35 0.0244
36 0.0226
37 0.0254
38 0.0263
39 0.0252
40 0.0243
41 0.0246
42 0.0257
43 0.0259
44 0.0233
45 0.0270
46 0.0242
47 0.0236
48 0.0245
49 0.0263
50 0.0263
51 0.0234
52 0.0254
53 0.0264
54 0.0283
55 0.0241
56 0.0253
57 0.0235
58 0.0281
59 0.0285
60 0.0246
61 0.0252
62 0.0273
63 0.0266
64 0.0278
65 0.0248
66 0.0265
67 0.0272
68 0.0260
69 0.0244
70 0.0250
71 0.0253
72 0.0293
73 0.0268
74 0.0262
75 0.0265
76 0.0283
77 0.0248
78 0.0243
79 0.0275
80 0.0256
81 0.0258
82 0.0275
83 0.0268
84 0.0260
85 0.0267
86 0.0272
87 0.0262
88 0.0245
89 0.0266
90 0.0283
91 0.0275
92 0.0252
93 0.0257
94 0.0242
95 0.0271
96 0.0279
97 0.0288
98 0.0265
99 0.0277
100 0.0260
running train and test for 22 layers sum
1 0.0017
2 0.0053
3 0.0098
4 0.0138
5 0.0176
6 0.0199
7 0.0201
8 0.0215
9 0.0237
10 0.0244
11 0.0264
12 0.0263
13 0.0240
14 0.0233
15 0.0241
16 0.0246
17 0.0252
18 0.0257
19 0.0259
20 0.0261
21 0.0268
22 0.0262
23 0.0233
24 0.0258
25 0.0276
26 0.0265
27 0.0278
28 0.0262
29 0.0282
30 0.0252
31 0.0286
32 0.0250
33 0.0262
34 0.0266
35 0.0292
36 0.0273
37 0.0260
38 0.0257
39 0.0274
40 0.0252
41 0.0268
42 0.0267
43 0.0267
44 0.0282
45 0.0279
46 0.0263
47 0.0277
48 0.0280
49 0.0250
50 0.0268
51 0.0284
52 0.0275
53 0.0254
54 0.0271
55 0.0277
56 0.0254
57 0.0286
58 0.0267
59 0.0266
60 0.0272
61 0.0271
62 0.0281
63 0.0278
64 0.0272
65 0.0281
66 0.0258
67 0.0278
68 0.0280
69 0.0302
70 0.0260
71 0.0290
72 0.0281
73 0.0274
74 0.0296
75 0.0271
76 0.0270
77 0.0283
78 0.0280
79 0.0276
80 0.0286
81 0.0287
82 0.0314
83 0.0282
84 0.0295
85 0.0293
86 0.0300
87 0.0265
88 0.0274
89 0.0291
90 0.0287
91 0.0281
92 0.0260
93 0.0282
94 0.0306
95 0.0287
96 0.0286
97 0.0283
98 0.0286
99 0.0277
100 0.0279
running train and test for 23 layers sum
1 0.0028
2 0.0058
3 0.0092
4 0.0118
5 0.0155
6 0.0165
7 0.0213
8 0.0247
9 0.0242
10 0.0263
11 0.0270
12 0.0308
13 0.0265
14 0.0242
15 0.0287
16 0.0287
17 0.0295
18 0.0275
19 0.0263
20 0.0277
21 0.0283
22 0.0271
23 0.0275
24 0.0247
25 0.0272
26 0.0266
27 0.0297
28 0.0257
29 0.0275
30 0.0282
31 0.0280
32 0.0294
33 0.0292
34 0.0303
35 0.0313
36 0.0311
37 0.0293
38 0.0301
39 0.0270
40 0.0311
41 0.0317
42 0.0295
43 0.0293
44 0.0281
45 0.0299
46 0.0281
47 0.0285
48 0.0281
49 0.0323
50 0.0308
51 0.0309
52 0.0309
53 0.0308
54 0.0284
55 0.0268
56 0.0301
57 0.0300
58 0.0321
59 0.0317
60 0.0296
61 0.0307
62 0.0308
63 0.0318
64 0.0281
65 0.0308
66 0.0311
67 0.0283
68 0.0321
69 0.0297
70 0.0295
71 0.0295
72 0.0306
73 0.0305
74 0.0297
75 0.0282
76 0.0301
77 0.0289
78 0.0286
79 0.0289
80 0.0302
81 0.0308
82 0.0291
83 0.0289
84 0.0331
85 0.0287
86 0.0298
87 0.0288
88 0.0293
89 0.0313
90 0.0310
91 0.0298
92 0.0296
93 0.0313
94 0.0308
95 0.0306
96 0.0285
97 0.0298
98 0.0289
99 0.0333
100 0.0300
running train and test for 24 layers sum
1 0.0017
2 0.0057
3 0.0075
4 0.0106
5 0.0138
6 0.0192
7 0.0198
8 0.0212
9 0.0221
10 0.0265
11 0.0233
12 0.0275
13 0.0267
14 0.0266
15 0.0264
16 0.0285
17 0.0308
18 0.0286
19 0.0319
20 0.0285
21 0.0311
22 0.0297
23 0.0293
24 0.0291
25 0.0284
26 0.0271
27 0.0263
28 0.0296
29 0.0259
30 0.0302
31 0.0257
32 0.0299
33 0.0300
34 0.0310
35 0.0298
36 0.0295
37 0.0305
38 0.0283
39 0.0292
40 0.0305
41 0.0315
42 0.0320
43 0.0294
44 0.0298
45 0.0299
46 0.0334
47 0.0290
48 0.0296
49 0.0283
50 0.0306
51 0.0319
52 0.0318
53 0.0299
54 0.0281
55 0.0316
56 0.0310
57 0.0293
58 0.0316
59 0.0303
60 0.0285
61 0.0292
62 0.0305
63 0.0311
64 0.0302
65 0.0330
66 0.0337
67 0.0293
68 0.0304
69 0.0303
70 0.0308
71 0.0293
72 0.0296
73 0.0326
74 0.0308
75 0.0327
76 0.0307
77 0.0302
78 0.0294
79 0.0313
80 0.0337
81 0.0319
82 0.0305
83 0.0306
84 0.0318
85 0.0299
86 0.0314
87 0.0294
88 0.0331
89 0.0297
90 0.0332
91 0.0311
92 0.0302
93 0.0319
94 0.0334
95 0.0317
96 0.0334
97 0.0309
98 0.0304
99 0.0303
100 0.0328
running train and test for 25 layers sum
1 0.0033
2 0.0076
3 0.0105
4 0.0151
5 0.0183
6 0.0204
7 0.0249
8 0.0261
9 0.0294
10 0.0291
11 0.0282
12 0.0254
13 0.0296
14 0.0264
15 0.0250
16 0.0293
17 0.0299
18 0.0288
19 0.0280
20 0.0280
21 0.0310
22 0.0281
23 0.0316
24 0.0302
25 0.0321
26 0.0331
27 0.0318
28 0.0318
29 0.0309
30 0.0309
31 0.0304
32 0.0308
33 0.0308
34 0.0275
35 0.0311
36 0.0324
37 0.0337
38 0.0287
39 0.0316
40 0.0325
41 0.0323
42 0.0340
43 0.0334
44 0.0310
45 0.0309
46 0.0329
47 0.0337
48 0.0336
49 0.0310
50 0.0313
51 0.0321
52 0.0304
53 0.0307
54 0.0319
55 0.0320
56 0.0309
57 0.0325
58 0.0306
59 0.0293
60 0.0301
61 0.0333
62 0.0338
63 0.0330
64 0.0330
65 0.0302
66 0.0310
67 0.0316
68 0.0322
69 0.0331
70 0.0340
71 0.0339
72 0.0299
73 0.0320
74 0.0331
75 0.0336
76 0.0330
77 0.0327
78 0.0342
79 0.0324
80 0.0354
81 0.0326
82 0.0321
83 0.0330
84 0.0322
85 0.0339
86 0.0304
87 0.0329
88 0.0337
89 0.0328
90 0.0325
91 0.0318
92 0.0338
93 0.0327
94 0.0337
95 0.0327
96 0.0305
97 0.0343
98 0.0328
99 0.0344
100 0.0320
running train and test for 26 layers sum
1 0.0016
2 0.0067
3 0.0122
4 0.0164
5 0.0229
6 0.0258
7 0.0291
8 0.0256
9 0.0303
10 0.0274
11 0.0292
12 0.0293
13 0.0285
14 0.0293
15 0.0309
16 0.0312
17 0.0321
18 0.0318
19 0.0298
20 0.0338
21 0.0327
22 0.0328
23 0.0301
24 0.0342
25 0.0312
26 0.0301
27 0.0323
28 0.0335
29 0.0307
30 0.0302
31 0.0331
32 0.0337
33 0.0334
34 0.0333
35 0.0329
36 0.0346
37 0.0346
38 0.0332
39 0.0327
40 0.0342
41 0.0353
42 0.0326
43 0.0321
44 0.0344
45 0.0322
46 0.0340
47 0.0331
48 0.0340
49 0.0364
50 0.0343
51 0.0341
52 0.0323
53 0.0317
54 0.0310
55 0.0334
56 0.0339
57 0.0316
58 0.0320
59 0.0363
60 0.0363
61 0.0329
62 0.0326
63 0.0323
64 0.0335
65 0.0353
66 0.0314
67 0.0323
68 0.0331
69 0.0356
70 0.0339
71 0.0346
72 0.0344
73 0.0315
74 0.0375
75 0.0332
76 0.0343
77 0.0355
78 0.0325
79 0.0329
80 0.0335
81 0.0314
82 0.0324
83 0.0340
84 0.0328
85 0.0331
86 0.0327
87 0.0330
88 0.0362
89 0.0366
90 0.0359
91 0.0339
92 0.0349
93 0.0331
94 0.0335
95 0.0355
96 0.0333
97 0.0360
98 0.0319
99 0.0325
100 0.0333
running train and test for 27 layers sum
1 0.0053
2 0.0150
3 0.0237
4 0.0277
5 0.0299
6 0.0325
7 0.0330
8 0.0334
9 0.0322
10 0.0365
11 0.0334
12 0.0325
13 0.0350
14 0.0336
15 0.0328
16 0.0339
17 0.0365
18 0.0337
19 0.0343
20 0.0354
21 0.0350
22 0.0340
23 0.0341
24 0.0346
25 0.0343
26 0.0340
27 0.0329
28 0.0333
29 0.0352
30 0.0345
31 0.0343
32 0.0347
33 0.0342
34 0.0341
35 0.0350
36 0.0342
37 0.0371
38 0.0381
39 0.0339
40 0.0369
41 0.0351
42 0.0364
43 0.0341
44 0.0350
45 0.0335
46 0.0335
47 0.0377
48 0.0350
49 0.0338
50 0.0353
51 0.0344
52 0.0342
53 0.0359
54 0.0353
55 0.0354
56 0.0345
57 0.0367
58 0.0361
59 0.0372
60 0.0353
61 0.0335
62 0.0335
63 0.0361
64 0.0332
65 0.0335
66 0.0339
67 0.0362
68 0.0334
69 0.0364
70 0.0345
71 0.0392
72 0.0338
73 0.0373
74 0.0372
75 0.0370
76 0.0366
77 0.0343
78 0.0357
79 0.0359
80 0.0337
81 0.0357
82 0.0368
83 0.0366
84 0.0353
85 0.0373
86 0.0336
87 0.0382
88 0.0342
89 0.0342
90 0.0343
91 0.0340
92 0.0343
93 0.0369
94 0.0343
95 0.0380
96 0.0372
97 0.0355
98 0.0369
99 0.0354
100 0.0364
running train and test for 28 layers sum
1 0.0032
2 0.0086
3 0.0132
4 0.0193
5 0.0216
6 0.0265
7 0.0266
8 0.0262
9 0.0277
10 0.0312
11 0.0337
12 0.0332
13 0.0325
14 0.0337
15 0.0324
16 0.0344
17 0.0340
18 0.0322
19 0.0303
20 0.0350
21 0.0317
22 0.0325
23 0.0328
24 0.0322
25 0.0328
26 0.0302
27 0.0328
28 0.0351
29 0.0318
30 0.0327
31 0.0326
32 0.0316
33 0.0372
34 0.0313
35 0.0359
36 0.0319
37 0.0339
38 0.0350
39 0.0327
40 0.0346
41 0.0310
42 0.0324
43 0.0331
44 0.0344
45 0.0319
46 0.0348
47 0.0330
48 0.0346
49 0.0361
50 0.0360
51 0.0337
52 0.0338
53 0.0331
54 0.0340
55 0.0346
56 0.0359
57 0.0333
58 0.0354
59 0.0326
60 0.0314
61 0.0333
62 0.0352
63 0.0349
64 0.0332
65 0.0346
66 0.0321
67 0.0310
68 0.0357
69 0.0320
70 0.0322
71 0.0344
72 0.0357
73 0.0348
74 0.0367
75 0.0344
76 0.0362
77 0.0344
78 0.0335
79 0.0353
80 0.0357
81 0.0341
82 0.0340
83 0.0324
84 0.0349
85 0.0333
86 0.0376
87 0.0352
88 0.0328
89 0.0324
90 0.0323
91 0.0349
92 0.0346
93 0.0344
94 0.0355
95 0.0330
96 0.0347
97 0.0348
98 0.0369
99 0.0372
100 0.0349
running train and test for 29 layers sum
1 0.0044
2 0.0123
3 0.0200
4 0.0236
5 0.0279
6 0.0298
7 0.0290
8 0.0279
9 0.0320
10 0.0349
11 0.0352
12 0.0301
13 0.0310
14 0.0301
15 0.0347
16 0.0337
17 0.0291
18 0.0317
19 0.0310
20 0.0344
21 0.0299
22 0.0373
23 0.0336
24 0.0312
25 0.0348
26 0.0361
27 0.0383
28 0.0348
29 0.0347
30 0.0327
31 0.0363
32 0.0332
33 0.0313
34 0.0310
35 0.0321
36 0.0366
37 0.0350
38 0.0344
39 0.0327
40 0.0343
41 0.0321
42 0.0359
43 0.0361
44 0.0354
45 0.0350
46 0.0337
47 0.0310
48 0.0346
49 0.0342
50 0.0368
51 0.0323
52 0.0353
53 0.0372
54 0.0322
55 0.0340
56 0.0339
57 0.0343
58 0.0346
59 0.0371
60 0.0357
61 0.0323
62 0.0358
63 0.0335
64 0.0360
65 0.0340
66 0.0351
67 0.0359
68 0.0372
69 0.0374
70 0.0337
71 0.0325
72 0.0367
73 0.0370
74 0.0343
75 0.0383
76 0.0349
77 0.0344
78 0.0359
79 0.0357
80 0.0351
81 0.0364
82 0.0358
83 0.0353
84 0.0343
85 0.0379
86 0.0341
87 0.0345
88 0.0362
89 0.0379
90 0.0371
91 0.0350
92 0.0351
93 0.0328
94 0.0349
95 0.0381
96 0.0351
97 0.0360
98 0.0369
99 0.0326
100 0.0346
running train and test for 30 layers sum
1 0.0041
2 0.0089
3 0.0137
4 0.0179
5 0.0225
6 0.0251
7 0.0297
8 0.0315
9 0.0322
10 0.0298
11 0.0304
12 0.0312
13 0.0329
14 0.0323
15 0.0325
16 0.0333
17 0.0353
18 0.0331
19 0.0320
20 0.0342
21 0.0328
22 0.0359
23 0.0332
24 0.0341
25 0.0332
26 0.0318
27 0.0372
28 0.0351
29 0.0360
30 0.0341
31 0.0347
32 0.0352
33 0.0332
34 0.0332
35 0.0362
36 0.0348
37 0.0346
38 0.0340
39 0.0360
40 0.0345
41 0.0371
42 0.0351
43 0.0342
44 0.0356
45 0.0361
46 0.0336
47 0.0375
48 0.0313
49 0.0347
50 0.0353
51 0.0348
52 0.0369
53 0.0348
54 0.0356
55 0.0344
56 0.0353
57 0.0352
58 0.0345
59 0.0355
60 0.0350
61 0.0357
62 0.0361
63 0.0346
64 0.0341
65 0.0356
66 0.0362
67 0.0351
68 0.0380
69 0.0354
70 0.0352
71 0.0360
72 0.0339
73 0.0341
74 0.0344
75 0.0349
76 0.0366
77 0.0360
78 0.0363
79 0.0356
80 0.0366
81 0.0358
82 0.0363
83 0.0363
84 0.0359
85 0.0374
86 0.0350
87 0.0362
88 0.0370
89 0.0342
90 0.0370
91 0.0372
92 0.0376
93 0.0391
94 0.0349
95 0.0370
96 0.0362
97 0.0350
98 0.0376
99 0.0384
100 0.0352
Traceback (most recent call last):
  File "/eos/home-k/kiwoznia/dev/rodem/optdesign/opDeDe/scripts/train_test_multilayer_calo_sum_vs_particleID.py", line 122, in <module>
    result_path = os.path.join(stco.result_dir,'results_MI'+str(run_n)+'_'+args.input_type+datestr+'.pkl')
NameError: name 'run_n' is not defined
