/eos/home-k/kiwoznia/dev/rodem/optdesign/opDeDe/scripts/train_test_multilayer_calo_sum_vs_particleID.py:56: FutureWarning: <class 'awkward_pandas.array.AwkwardExtensionArray'>._reduce will require a `keepdims` parameter in the future
  df = (df-df.min())/(df.max()-df.min()) * (range_max - range_min) + range_min
100000 samples read
running train and test for 1 layers sum
1 0.0124
2 0.0939
3 0.1128
4 0.1162
5 0.1247
6 0.1283
7 0.1297
8 0.1319
9 0.1379
10 0.1373
11 0.1433
12 0.1415
13 0.1522
14 0.1414
15 0.1449
16 0.1457
17 0.1417
18 0.1456
19 0.1522
20 0.1455
21 0.1473
22 0.1509
23 0.1513
24 0.1461
25 0.1452
26 0.1454
27 0.1421
28 0.1456
29 0.1479
30 0.1512
31 0.1523
32 0.1468
33 0.1487
34 0.1515
35 0.1480
36 0.1496
37 0.1467
38 0.1450
39 0.1550
40 0.1501
41 0.1452
42 0.1472
43 0.1501
44 0.1490
45 0.1490
46 0.1479
47 0.1508
48 0.1500
49 0.1480
50 0.1462
51 0.1432
52 0.1480
53 0.1431
54 0.1480
55 0.1479
56 0.1492
57 0.1448
58 0.1517
59 0.1441
60 0.1459
61 0.1525
62 0.1452
63 0.1496
64 0.1538
65 0.1470
66 0.1461
67 0.1514
68 0.1470
69 0.1523
70 0.1511
71 0.1498
72 0.1511
73 0.1508
74 0.1482
75 0.1514
76 0.1402
77 0.1520
78 0.1495
79 0.1529
80 0.1467
81 0.1501
82 0.1495
83 0.1495
84 0.1446
85 0.1539
86 0.1577
87 0.1476
88 0.1556
89 0.1531
90 0.1549
91 0.1514
92 0.1555
93 0.1527
94 0.1502
95 0.1473
96 0.1497
97 0.1473
98 0.1521
99 0.1469
100 0.1501
running train and test for 2 layers sum
1 0.2180
2 0.3311
3 0.3390
4 0.3369
5 0.3449
6 0.3444
7 0.3459
8 0.3388
9 0.3458
10 0.3480
11 0.3494
12 0.3445
13 0.3546
14 0.3381
15 0.3405
16 0.3441
17 0.3506
18 0.3469
19 0.3445
20 0.3444
21 0.3519
22 0.3475
23 0.3448
24 0.3469
25 0.3442
26 0.3455
27 0.3458
28 0.3420
29 0.3503
30 0.3442
31 0.3474
32 0.3526
33 0.3530
34 0.3482
35 0.3494
36 0.3476
37 0.3487
38 0.3486
39 0.3431
40 0.3538
41 0.3530
42 0.3526
43 0.3473
44 0.3587
45 0.3539
46 0.3554
47 0.3504
48 0.3444
49 0.3549
50 0.3567
51 0.3453
52 0.3491
53 0.3494
54 0.3557
55 0.3480
56 0.3529
57 0.3564
58 0.3554
59 0.3551
60 0.3564
61 0.3468
62 0.3505
63 0.3498
64 0.3525
65 0.3446
66 0.3587
67 0.3511
68 0.3537
69 0.3587
70 0.3539
71 0.3530
72 0.3544
73 0.3513
74 0.3530
75 0.3509
76 0.3463
77 0.3453
78 0.3522
79 0.3493
80 0.3502
81 0.3446
82 0.3431
83 0.3489
84 0.3460
85 0.3483
86 0.3500
87 0.3535
88 0.3498
89 0.3551
90 0.3479
91 0.3454
92 0.3475
93 0.3539
94 0.3471
95 0.3458
96 0.3601
97 0.3578
98 0.3584
99 0.3537
100 0.3498
running train and test for 3 layers sum
1 0.3005
2 0.4802
3 0.4939
4 0.4842
5 0.4940
6 0.4797
7 0.4807
8 0.4801
9 0.4898
10 0.4895
11 0.4884
12 0.4851
13 0.4922
14 0.4841
15 0.4838
16 0.4906
17 0.4919
18 0.4899
19 0.4938
20 0.4996
21 0.4913
22 0.5003
23 0.4952
24 0.4839
25 0.4885
26 0.4923
27 0.4869
28 0.4962
29 0.4941
30 0.4838
31 0.4860
32 0.4943
33 0.5030
34 0.4925
35 0.4970
36 0.4959
37 0.4937
38 0.4863
39 0.4990
40 0.4877
41 0.4883
42 0.4967
43 0.4921
44 0.4950
45 0.4898
46 0.4921
47 0.4969
48 0.4915
49 0.4954
50 0.4878
51 0.4922
52 0.4901
53 0.4954
54 0.4909
55 0.4977
56 0.4896
57 0.4924
58 0.4863
59 0.4912
60 0.4981
61 0.4989
62 0.4893
63 0.4922
64 0.4914
65 0.4940
66 0.4905
67 0.4941
68 0.4849
69 0.4880
70 0.4959
71 0.4943
72 0.4909
73 0.4888
74 0.4979
75 0.4941
76 0.4973
77 0.4907
78 0.4909
79 0.4907
80 0.4962
81 0.4958
82 0.4864
83 0.4981
84 0.4923
85 0.4895
86 0.4943
87 0.4900
88 0.4948
89 0.4958
90 0.4942
91 0.4937
92 0.4903
93 0.4918
94 0.5011
95 0.4977
96 0.4964
97 0.4918
98 0.4942
99 0.4961
100 0.5007
running train and test for 4 layers sum
1 0.3280
2 0.5280
3 0.5368
4 0.5435
5 0.5408
6 0.5418
7 0.5449
8 0.5524
9 0.5391
10 0.5445
11 0.5505
12 0.5506
13 0.5460
14 0.5509
15 0.5488
16 0.5473
17 0.5433
18 0.5481
19 0.5477
20 0.5495
21 0.5495
22 0.5483
23 0.5430
24 0.5417
25 0.5560
26 0.5586
27 0.5483
28 0.5531
29 0.5401
30 0.5463
31 0.5533
32 0.5504
33 0.5480
34 0.5513
35 0.5580
36 0.5483
37 0.5553
38 0.5478
39 0.5546
40 0.5519
41 0.5452
42 0.5591
43 0.5550
44 0.5469
45 0.5504
46 0.5544
47 0.5522
48 0.5476
49 0.5505
50 0.5431
51 0.5463
52 0.5436
53 0.5592
54 0.5479
55 0.5558
56 0.5470
57 0.5510
58 0.5500
59 0.5521
60 0.5385
61 0.5526
62 0.5462
63 0.5453
64 0.5526
65 0.5404
66 0.5513
67 0.5481
68 0.5502
69 0.5558
70 0.5508
71 0.5593
72 0.5498
73 0.5450
74 0.5534
75 0.5519
76 0.5524
77 0.5510
78 0.5556
79 0.5429
80 0.5535
81 0.5533
82 0.5528
83 0.5490
84 0.5441
85 0.5430
86 0.5478
87 0.5525
88 0.5553
89 0.5470
90 0.5387
91 0.5452
92 0.5539
93 0.5563
94 0.5621
95 0.5455
96 0.5494
97 0.5528
98 0.5531
99 0.5523
100 0.5456
running train and test for 5 layers sum
1 0.3113
2 0.5350
3 0.5451
4 0.5493
5 0.5542
6 0.5500
7 0.5551
8 0.5465
9 0.5500
10 0.5561
11 0.5495
12 0.5443
13 0.5532
14 0.5566
15 0.5529
16 0.5511
17 0.5483
18 0.5565
19 0.5486
20 0.5532
21 0.5588
22 0.5584
23 0.5503
24 0.5498
25 0.5551
26 0.5517
27 0.5556
28 0.5479
29 0.5511
30 0.5514
31 0.5473
32 0.5516
33 0.5602
34 0.5592
35 0.5548
36 0.5566
37 0.5550
38 0.5572
39 0.5487
40 0.5490
41 0.5476
42 0.5490
43 0.5534
44 0.5569
45 0.5504
46 0.5472
47 0.5548
48 0.5578
49 0.5546
50 0.5468
51 0.5588
52 0.5430
53 0.5436
54 0.5500
55 0.5465
56 0.5525
57 0.5484
58 0.5492
59 0.5563
60 0.5500
61 0.5504
62 0.5654
63 0.5600
64 0.5521
65 0.5571
66 0.5611
67 0.5485
68 0.5547
69 0.5516
70 0.5565
71 0.5548
72 0.5503
73 0.5525
74 0.5594
75 0.5579
76 0.5572
77 0.5493
78 0.5482
79 0.5608
80 0.5528
81 0.5561
82 0.5530
83 0.5570
84 0.5610
85 0.5499
86 0.5499
87 0.5623
88 0.5588
89 0.5613
90 0.5528
91 0.5654
92 0.5557
93 0.5548
94 0.5538
95 0.5525
96 0.5611
97 0.5609
98 0.5555
99 0.5527
100 0.5516
running train and test for 6 layers sum
1 0.2957
2 0.4691
3 0.4913
4 0.5061
5 0.5240
6 0.5204
7 0.5210
8 0.5109
9 0.5178
10 0.5186
11 0.5262
12 0.5173
13 0.5239
14 0.5284
15 0.5260
16 0.5268
17 0.5260
18 0.5296
19 0.5262
20 0.5375
21 0.5304
22 0.5343
23 0.5297
24 0.5258
25 0.5189
26 0.5285
27 0.5300
28 0.5319
29 0.5284
30 0.5283
31 0.5319
32 0.5312
33 0.5267
34 0.5223
35 0.5300
36 0.5360
37 0.5310
38 0.5362
39 0.5374
40 0.5246
41 0.5287
42 0.5391
43 0.5356
44 0.5326
45 0.5472
46 0.5328
47 0.5335
48 0.5249
49 0.5307
50 0.5286
51 0.5383
52 0.5355
53 0.5355
54 0.5386
55 0.5286
56 0.5405
57 0.5307
58 0.5364
59 0.5234
60 0.5381
61 0.5353
62 0.5356
63 0.5272
64 0.5319
65 0.5310
66 0.5332
67 0.5400
68 0.5256
69 0.5393
70 0.5407
71 0.5263
72 0.5303
73 0.5327
74 0.5392
75 0.5334
76 0.5332
77 0.5293
78 0.5275
79 0.5435
80 0.5311
81 0.5411
82 0.5283
83 0.5346
84 0.5322
85 0.5398
86 0.5337
87 0.5300
88 0.5303
89 0.5328
90 0.5386
91 0.5362
92 0.5285
93 0.5309
94 0.5344
95 0.5319
96 0.5439
97 0.5405
98 0.5330
99 0.5341
100 0.5300
running train and test for 7 layers sum
1 0.3168
2 0.4637
3 0.4784
4 0.4872
5 0.4851
6 0.4828
7 0.4972
8 0.5009
9 0.4995
10 0.4996
11 0.4985
12 0.4915
13 0.5118
14 0.4953
15 0.5049
16 0.4945
17 0.5039
18 0.4944
19 0.4928
20 0.5095
21 0.4936
22 0.5054
23 0.4940
24 0.5032
25 0.5059
26 0.5010
27 0.4971
28 0.5058
29 0.4978
30 0.5055
31 0.5040
32 0.5068
33 0.5028
34 0.5002
35 0.4981
36 0.4978
37 0.4972
38 0.5032
39 0.5023
40 0.4998
41 0.5060
42 0.4931
43 0.4986
44 0.5066
45 0.5009
46 0.4935
47 0.5165
48 0.4987
49 0.5016
50 0.5129
51 0.4989
52 0.5034
53 0.5068
54 0.5060
55 0.5041
56 0.5044
57 0.5047
58 0.5108
59 0.5029
60 0.5036
61 0.4955
62 0.5044
63 0.5095
64 0.5032
65 0.5004
66 0.4980
67 0.5061
68 0.5069
69 0.5113
70 0.5102
71 0.5004
72 0.5026
73 0.4975
74 0.5059
75 0.5032
76 0.5026
77 0.5028
78 0.4963
79 0.5054
80 0.5032
81 0.5027
82 0.4997
83 0.4987
84 0.5091
85 0.5014
86 0.5135
87 0.5020
88 0.5106
89 0.5094
90 0.5063
91 0.5126
92 0.5101
93 0.5079
94 0.5043
95 0.4999
96 0.5019
97 0.5033
98 0.5018
99 0.5002
100 0.5142
running train and test for 8 layers sum
1 0.2948
2 0.4483
3 0.4583
4 0.4634
5 0.4640
6 0.4588
7 0.4716
8 0.4686
9 0.4630
10 0.4615
11 0.4694
12 0.4646
13 0.4591
14 0.4593
15 0.4697
16 0.4646
17 0.4650
18 0.4608
19 0.4592
20 0.4654
21 0.4667
22 0.4627
23 0.4654
24 0.4703
25 0.4762
26 0.4704
27 0.4794
28 0.4651
29 0.4692
30 0.4687
31 0.4645
32 0.4628
33 0.4596
34 0.4686
35 0.4713
36 0.4735
37 0.4619
38 0.4694
39 0.4703
40 0.4748
41 0.4735
42 0.4704
43 0.4633
44 0.4615
45 0.4645
46 0.4753
47 0.4762
48 0.4705
49 0.4638
50 0.4701
51 0.4771
52 0.4668
53 0.4638
54 0.4700
55 0.4607
56 0.4661
57 0.4709
58 0.4772
59 0.4723
60 0.4568
61 0.4661
62 0.4652
63 0.4608
64 0.4743
65 0.4575
66 0.4666
67 0.4711
68 0.4684
69 0.4716
70 0.4805
71 0.4660
72 0.4734
73 0.4694
74 0.4695
75 0.4671
76 0.4742
77 0.4615
78 0.4767
79 0.4672
80 0.4724
81 0.4787
82 0.4655
83 0.4611
84 0.4706
85 0.4768
86 0.4598
87 0.4700
88 0.4703
89 0.4690
90 0.4685
91 0.4695
92 0.4759
93 0.4648
94 0.4692
95 0.4657
96 0.4689
97 0.4698
98 0.4725
99 0.4723
100 0.4672
running train and test for 9 layers sum
1 0.2652
2 0.4016
3 0.4123
4 0.4209
5 0.4221
6 0.4288
7 0.4375
8 0.4269
9 0.4276
10 0.4297
11 0.4350
12 0.4294
13 0.4294
14 0.4313
15 0.4236
16 0.4300
17 0.4257
18 0.4319
19 0.4298
20 0.4317
21 0.4326
22 0.4367
23 0.4381
24 0.4364
25 0.4356
26 0.4357
27 0.4317
28 0.4215
29 0.4343
30 0.4374
31 0.4289
32 0.4221
33 0.4357
34 0.4348
35 0.4351
36 0.4367
37 0.4394
38 0.4289
39 0.4375
40 0.4298
41 0.4389
42 0.4335
43 0.4407
44 0.4279
45 0.4328
46 0.4353
47 0.4432
48 0.4313
49 0.4304
50 0.4344
51 0.4329
52 0.4320
53 0.4301
54 0.4316
55 0.4315
56 0.4330
57 0.4346
58 0.4405
59 0.4298
60 0.4359
61 0.4314
62 0.4377
63 0.4394
64 0.4424
65 0.4257
66 0.4405
67 0.4315
68 0.4320
69 0.4302
70 0.4349
71 0.4296
72 0.4272
73 0.4322
74 0.4252
75 0.4368
76 0.4296
77 0.4381
78 0.4347
79 0.4279
80 0.4335
81 0.4264
82 0.4402
83 0.4259
84 0.4354
85 0.4345
86 0.4296
87 0.4358
88 0.4376
89 0.4357
90 0.4308
91 0.4380
92 0.4302
93 0.4305
94 0.4445
95 0.4395
96 0.4396
97 0.4402
98 0.4325
99 0.4349
100 0.4340
running train and test for 10 layers sum
1 0.2232
2 0.3555
3 0.3749
4 0.3824
5 0.3967
6 0.3927
7 0.3957
8 0.3913
9 0.4025
10 0.4049
11 0.4006
12 0.3949
13 0.4037
14 0.3973
15 0.4089
16 0.4000
17 0.4045
18 0.3984
19 0.3980
20 0.4034
21 0.4027
22 0.3959
23 0.4023
24 0.3953
25 0.4027
26 0.4057
27 0.4065
28 0.3993
29 0.3949
30 0.3982
31 0.3949
32 0.3990
33 0.4077
34 0.4019
35 0.4050
36 0.3938
37 0.4021
38 0.3945
39 0.4009
40 0.4028
41 0.4043
42 0.3945
43 0.3947
44 0.3968
45 0.3973
46 0.3981
47 0.4035
48 0.4028
49 0.3931
50 0.3987
51 0.3962
52 0.4044
53 0.3972
54 0.3989
55 0.4010
56 0.3937
57 0.3987
58 0.4033
59 0.4001
60 0.4042
61 0.4091
62 0.4049
63 0.3965
64 0.4163
65 0.4067
66 0.4014
67 0.4036
68 0.4001
69 0.4071
70 0.4056
71 0.4002
72 0.4036
73 0.4023
74 0.4010
75 0.3964
76 0.3927
77 0.4060
78 0.3954
79 0.4070
80 0.4058
81 0.4044
82 0.4031
83 0.3999
84 0.4000
85 0.3975
86 0.4101
87 0.4098
88 0.4030
89 0.4016
90 0.4055
91 0.4041
92 0.4045
93 0.4066
94 0.4027
95 0.3922
96 0.4021
97 0.4131
98 0.4052
99 0.3994
100 0.4027
running train and test for 11 layers sum
1 0.1675
2 0.2363
3 0.2481
4 0.2487
5 0.2574
6 0.2608
7 0.2563
8 0.2591
9 0.2672
10 0.2666
11 0.2620
12 0.2659
13 0.2592
14 0.2672
15 0.2697
16 0.2670
17 0.2596
18 0.2678
19 0.2634
20 0.2614
21 0.2611
22 0.2653
23 0.2654
24 0.2632
25 0.2612
26 0.2646
27 0.2645
28 0.2713
29 0.2668
30 0.2665
31 0.2717
32 0.2624
33 0.2714
34 0.2585
35 0.2653
36 0.2635
37 0.2655
38 0.2663
39 0.2597
40 0.2686
41 0.2654
42 0.2657
43 0.2655
44 0.2713
45 0.2616
46 0.2680
47 0.2612
48 0.2641
49 0.2683
50 0.2663
51 0.2667
52 0.2647
53 0.2632
54 0.2611
55 0.2723
56 0.2653
57 0.2651
58 0.2677
59 0.2649
60 0.2731
61 0.2673
62 0.2727
63 0.2655
64 0.2631
65 0.2724
66 0.2622
67 0.2714
68 0.2663
69 0.2699
70 0.2686
71 0.2719
72 0.2655
73 0.2659
74 0.2625
75 0.2653
76 0.2621
77 0.2756
78 0.2684
79 0.2704
80 0.2621
81 0.2620
82 0.2665
83 0.2654
84 0.2670
85 0.2646
86 0.2743
87 0.2644
88 0.2674
89 0.2658
90 0.2674
91 0.2686
92 0.2669
93 0.2666
94 0.2623
95 0.2748
96 0.2719
97 0.2645
98 0.2637
99 0.2623
100 0.2719
running train and test for 12 layers sum
1 0.1051
2 0.1437
3 0.1485
4 0.1524
5 0.1620
6 0.1601
7 0.1618
8 0.1640
9 0.1612
10 0.1616
11 0.1665
12 0.1647
13 0.1645
14 0.1679
15 0.1673
16 0.1656
17 0.1626
18 0.1644
19 0.1675
20 0.1621
21 0.1639
22 0.1657
23 0.1639
24 0.1669
25 0.1670
26 0.1656
27 0.1641
28 0.1650
29 0.1658
30 0.1618
31 0.1652
32 0.1692
33 0.1679
34 0.1697
35 0.1628
36 0.1660
37 0.1653
38 0.1626
39 0.1616
40 0.1722
41 0.1712
42 0.1645
43 0.1696
44 0.1699
45 0.1665
46 0.1653
47 0.1664
48 0.1706
49 0.1661
50 0.1640
51 0.1660
52 0.1676
53 0.1713
54 0.1657
55 0.1662
56 0.1719
57 0.1635
58 0.1645
59 0.1652
60 0.1671
61 0.1702
62 0.1669
63 0.1663
64 0.1655
65 0.1669
66 0.1689
67 0.1655
68 0.1617
69 0.1722
70 0.1680
71 0.1651
72 0.1636
73 0.1629
74 0.1639
75 0.1688
76 0.1610
77 0.1684
78 0.1684
79 0.1662
80 0.1706
81 0.1667
82 0.1675
83 0.1692
84 0.1641
85 0.1594
86 0.1676
87 0.1660
88 0.1663
89 0.1660
90 0.1644
91 0.1689
92 0.1699
93 0.1627
94 0.1694
95 0.1682
96 0.1690
97 0.1714
98 0.1641
99 0.1601
100 0.1677
running train and test for 13 layers sum
1 0.0448
2 0.0729
3 0.0799
4 0.0806
5 0.0846
6 0.0889
7 0.0925
8 0.0927
9 0.0926
10 0.0894
11 0.0943
12 0.0914
13 0.0966
14 0.1002
15 0.0967
16 0.0968
17 0.0951
18 0.0989
19 0.0941
20 0.0988
21 0.1004
22 0.0980
23 0.0938
24 0.0962
25 0.0981
26 0.0977
27 0.0974
28 0.0975
29 0.0968
30 0.0986
31 0.0965
32 0.0959
33 0.1003
34 0.0967
35 0.0993
36 0.0972
37 0.0986
38 0.1017
39 0.0962
40 0.0988
41 0.0973
42 0.1011
43 0.1015
44 0.0971
45 0.0977
46 0.0988
47 0.1003
48 0.1004
49 0.1010
50 0.0993
51 0.1032
52 0.0966
53 0.1044
54 0.0964
55 0.1017
56 0.1002
57 0.1051
58 0.0993
59 0.1004
60 0.1048
61 0.0986
62 0.0987
63 0.0996
64 0.1050
65 0.1024
66 0.1001
67 0.0975
68 0.1069
69 0.1024
70 0.0989
71 0.0980
72 0.0974
73 0.1040
74 0.1053
75 0.1002
76 0.1035
77 0.1024
78 0.1007
79 0.1000
80 0.0995
81 0.1044
82 0.1040
83 0.1039
84 0.1014
85 0.1005
86 0.1037
87 0.0981
88 0.0995
89 0.0986
90 0.1010
91 0.1039
92 0.1000
93 0.1007
94 0.1003
95 0.1052
96 0.1027
97 0.1039
98 0.1009
99 0.1012
100 0.1003
running train and test for 14 layers sum
1 0.0306
2 0.0414
3 0.0437
4 0.0454
5 0.0465
6 0.0484
7 0.0489
8 0.0500
9 0.0524
10 0.0505
11 0.0520
12 0.0507
13 0.0525
14 0.0505
15 0.0518
16 0.0520
17 0.0543
18 0.0527
19 0.0550
20 0.0537
21 0.0552
22 0.0542
23 0.0542
24 0.0527
25 0.0534
26 0.0555
27 0.0548
28 0.0550
29 0.0536
30 0.0544
31 0.0521
32 0.0530
33 0.0556
34 0.0557
35 0.0507
36 0.0535
37 0.0545
38 0.0537
39 0.0544
40 0.0507
41 0.0537
42 0.0556
43 0.0533
44 0.0567
45 0.0571
46 0.0547
47 0.0565
48 0.0574
49 0.0535
50 0.0539
51 0.0553
52 0.0532
53 0.0549
54 0.0546
55 0.0546
56 0.0564
57 0.0589
58 0.0548
59 0.0578
60 0.0530
61 0.0563
62 0.0568
63 0.0598
64 0.0584
65 0.0590
66 0.0570
67 0.0607
68 0.0572
69 0.0602
70 0.0604
71 0.0583
72 0.0605
73 0.0596
74 0.0589
75 0.0605
76 0.0585
77 0.0595
78 0.0585
79 0.0578
80 0.0594
81 0.0617
82 0.0594
83 0.0613
84 0.0582
85 0.0621
86 0.0605
87 0.0582
88 0.0635
89 0.0605
90 0.0605
91 0.0571
92 0.0608
93 0.0601
94 0.0600
95 0.0601
96 0.0584
97 0.0604
98 0.0590
99 0.0583
100 0.0629
running train and test for 15 layers sum
1 0.0118
2 0.0160
3 0.0163
4 0.0164
5 0.0186
6 0.0174
7 0.0184
8 0.0213
9 0.0200
10 0.0213
11 0.0225
12 0.0234
13 0.0216
14 0.0258
15 0.0239
16 0.0243
17 0.0259
18 0.0249
19 0.0257
20 0.0269
21 0.0258
22 0.0276
23 0.0292
24 0.0297
25 0.0274
26 0.0261
27 0.0282
28 0.0282
29 0.0271
30 0.0292
31 0.0291
32 0.0291
33 0.0286
34 0.0288
35 0.0282
36 0.0268
37 0.0303
38 0.0317
39 0.0318
40 0.0337
41 0.0328
42 0.0312
43 0.0344
44 0.0331
45 0.0349
46 0.0331
47 0.0341
48 0.0347
49 0.0338
50 0.0320
51 0.0329
52 0.0328
53 0.0359
54 0.0320
55 0.0338
56 0.0346
57 0.0350
58 0.0358
59 0.0330
60 0.0334
61 0.0363
62 0.0350
63 0.0334
64 0.0343
65 0.0338
66 0.0361
67 0.0364
68 0.0326
69 0.0340
70 0.0365
71 0.0351
72 0.0363
73 0.0350
74 0.0356
75 0.0356
76 0.0355
77 0.0364
78 0.0325
79 0.0369
80 0.0382
81 0.0350
82 0.0360
83 0.0357
84 0.0359
85 0.0397
86 0.0357
87 0.0363
88 0.0337
89 0.0378
90 0.0334
91 0.0355
92 0.0375
93 0.0356
94 0.0358
95 0.0389
96 0.0327
97 0.0351
98 0.0329
99 0.0356
100 0.0355
running train and test for 16 layers sum
1 0.0029
2 0.0050
3 0.0051
4 0.0061
5 0.0068
6 0.0081
7 0.0086
8 0.0089
9 0.0099
10 0.0106
11 0.0114
12 0.0127
13 0.0122
14 0.0134
15 0.0167
16 0.0172
17 0.0182
18 0.0196
19 0.0190
20 0.0219
21 0.0210
22 0.0204
23 0.0223
24 0.0223
25 0.0227
26 0.0219
27 0.0217
28 0.0200
29 0.0222
30 0.0221
31 0.0216
32 0.0234
33 0.0202
34 0.0222
35 0.0235
36 0.0225
37 0.0223
38 0.0225
39 0.0222
40 0.0250
41 0.0242
42 0.0229
43 0.0238
44 0.0238
45 0.0236
46 0.0205
47 0.0252
48 0.0240
49 0.0205
50 0.0259
51 0.0203
52 0.0240
53 0.0223
54 0.0248
55 0.0231
56 0.0237
57 0.0258
58 0.0207
59 0.0225
60 0.0255
61 0.0228
62 0.0224
63 0.0208
64 0.0251
65 0.0226
66 0.0228
67 0.0268
68 0.0246
69 0.0243
70 0.0255
71 0.0241
72 0.0234
73 0.0245
74 0.0263
75 0.0226
76 0.0231
77 0.0231
78 0.0217
79 0.0243
80 0.0263
81 0.0237
82 0.0246
83 0.0230
84 0.0264
85 0.0240
86 0.0235
87 0.0244
88 0.0250
89 0.0225
90 0.0244
91 0.0248
92 0.0244
93 0.0232
94 0.0270
95 0.0247
96 0.0262
97 0.0256
98 0.0221
99 0.0249
100 0.0216
running train and test for 17 layers sum
1 0.0001
2 0.0008
3 0.0008
4 0.0019
5 0.0012
6 0.0015
7 0.0018
8 0.0025
9 0.0025
10 0.0023
11 0.0028
12 0.0024
13 0.0031
14 0.0037
15 0.0047
16 0.0052
17 0.0060
18 0.0066
19 0.0081
20 0.0097
21 0.0107
22 0.0129
23 0.0125
24 0.0133
25 0.0132
26 0.0139
27 0.0156
28 0.0147
29 0.0174
30 0.0171
31 0.0166
32 0.0159
33 0.0185
34 0.0172
35 0.0193
36 0.0166
37 0.0167
38 0.0160
39 0.0163
40 0.0163
41 0.0185
42 0.0183
43 0.0193
44 0.0164
45 0.0169
46 0.0174
47 0.0167
48 0.0152
49 0.0190
50 0.0196
51 0.0160
52 0.0178
53 0.0188
54 0.0188
55 0.0202
56 0.0172
57 0.0178
58 0.0197
59 0.0185
60 0.0178
61 0.0159
62 0.0183
63 0.0197
64 0.0203
65 0.0163
66 0.0200
67 0.0192
68 0.0225
69 0.0199
70 0.0199
71 0.0181
72 0.0189
73 0.0211
74 0.0192
75 0.0187
76 0.0175
77 0.0191
78 0.0194
79 0.0185
80 0.0180
81 0.0189
82 0.0178
83 0.0189
84 0.0186
85 0.0194
86 0.0195
87 0.0197
88 0.0200
89 0.0196
90 0.0211
91 0.0203
92 0.0188
93 0.0202
94 0.0193
95 0.0180
96 0.0190
97 0.0195
98 0.0184
99 0.0198
100 0.0175
running train and test for 18 layers sum
1 -0.0002
2 -0.0001
3 -0.0001
4 -0.0000
5 -0.0000
6 -0.0000
7 -0.0000
8 -0.0000
9 -0.0000
10 -0.0000
11 -0.0000
12 -0.0000
13 -0.0000
14 -0.0000
15 -0.0000
16 -0.0000
17 -0.0000
18 -0.0000
19 -0.0000
20 -0.0000
21 -0.0000
22 -0.0000
23 -0.0000
24 -0.0000
25 -0.0000
26 -0.0000
27 -0.0000
28 -0.0000
29 -0.0000
30 -0.0000
31 -0.0000
32 -0.0000
33 -0.0000
34 -0.0000
35 -0.0000
36 -0.0000
37 -0.0000
38 -0.0000
39 -0.0000
40 -0.0000
41 -0.0000
42 -0.0000
43 -0.0000
44 -0.0000
45 -0.0000
46 -0.0000
47 -0.0000
48 -0.0000
49 -0.0000
50 -0.0000
51 -0.0000
52 -0.0000
53 -0.0000
54 -0.0000
55 -0.0000
56 -0.0000
57 -0.0000
58 -0.0000
59 -0.0000
60 -0.0000
61 -0.0000
62 -0.0000
63 -0.0000
64 -0.0000
65 -0.0000
66 -0.0000
67 -0.0000
68 -0.0000
69 -0.0000
70 -0.0000
71 -0.0000
72 -0.0000
73 -0.0000
74 -0.0000
75 -0.0000
76 -0.0000
77 -0.0000
78 -0.0000
79 -0.0000
80 -0.0000
81 -0.0000
82 0.0000
83 0.0000
84 -0.0000
85 -0.0000
86 -0.0000
87 -0.0000
88 -0.0000
89 -0.0000
90 -0.0000
91 -0.0000
92 -0.0000
93 -0.0000
94 -0.0000
95 -0.0000
96 -0.0000
97 -0.0000
98 -0.0000
99 -0.0000
100 -0.0000
running train and test for 19 layers sum
1 -0.0002
2 -0.0001
3 -0.0001
4 -0.0001
5 -0.0001
6 -0.0000
7 -0.0000
8 -0.0000
9 -0.0000
10 -0.0000
11 -0.0000
12 -0.0000
13 -0.0000
14 -0.0000
15 -0.0000
16 -0.0000
17 -0.0000
18 -0.0000
19 -0.0000
20 -0.0000
21 -0.0000
22 -0.0000
23 -0.0000
24 -0.0000
25 -0.0000
26 -0.0000
27 -0.0000
28 -0.0000
29 -0.0000
30 -0.0000
31 -0.0000
32 -0.0000
33 -0.0000
34 -0.0000
35 -0.0000
36 -0.0000
37 -0.0000
38 -0.0000
39 -0.0000
40 -0.0000
41 -0.0000
42 -0.0000
43 -0.0000
44 -0.0000
45 -0.0000
46 -0.0000
47 -0.0000
48 -0.0000
49 -0.0000
50 -0.0000
51 -0.0000
52 -0.0000
53 -0.0000
54 -0.0000
55 -0.0000
56 -0.0000
57 -0.0000
58 -0.0000
59 -0.0000
60 -0.0000
61 -0.0000
62 -0.0000
63 -0.0000
64 -0.0000
65 -0.0000
66 -0.0000
67 -0.0000
68 -0.0000
69 -0.0000
70 -0.0000
71 -0.0000
72 -0.0000
73 -0.0000
74 -0.0000
75 -0.0000
76 -0.0000
77 -0.0000
78 -0.0000
79 -0.0000
80 -0.0000
81 -0.0000
82 -0.0000
83 -0.0000
84 -0.0000
85 -0.0000
86 -0.0000
87 -0.0000
88 -0.0000
89 -0.0000
90 -0.0000
91 -0.0000
92 -0.0000
93 -0.0000
94 -0.0000
95 -0.0000
96 -0.0000
97 -0.0000
98 -0.0000
99 -0.0000
100 -0.0000
running train and test for 20 layers sum
1 -0.0001
2 0.0010
3 0.0012
4 0.0030
5 0.0043
6 0.0075
7 0.0097
8 0.0100
9 0.0128
10 0.0158
11 0.0137
12 0.0142
13 0.0153
14 0.0184
15 0.0165
16 0.0165
17 0.0187
18 0.0198
19 0.0165
20 0.0184
21 0.0164
22 0.0177
23 0.0205
24 0.0192
25 0.0210
26 0.0202
27 0.0193
28 0.0204
29 0.0207
30 0.0196
31 0.0217
32 0.0208
33 0.0214
34 0.0209
35 0.0224
36 0.0207
37 0.0222
38 0.0211
39 0.0226
40 0.0230
41 0.0206
42 0.0229
43 0.0198
44 0.0220
45 0.0235
46 0.0219
47 0.0199
48 0.0223
49 0.0199
50 0.0229
51 0.0216
52 0.0232
53 0.0228
54 0.0233
55 0.0225
56 0.0220
57 0.0218
58 0.0221
59 0.0218
60 0.0216
61 0.0228
62 0.0205
63 0.0219
64 0.0224
65 0.0237
66 0.0202
67 0.0219
68 0.0225
69 0.0220
70 0.0218
71 0.0210
72 0.0239
73 0.0222
74 0.0211
75 0.0223
76 0.0214
77 0.0211
78 0.0236
79 0.0211
80 0.0220
81 0.0229
82 0.0211
83 0.0230
84 0.0236
85 0.0207
86 0.0244
87 0.0223
88 0.0207
89 0.0205
90 0.0212
91 0.0231
92 0.0200
93 0.0216
94 0.0216
95 0.0230
96 0.0229
97 0.0220
98 0.0216
99 0.0228
100 0.0225
running train and test for 21 layers sum
1 0.0007
2 0.0027
3 0.0048
4 0.0080
5 0.0119
6 0.0132
7 0.0195
8 0.0191
9 0.0219
10 0.0217
11 0.0220
12 0.0210
13 0.0212
14 0.0252
15 0.0208
16 0.0240
17 0.0251
18 0.0249
19 0.0218
20 0.0214
21 0.0239
22 0.0222
23 0.0225
24 0.0241
25 0.0238
26 0.0231
27 0.0250
28 0.0237
29 0.0236
30 0.0233
31 0.0262
32 0.0245
33 0.0250
34 0.0236
35 0.0257
36 0.0234
37 0.0248
38 0.0230
39 0.0235
40 0.0245
41 0.0250
42 0.0251
43 0.0234
44 0.0219
45 0.0231
46 0.0258
47 0.0239
48 0.0241
49 0.0261
50 0.0246
51 0.0213
52 0.0235
53 0.0248
54 0.0262
55 0.0221
56 0.0248
57 0.0248
58 0.0241
59 0.0247
60 0.0228
61 0.0217
62 0.0239
63 0.0260
64 0.0247
65 0.0245
66 0.0227
67 0.0268
68 0.0245
69 0.0263
70 0.0249
71 0.0254
72 0.0259
73 0.0240
74 0.0234
75 0.0250
76 0.0242
77 0.0232
78 0.0266
79 0.0247
80 0.0254
81 0.0258
82 0.0254
83 0.0256
84 0.0273
85 0.0247
86 0.0268
87 0.0240
88 0.0232
89 0.0245
90 0.0246
91 0.0266
92 0.0240
93 0.0267
94 0.0252
95 0.0262
96 0.0246
97 0.0254
98 0.0234
99 0.0255
100 0.0248
running train and test for 22 layers sum
1 0.0015
2 0.0037
3 0.0077
4 0.0120
5 0.0118
6 0.0171
7 0.0187
8 0.0213
9 0.0206
10 0.0205
11 0.0215
12 0.0214
13 0.0234
14 0.0238
15 0.0204
16 0.0223
17 0.0239
18 0.0218
19 0.0249
20 0.0225
21 0.0242
22 0.0247
23 0.0250
24 0.0255
25 0.0248
26 0.0271
27 0.0254
28 0.0255
29 0.0267
30 0.0270
31 0.0259
32 0.0232
33 0.0262
34 0.0258
35 0.0231
36 0.0254
37 0.0249
38 0.0257
39 0.0266
40 0.0268
41 0.0251
42 0.0268
43 0.0248
44 0.0253
45 0.0243
46 0.0243
47 0.0271
48 0.0278
49 0.0272
50 0.0242
51 0.0241
52 0.0242
53 0.0254
54 0.0269
55 0.0254
56 0.0249
57 0.0247
58 0.0267
59 0.0273
60 0.0251
61 0.0240
62 0.0269
63 0.0273
64 0.0285
65 0.0271
66 0.0244
67 0.0256
68 0.0257
69 0.0260
70 0.0261
71 0.0274
72 0.0270
73 0.0250
74 0.0290
75 0.0272
76 0.0282
77 0.0280
78 0.0277
79 0.0284
80 0.0245
81 0.0257
82 0.0259
83 0.0259
84 0.0270
85 0.0258
86 0.0277
87 0.0269
88 0.0269
89 0.0281
90 0.0273
91 0.0260
92 0.0279
93 0.0266
94 0.0282
95 0.0273
96 0.0293
97 0.0246
98 0.0266
99 0.0244
100 0.0275
running train and test for 23 layers sum
1 0.0007
2 0.0036
3 0.0100
4 0.0151
5 0.0210
6 0.0243
7 0.0255
8 0.0275
9 0.0259
10 0.0260
11 0.0284
12 0.0287
13 0.0251
14 0.0294
15 0.0297
16 0.0291
17 0.0283
18 0.0289
19 0.0281
20 0.0297
21 0.0280
22 0.0296
23 0.0283
24 0.0266
25 0.0305
26 0.0304
27 0.0305
28 0.0285
29 0.0316
30 0.0281
31 0.0304
32 0.0293
33 0.0296
34 0.0287
35 0.0333
36 0.0298
37 0.0297
38 0.0293
39 0.0308
40 0.0290
41 0.0310
42 0.0297
43 0.0315
44 0.0305
45 0.0302
46 0.0303
47 0.0310
48 0.0302
49 0.0295
50 0.0321
51 0.0288
52 0.0308
53 0.0295
54 0.0307
55 0.0305
56 0.0310
57 0.0318
58 0.0279
59 0.0310
60 0.0299
61 0.0283
62 0.0307
63 0.0299
64 0.0279
65 0.0300
66 0.0302
67 0.0316
68 0.0306
69 0.0290
70 0.0275
71 0.0309
72 0.0288
73 0.0309
74 0.0311
75 0.0285
76 0.0287
77 0.0297
78 0.0296
79 0.0302
80 0.0309
81 0.0304
82 0.0311
83 0.0314
84 0.0315
85 0.0308
86 0.0295
87 0.0305
88 0.0279
89 0.0292
90 0.0304
91 0.0302
92 0.0298
93 0.0300
94 0.0298
95 0.0300
96 0.0304
97 0.0315
98 0.0296
99 0.0292
100 0.0294
running train and test for 24 layers sum
1 0.0023
2 0.0078
3 0.0122
4 0.0182
5 0.0227
6 0.0265
7 0.0250
8 0.0271
9 0.0281
10 0.0280
11 0.0303
12 0.0317
13 0.0314
14 0.0290
15 0.0309
16 0.0313
17 0.0295
18 0.0306
19 0.0299
20 0.0321
21 0.0306
22 0.0294
23 0.0315
24 0.0314
25 0.0322
26 0.0290
27 0.0302
28 0.0309
29 0.0300
30 0.0337
31 0.0308
32 0.0303
33 0.0314
34 0.0310
35 0.0312
36 0.0285
37 0.0311
38 0.0322
39 0.0323
40 0.0318
41 0.0311
42 0.0325
43 0.0315
44 0.0341
45 0.0320
46 0.0335
47 0.0308
48 0.0320
49 0.0322
50 0.0316
51 0.0305
52 0.0303
53 0.0316
54 0.0305
55 0.0320
56 0.0330
57 0.0343
58 0.0305
59 0.0328
60 0.0297
61 0.0310
62 0.0318
63 0.0316
64 0.0301
65 0.0317
66 0.0319
67 0.0310
68 0.0314
69 0.0339
70 0.0313
71 0.0320
72 0.0307
73 0.0320
74 0.0291
75 0.0311
76 0.0321
77 0.0331
78 0.0330
79 0.0335
80 0.0301
81 0.0309
82 0.0320
83 0.0321
84 0.0309
85 0.0332
86 0.0327
87 0.0315
88 0.0324
89 0.0310
90 0.0318
91 0.0321
92 0.0315
93 0.0322
94 0.0334
95 0.0326
96 0.0335
97 0.0322
98 0.0319
99 0.0314
100 0.0338
running train and test for 25 layers sum
1 0.0042
2 0.0105
3 0.0149
4 0.0200
5 0.0236
6 0.0272
7 0.0259
8 0.0282
9 0.0295
10 0.0293
11 0.0292
12 0.0284
13 0.0306
14 0.0290
15 0.0294
16 0.0323
17 0.0289
18 0.0274
19 0.0293
20 0.0282
21 0.0296
22 0.0310
23 0.0293
24 0.0282
25 0.0305
26 0.0299
27 0.0335
28 0.0276
29 0.0318
30 0.0288
31 0.0311
32 0.0329
33 0.0308
34 0.0299
35 0.0323
36 0.0300
37 0.0336
38 0.0296
39 0.0310
40 0.0354
41 0.0308
42 0.0323
43 0.0324
44 0.0308
45 0.0345
46 0.0299
47 0.0335
48 0.0321
49 0.0325
50 0.0315
51 0.0312
52 0.0313
53 0.0341
54 0.0315
55 0.0322
56 0.0335
57 0.0322
58 0.0317
59 0.0341
60 0.0329
61 0.0330
62 0.0319
63 0.0347
64 0.0339
65 0.0320
66 0.0314
67 0.0317
68 0.0303
69 0.0328
70 0.0336
71 0.0326
72 0.0306
73 0.0322
74 0.0331
75 0.0344
76 0.0314
77 0.0333
78 0.0305
79 0.0327
80 0.0331
81 0.0332
82 0.0336
83 0.0334
84 0.0331
85 0.0328
86 0.0321
87 0.0305
88 0.0342
89 0.0311
90 0.0331
91 0.0321
92 0.0314
93 0.0326
94 0.0296
95 0.0328
96 0.0330
97 0.0345
98 0.0341
99 0.0378
100 0.0321
running train and test for 26 layers sum
1 0.0025
2 0.0068
3 0.0069
4 0.0082
5 0.0135
6 0.0166
7 0.0189
8 0.0208
9 0.0249
10 0.0224
11 0.0236
12 0.0276
13 0.0231
14 0.0265
15 0.0269
16 0.0284
17 0.0255
18 0.0281
19 0.0301
20 0.0271
21 0.0288
22 0.0271
23 0.0282
24 0.0291
25 0.0313
26 0.0303
27 0.0311
28 0.0335
29 0.0325
30 0.0318
31 0.0313
32 0.0312
33 0.0326
34 0.0323
35 0.0314
36 0.0343
37 0.0315
38 0.0340
39 0.0318
40 0.0311
41 0.0325
42 0.0337
43 0.0354
44 0.0323
45 0.0322
46 0.0335
47 0.0316
48 0.0328
49 0.0343
50 0.0330
51 0.0328
52 0.0343
53 0.0332
54 0.0333
55 0.0329
56 0.0346
57 0.0330
58 0.0311
59 0.0344
60 0.0344
61 0.0326
62 0.0362
63 0.0321
64 0.0347
65 0.0335
66 0.0327
67 0.0338
68 0.0321
69 0.0363
70 0.0337
71 0.0333
72 0.0346
73 0.0326
74 0.0321
75 0.0328
76 0.0339
77 0.0329
78 0.0337
79 0.0319
80 0.0330
81 0.0296
82 0.0346
83 0.0353
84 0.0331
85 0.0347
86 0.0340
87 0.0319
88 0.0358
89 0.0327
90 0.0356
91 0.0330
92 0.0338
93 0.0312
94 0.0361
95 0.0348
96 0.0359
97 0.0316
98 0.0328
99 0.0342
100 0.0345
running train and test for 27 layers sum
1 0.0028
2 0.0075
3 0.0110
4 0.0146
5 0.0193
6 0.0215
7 0.0233
8 0.0240
9 0.0254
10 0.0293
11 0.0296
12 0.0286
13 0.0308
14 0.0293
15 0.0320
16 0.0315
17 0.0321
18 0.0313
19 0.0340
20 0.0294
21 0.0304
22 0.0325
23 0.0319
24 0.0322
25 0.0324
26 0.0304
27 0.0322
28 0.0333
29 0.0325
30 0.0325
31 0.0334
32 0.0337
33 0.0326
34 0.0333
35 0.0332
36 0.0316
37 0.0327
38 0.0335
39 0.0329
40 0.0320
41 0.0338
42 0.0335
43 0.0345
44 0.0314
45 0.0328
46 0.0334
47 0.0340
48 0.0325
49 0.0345
50 0.0340
51 0.0329
52 0.0340
53 0.0333
54 0.0322
55 0.0324
56 0.0317
57 0.0337
58 0.0322
59 0.0332
60 0.0349
61 0.0363
62 0.0333
63 0.0342
64 0.0337
65 0.0332
66 0.0340
67 0.0310
68 0.0334
69 0.0351
70 0.0330
71 0.0347
72 0.0325
73 0.0360
74 0.0367
75 0.0325
76 0.0335
77 0.0364
78 0.0319
79 0.0349
80 0.0321
81 0.0366
82 0.0365
83 0.0349
84 0.0344
85 0.0361
86 0.0349
87 0.0332
88 0.0341
89 0.0332
90 0.0342
91 0.0334
92 0.0350
93 0.0332
94 0.0357
95 0.0359
96 0.0332
97 0.0349
98 0.0345
99 0.0349
100 0.0366
running train and test for 28 layers sum
1 0.0050
2 0.0118
3 0.0157
4 0.0215
5 0.0259
6 0.0268
7 0.0301
8 0.0327
9 0.0305
10 0.0299
11 0.0290
12 0.0335
13 0.0328
14 0.0305
15 0.0304
16 0.0302
17 0.0341
18 0.0317
19 0.0314
20 0.0296
21 0.0327
22 0.0329
23 0.0334
24 0.0338
25 0.0321
26 0.0345
27 0.0340
28 0.0327
29 0.0321
30 0.0315
31 0.0344
32 0.0339
33 0.0352
34 0.0330
35 0.0334
36 0.0337
37 0.0329
38 0.0330
39 0.0316
40 0.0338
41 0.0317
42 0.0329
43 0.0322
44 0.0308
45 0.0336
46 0.0339
47 0.0380
48 0.0342
49 0.0338
50 0.0345
51 0.0334
52 0.0331
53 0.0337
54 0.0348
55 0.0367
56 0.0313
57 0.0345
58 0.0370
59 0.0332
60 0.0337
61 0.0347
62 0.0348
63 0.0348
64 0.0311
65 0.0359
66 0.0337
67 0.0354
68 0.0343
69 0.0358
70 0.0343
71 0.0349
72 0.0339
73 0.0351
74 0.0357
75 0.0354
76 0.0343
77 0.0340
78 0.0376
79 0.0332
80 0.0364
81 0.0363
82 0.0354
83 0.0363
84 0.0361
85 0.0344
86 0.0339
87 0.0362
88 0.0349
89 0.0349
90 0.0344
91 0.0357
92 0.0357
93 0.0334
94 0.0366
95 0.0347
96 0.0357
97 0.0342
98 0.0339
99 0.0365
100 0.0360
running train and test for 29 layers sum
1 0.0041
2 0.0076
3 0.0123
4 0.0178
5 0.0218
6 0.0252
7 0.0273
8 0.0302
9 0.0277
10 0.0302
11 0.0297
12 0.0305
13 0.0275
14 0.0313
15 0.0312
16 0.0318
17 0.0287
18 0.0340
19 0.0309
20 0.0358
21 0.0337
22 0.0346
23 0.0356
24 0.0332
25 0.0312
26 0.0365
27 0.0351
28 0.0333
29 0.0350
30 0.0325
31 0.0347
32 0.0360
33 0.0365
34 0.0366
35 0.0352
36 0.0374
37 0.0344
38 0.0356
39 0.0341
40 0.0364
41 0.0351
42 0.0350
43 0.0365
44 0.0342
45 0.0327
46 0.0333
47 0.0374
48 0.0362
49 0.0358
50 0.0322
51 0.0325
52 0.0351
53 0.0336
54 0.0349
55 0.0351
56 0.0369
57 0.0354
58 0.0366
59 0.0351
60 0.0345
61 0.0372
62 0.0355
63 0.0377
64 0.0340
65 0.0328
66 0.0339
67 0.0342
68 0.0375
69 0.0361
70 0.0344
71 0.0354
72 0.0340
73 0.0358
74 0.0340
75 0.0332
76 0.0357
77 0.0373
78 0.0338
79 0.0359
80 0.0367
81 0.0349
82 0.0364
83 0.0337
84 0.0352
85 0.0343
86 0.0322
87 0.0330
88 0.0373
89 0.0345
90 0.0351
91 0.0345
92 0.0344
93 0.0360
94 0.0357
95 0.0347
96 0.0344
97 0.0334
98 0.0389
99 0.0343
100 0.0345
running train and test for 30 layers sum
1 0.0047
2 0.0118
3 0.0205
4 0.0250
5 0.0285
6 0.0300
7 0.0311
8 0.0305
9 0.0319
10 0.0322
11 0.0302
12 0.0330
13 0.0356
14 0.0307
15 0.0353
16 0.0335
17 0.0333
18 0.0346
19 0.0326
20 0.0334
21 0.0367
22 0.0342
23 0.0337
24 0.0357
25 0.0356
26 0.0347
27 0.0316
28 0.0344
29 0.0348
30 0.0344
31 0.0328
32 0.0354
33 0.0363
34 0.0320
35 0.0358
36 0.0349
37 0.0329
38 0.0372
39 0.0339
40 0.0341
41 0.0361
42 0.0384
43 0.0360
44 0.0353
45 0.0371
46 0.0350
47 0.0364
48 0.0341
49 0.0357
50 0.0329
51 0.0342
52 0.0332
53 0.0376
54 0.0380
55 0.0375
56 0.0359
57 0.0357
58 0.0339
59 0.0347
60 0.0369
61 0.0371
62 0.0365
63 0.0363
64 0.0336
65 0.0361
66 0.0350
67 0.0345
68 0.0351
69 0.0338
70 0.0349
71 0.0359
72 0.0338
73 0.0350
74 0.0358
75 0.0358
76 0.0359
77 0.0380
78 0.0377
79 0.0348
80 0.0371
81 0.0346
82 0.0349
83 0.0342
84 0.0342
85 0.0367
86 0.0365
87 0.0349
88 0.0352
89 0.0371
90 0.0323
91 0.0337
92 0.0368
93 0.0371
94 0.0329
95 0.0344
96 0.0352
97 0.0352
98 0.0360
99 0.0350
100 0.0366
saving results to results/results_pid_sum_20240313.pkl
